1598630643884	mozrunner::runner	INFO	Running command: "C:\\Program Files\\Mozilla Firefox\\firefox.exe" "-marionette" "-foreground" "-no-remote" "-profile" "C:\\Users\\diego\\AppData\\Local\\Temp\\rust_mozprofileTWIkhi"
JavaScript error: resource://gre/modules/XULStore.jsm, line 66: Error: Can't find profile directory.
console.error: SearchCache: "_readCacheFile: Error reading cache file:" (new Error("", "(unknown module)"))
1598630651204	Marionette	INFO	Listening on port 55176
1598630651544	Marionette	WARN	TLS certificate errors will be ignored for this session
1598630689684	Marionette	INFO	Stopped listening on port 55176

###!!! [Child][RunMessage] Error: Channel closing: too late to send/recv, messages will be lost


###!!! [Child][MessageChannel::SendAndWait] Error: Channel error: cannot send/recv

1598630763283	mozrunner::runner	INFO	Running command: "C:\\Program Files\\Mozilla Firefox\\firefox.exe" "-marionette" "-foreground" "-no-remote" "-profile" "C:\\Users\\diego\\AppData\\Local\\Temp\\rust_mozprofileNZZ2p9"
JavaScript error: resource://gre/modules/XULStore.jsm, line 66: Error: Can't find profile directory.
console.error: SearchCache: "_readCacheFile: Error reading cache file:" (new Error("", "(unknown module)"))
1598630769523	Marionette	INFO	Listening on port 55308
1598630769794	Marionette	WARN	TLS certificate errors will be ignored for this session
JavaScript error: http://pctel3.duckdns.org:40080/ScriptResource.axd?d=tezwe4yVLvov9ShS4hUEzpLRt4SwCZErcEgAvsyExf_pqOe_nvs5Z-mYK-Zuzpc27ZbJT7CRp-G-CWUblN7VbiFIyjWICDB8I0HPufqNqYjK9_ykMBBlBIGHRJrZ4HBIwy_ZCT0uNtF9dom6DPe6ZN4AV4Pwha0TEcG2Qq1jS0k1&t=f2cd5c5, line 103: TypeError: this._popupElement is null
JavaScript error: http://pctel3.duckdns.org:40080/ScriptResource.axd?d=tezwe4yVLvov9ShS4hUEzpLRt4SwCZErcEgAvsyExf_pqOe_nvs5Z-mYK-Zuzpc27ZbJT7CRp-G-CWUblN7VbiFIyjWICDB8I0HPufqNqYjK9_ykMBBlBIGHRJrZ4HBIwy_ZCT0uNtF9dom6DPe6ZN4AV4Pwha0TEcG2Qq1jS0k1&t=f2cd5c5, line 103: TypeError: this._popupElement is null
JavaScript error: http://pctel3.duckdns.org:40080/ScriptResource.axd?d=tezwe4yVLvov9ShS4hUEzpLRt4SwCZErcEgAvsyExf_pqOe_nvs5Z-mYK-Zuzpc27ZbJT7CRp-G-CWUblN7VbiFIyjWICDB8I0HPufqNqYjK9_ykMBBlBIGHRJrZ4HBIwy_ZCT0uNtF9dom6DPe6ZN4AV4Pwha0TEcG2Qq1jS0k1&t=f2cd5c5, line 103: TypeError: this._popupElement is null
JavaScript error: http://pctel3.duckdns.org:40080/ScriptResource.axd?d=tezwe4yVLvov9ShS4hUEzpLRt4SwCZErcEgAvsyExf_pqOe_nvs5Z-mYK-Zuzpc27ZbJT7CRp-G-CWUblN7VbiFIyjWICDB8I0HPufqNqYjK9_ykMBBlBIGHRJrZ4HBIwy_ZCT0uNtF9dom6DPe6ZN4AV4Pwha0TEcG2Qq1jS0k1&t=f2cd5c5, line 103: TypeError: this._popupElement is null
JavaScript error: http://pctel3.duckdns.org:40080/ScriptResource.axd?d=tezwe4yVLvov9ShS4hUEzpLRt4SwCZErcEgAvsyExf_pqOe_nvs5Z-mYK-Zuzpc27ZbJT7CRp-G-CWUblN7VbiFIyjWICDB8I0HPufqNqYjK9_ykMBBlBIGHRJrZ4HBIwy_ZCT0uNtF9dom6DPe6ZN4AV4Pwha0TEcG2Qq1jS0k1&t=f2cd5c5, line 103: TypeError: this._popupElement is null
JavaScript error: http://pctel3.duckdns.org:40080/ScriptResource.axd?d=tezwe4yVLvov9ShS4hUEzpLRt4SwCZErcEgAvsyExf_pqOe_nvs5Z-mYK-Zuzpc27ZbJT7CRp-G-CWUblN7VbiFIyjWICDB8I0HPufqNqYjK9_ykMBBlBIGHRJrZ4HBIwy_ZCT0uNtF9dom6DPe6ZN4AV4Pwha0TEcG2Qq1jS0k1&t=f2cd5c5, line 103: TypeError: this._popupElement is null
JavaScript error: http://pctel3.duckdns.org:40080/ScriptResource.axd?d=tezwe4yVLvov9ShS4hUEzpLRt4SwCZErcEgAvsyExf_pqOe_nvs5Z-mYK-Zuzpc27ZbJT7CRp-G-CWUblN7VbiFIyjWICDB8I0HPufqNqYjK9_ykMBBlBIGHRJrZ4HBIwy_ZCT0uNtF9dom6DPe6ZN4AV4Pwha0TEcG2Qq1jS0k1&t=f2cd5c5, line 103: TypeError: this._popupElement is null
JavaScript error: http://pctel3.duckdns.org:40080/ScriptResource.axd?d=tezwe4yVLvov9ShS4hUEzpLRt4SwCZErcEgAvsyExf_pqOe_nvs5Z-mYK-Zuzpc27ZbJT7CRp-G-CWUblN7VbiFIyjWICDB8I0HPufqNqYjK9_ykMBBlBIGHRJrZ4HBIwy_ZCT0uNtF9dom6DPe6ZN4AV4Pwha0TEcG2Qq1jS0k1&t=f2cd5c5, line 103: TypeError: this._popupElement is null
JavaScript error: http://pctel3.duckdns.org:40080/ScriptResource.axd?d=tezwe4yVLvov9ShS4hUEzpLRt4SwCZErcEgAvsyExf_pqOe_nvs5Z-mYK-Zuzpc27ZbJT7CRp-G-CWUblN7VbiFIyjWICDB8I0HPufqNqYjK9_ykMBBlBIGHRJrZ4HBIwy_ZCT0uNtF9dom6DPe6ZN4AV4Pwha0TEcG2Qq1jS0k1&t=f2cd5c5, line 103: TypeError: this._popupElement is null
JavaScript error: http://pctel3.duckdns.org:40080/ScriptResource.axd?d=tezwe4yVLvov9ShS4hUEzpLRt4SwCZErcEgAvsyExf_pqOe_nvs5Z-mYK-Zuzpc27ZbJT7CRp-G-CWUblN7VbiFIyjWICDB8I0HPufqNqYjK9_ykMBBlBIGHRJrZ4HBIwy_ZCT0uNtF9dom6DPe6ZN4AV4Pwha0TEcG2Qq1jS0k1&t=f2cd5c5, line 103: TypeError: this._popupElement is null
JavaScript error: http://pctel3.duckdns.org:40080/ScriptResource.axd?d=tezwe4yVLvov9ShS4hUEzpLRt4SwCZErcEgAvsyExf_pqOe_nvs5Z-mYK-Zuzpc27ZbJT7CRp-G-CWUblN7VbiFIyjWICDB8I0HPufqNqYjK9_ykMBBlBIGHRJrZ4HBIwy_ZCT0uNtF9dom6DPe6ZN4AV4Pwha0TEcG2Qq1jS0k1&t=f2cd5c5, line 103: TypeError: this._popupElement is null
JavaScript error: http://pctel3.duckdns.org:40080/ScriptResource.axd?d=tezwe4yVLvov9ShS4hUEzpLRt4SwCZErcEgAvsyExf_pqOe_nvs5Z-mYK-Zuzpc27ZbJT7CRp-G-CWUblN7VbiFIyjWICDB8I0HPufqNqYjK9_ykMBBlBIGHRJrZ4HBIwy_ZCT0uNtF9dom6DPe6ZN4AV4Pwha0TEcG2Qq1jS0k1&t=f2cd5c5, line 103: TypeError: this._popupElement is null
JavaScript error: http://pctel3.duckdns.org:40080/ScriptResource.axd?d=tezwe4yVLvov9ShS4hUEzpLRt4SwCZErcEgAvsyExf_pqOe_nvs5Z-mYK-Zuzpc27ZbJT7CRp-G-CWUblN7VbiFIyjWICDB8I0HPufqNqYjK9_ykMBBlBIGHRJrZ4HBIwy_ZCT0uNtF9dom6DPe6ZN4AV4Pwha0TEcG2Qq1jS0k1&t=f2cd5c5, line 103: TypeError: this._popupElement is null
JavaScript error: http://pctel3.duckdns.org:40080/ScriptResource.axd?d=tezwe4yVLvov9ShS4hUEzpLRt4SwCZErcEgAvsyExf_pqOe_nvs5Z-mYK-Zuzpc27ZbJT7CRp-G-CWUblN7VbiFIyjWICDB8I0HPufqNqYjK9_ykMBBlBIGHRJrZ4HBIwy_ZCT0uNtF9dom6DPe6ZN4AV4Pwha0TEcG2Qq1jS0k1&t=f2cd5c5, line 103: TypeError: this._popupElement is null
JavaScript error: http://pctel3.duckdns.org:40080/ScriptResource.axd?d=tezwe4yVLvov9ShS4hUEzpLRt4SwCZErcEgAvsyExf_pqOe_nvs5Z-mYK-Zuzpc27ZbJT7CRp-G-CWUblN7VbiFIyjWICDB8I0HPufqNqYjK9_ykMBBlBIGHRJrZ4HBIwy_ZCT0uNtF9dom6DPe6ZN4AV4Pwha0TEcG2Qq1jS0k1&t=f2cd5c5, line 103: TypeError: this._popupElement is null
JavaScript error: http://pctel3.duckdns.org:40080/ScriptResource.axd?d=tezwe4yVLvov9ShS4hUEzpLRt4SwCZErcEgAvsyExf_pqOe_nvs5Z-mYK-Zuzpc27ZbJT7CRp-G-CWUblN7VbiFIyjWICDB8I0HPufqNqYjK9_ykMBBlBIGHRJrZ4HBIwy_ZCT0uNtF9dom6DPe6ZN4AV4Pwha0TEcG2Qq1jS0k1&t=f2cd5c5, line 103: TypeError: this._popupElement is null
JavaScript error: http://pctel3.duckdns.org:40080/ScriptResource.axd?d=tezwe4yVLvov9ShS4hUEzpLRt4SwCZErcEgAvsyExf_pqOe_nvs5Z-mYK-Zuzpc27ZbJT7CRp-G-CWUblN7VbiFIyjWICDB8I0HPufqNqYjK9_ykMBBlBIGHRJrZ4HBIwy_ZCT0uNtF9dom6DPe6ZN4AV4Pwha0TEcG2Qq1jS0k1&t=f2cd5c5, line 103: TypeError: this._popupElement is null
JavaScript error: http://pctel3.duckdns.org:40080/ScriptResource.axd?d=tezwe4yVLvov9ShS4hUEzpLRt4SwCZErcEgAvsyExf_pqOe_nvs5Z-mYK-Zuzpc27ZbJT7CRp-G-CWUblN7VbiFIyjWICDB8I0HPufqNqYjK9_ykMBBlBIGHRJrZ4HBIwy_ZCT0uNtF9dom6DPe6ZN4AV4Pwha0TEcG2Qq1jS0k1&t=f2cd5c5, line 103: TypeError: this._popupElement is null
JavaScript error: http://pctel3.duckdns.org:40080/ScriptResource.axd?d=tezwe4yVLvov9ShS4hUEzpLRt4SwCZErcEgAvsyExf_pqOe_nvs5Z-mYK-Zuzpc27ZbJT7CRp-G-CWUblN7VbiFIyjWICDB8I0HPufqNqYjK9_ykMBBlBIGHRJrZ4HBIwy_ZCT0uNtF9dom6DPe6ZN4AV4Pwha0TEcG2Qq1jS0k1&t=f2cd5c5, line 103: TypeError: this._popupElement is null
JavaScript error: http://pctel3.duckdns.org:40080/ScriptResource.axd?d=tezwe4yVLvov9ShS4hUEzpLRt4SwCZErcEgAvsyExf_pqOe_nvs5Z-mYK-Zuzpc27ZbJT7CRp-G-CWUblN7VbiFIyjWICDB8I0HPufqNqYjK9_ykMBBlBIGHRJrZ4HBIwy_ZCT0uNtF9dom6DPe6ZN4AV4Pwha0TEcG2Qq1jS0k1&t=f2cd5c5, line 103: TypeError: this._popupElement is null
JavaScript error: http://pctel3.duckdns.org:40080/ScriptResource.axd?d=tezwe4yVLvov9ShS4hUEzpLRt4SwCZErcEgAvsyExf_pqOe_nvs5Z-mYK-Zuzpc27ZbJT7CRp-G-CWUblN7VbiFIyjWICDB8I0HPufqNqYjK9_ykMBBlBIGHRJrZ4HBIwy_ZCT0uNtF9dom6DPe6ZN4AV4Pwha0TEcG2Qq1jS0k1&t=f2cd5c5, line 103: TypeError: this._popupElement is null
JavaScript error: , line 0: NotAllowedError: The play method is not allowed by the user agent or the platform in the current context, possibly because the user denied permission.
JavaScript error: http://pctel3.duckdns.org:40080/ScriptResource.axd?d=tezwe4yVLvov9ShS4hUEzpLRt4SwCZErcEgAvsyExf_pqOe_nvs5Z-mYK-Zuzpc27ZbJT7CRp-G-CWUblN7VbiFIyjWICDB8I0HPufqNqYjK9_ykMBBlBIGHRJrZ4HBIwy_ZCT0uNtF9dom6DPe6ZN4AV4Pwha0TEcG2Qq1jS0k1&t=f2cd5c5, line 103: TypeError: this._popupElement is null
JavaScript error: http://pctel3.duckdns.org:40080/ScriptResource.axd?d=tezwe4yVLvov9ShS4hUEzpLRt4SwCZErcEgAvsyExf_pqOe_nvs5Z-mYK-Zuzpc27ZbJT7CRp-G-CWUblN7VbiFIyjWICDB8I0HPufqNqYjK9_ykMBBlBIGHRJrZ4HBIwy_ZCT0uNtF9dom6DPe6ZN4AV4Pwha0TEcG2Qq1jS0k1&t=f2cd5c5, line 103: TypeError: this._popupElement is null
JavaScript error: http://pctel3.duckdns.org:40080/ScriptResource.axd?d=tezwe4yVLvov9ShS4hUEzpLRt4SwCZErcEgAvsyExf_pqOe_nvs5Z-mYK-Zuzpc27ZbJT7CRp-G-CWUblN7VbiFIyjWICDB8I0HPufqNqYjK9_ykMBBlBIGHRJrZ4HBIwy_ZCT0uNtF9dom6DPe6ZN4AV4Pwha0TEcG2Qq1jS0k1&t=f2cd5c5, line 103: TypeError: this._popupElement is null
JavaScript error: http://pctel3.duckdns.org:40080/ScriptResource.axd?d=tezwe4yVLvov9ShS4hUEzpLRt4SwCZErcEgAvsyExf_pqOe_nvs5Z-mYK-Zuzpc27ZbJT7CRp-G-CWUblN7VbiFIyjWICDB8I0HPufqNqYjK9_ykMBBlBIGHRJrZ4HBIwy_ZCT0uNtF9dom6DPe6ZN4AV4Pwha0TEcG2Qq1jS0k1&t=f2cd5c5, line 103: TypeError: this._popupElement is null
JavaScript error: http://pctel3.duckdns.org:40080/ScriptResource.axd?d=tezwe4yVLvov9ShS4hUEzpLRt4SwCZErcEgAvsyExf_pqOe_nvs5Z-mYK-Zuzpc27ZbJT7CRp-G-CWUblN7VbiFIyjWICDB8I0HPufqNqYjK9_ykMBBlBIGHRJrZ4HBIwy_ZCT0uNtF9dom6DPe6ZN4AV4Pwha0TEcG2Qq1jS0k1&t=f2cd5c5, line 103: TypeError: this._popupElement is null
JavaScript error: http://pctel3.duckdns.org:40080/ScriptResource.axd?d=tezwe4yVLvov9ShS4hUEzpLRt4SwCZErcEgAvsyExf_pqOe_nvs5Z-mYK-Zuzpc27ZbJT7CRp-G-CWUblN7VbiFIyjWICDB8I0HPufqNqYjK9_ykMBBlBIGHRJrZ4HBIwy_ZCT0uNtF9dom6DPe6ZN4AV4Pwha0TEcG2Qq1jS0k1&t=f2cd5c5, line 103: TypeError: this._popupElement is null
JavaScript error: http://pctel3.duckdns.org:40080/ScriptResource.axd?d=tezwe4yVLvov9ShS4hUEzpLRt4SwCZErcEgAvsyExf_pqOe_nvs5Z-mYK-Zuzpc27ZbJT7CRp-G-CWUblN7VbiFIyjWICDB8I0HPufqNqYjK9_ykMBBlBIGHRJrZ4HBIwy_ZCT0uNtF9dom6DPe6ZN4AV4Pwha0TEcG2Qq1jS0k1&t=f2cd5c5, line 103: TypeError: this._popupElement is null
JavaScript error: http://pctel3.duckdns.org:40080/ScriptResource.axd?d=tezwe4yVLvov9ShS4hUEzpLRt4SwCZErcEgAvsyExf_pqOe_nvs5Z-mYK-Zuzpc27ZbJT7CRp-G-CWUblN7VbiFIyjWICDB8I0HPufqNqYjK9_ykMBBlBIGHRJrZ4HBIwy_ZCT0uNtF9dom6DPe6ZN4AV4Pwha0TEcG2Qq1jS0k1&t=f2cd5c5, line 103: TypeError: this._popupElement is null
JavaScript error: http://pctel3.duckdns.org:40080/ScriptResource.axd?d=tezwe4yVLvov9ShS4hUEzpLRt4SwCZErcEgAvsyExf_pqOe_nvs5Z-mYK-Zuzpc27ZbJT7CRp-G-CWUblN7VbiFIyjWICDB8I0HPufqNqYjK9_ykMBBlBIGHRJrZ4HBIwy_ZCT0uNtF9dom6DPe6ZN4AV4Pwha0TEcG2Qq1jS0k1&t=f2cd5c5, line 103: TypeError: this._popupElement is null
JavaScript error: http://pctel3.duckdns.org:40080/ScriptResource.axd?d=tezwe4yVLvov9ShS4hUEzpLRt4SwCZErcEgAvsyExf_pqOe_nvs5Z-mYK-Zuzpc27ZbJT7CRp-G-CWUblN7VbiFIyjWICDB8I0HPufqNqYjK9_ykMBBlBIGHRJrZ4HBIwy_ZCT0uNtF9dom6DPe6ZN4AV4Pwha0TEcG2Qq1jS0k1&t=f2cd5c5, line 103: TypeError: this._popupElement is null
JavaScript error: http://pctel3.duckdns.org:40080/ScriptResource.axd?d=tezwe4yVLvov9ShS4hUEzpLRt4SwCZErcEgAvsyExf_pqOe_nvs5Z-mYK-Zuzpc27ZbJT7CRp-G-CWUblN7VbiFIyjWICDB8I0HPufqNqYjK9_ykMBBlBIGHRJrZ4HBIwy_ZCT0uNtF9dom6DPe6ZN4AV4Pwha0TEcG2Qq1jS0k1&t=f2cd5c5, line 103: TypeError: this._popupElement is null
JavaScript error: http://pctel3.duckdns.org:40080/ScriptResource.axd?d=tezwe4yVLvov9ShS4hUEzpLRt4SwCZErcEgAvsyExf_pqOe_nvs5Z-mYK-Zuzpc27ZbJT7CRp-G-CWUblN7VbiFIyjWICDB8I0HPufqNqYjK9_ykMBBlBIGHRJrZ4HBIwy_ZCT0uNtF9dom6DPe6ZN4AV4Pwha0TEcG2Qq1jS0k1&t=f2cd5c5, line 103: TypeError: this._popupElement is null
JavaScript error: http://pctel3.duckdns.org:40080/ScriptResource.axd?d=tezwe4yVLvov9ShS4hUEzpLRt4SwCZErcEgAvsyExf_pqOe_nvs5Z-mYK-Zuzpc27ZbJT7CRp-G-CWUblN7VbiFIyjWICDB8I0HPufqNqYjK9_ykMBBlBIGHRJrZ4HBIwy_ZCT0uNtF9dom6DPe6ZN4AV4Pwha0TEcG2Qq1jS0k1&t=f2cd5c5, line 103: TypeError: this._popupElement is null
JavaScript error: http://pctel3.duckdns.org:40080/ScriptResource.axd?d=tezwe4yVLvov9ShS4hUEzpLRt4SwCZErcEgAvsyExf_pqOe_nvs5Z-mYK-Zuzpc27ZbJT7CRp-G-CWUblN7VbiFIyjWICDB8I0HPufqNqYjK9_ykMBBlBIGHRJrZ4HBIwy_ZCT0uNtF9dom6DPe6ZN4AV4Pwha0TEcG2Qq1jS0k1&t=f2cd5c5, line 103: TypeError: this._popupElement is null
JavaScript error: http://pctel3.duckdns.org:40080/ScriptResource.axd?d=tezwe4yVLvov9ShS4hUEzpLRt4SwCZErcEgAvsyExf_pqOe_nvs5Z-mYK-Zuzpc27ZbJT7CRp-G-CWUblN7VbiFIyjWICDB8I0HPufqNqYjK9_ykMBBlBIGHRJrZ4HBIwy_ZCT0uNtF9dom6DPe6ZN4AV4Pwha0TEcG2Qq1jS0k1&t=f2cd5c5, line 103: TypeError: this._popupElement is null
JavaScript error: http://pctel3.duckdns.org:40080/ScriptResource.axd?d=tezwe4yVLvov9ShS4hUEzpLRt4SwCZErcEgAvsyExf_pqOe_nvs5Z-mYK-Zuzpc27ZbJT7CRp-G-CWUblN7VbiFIyjWICDB8I0HPufqNqYjK9_ykMBBlBIGHRJrZ4HBIwy_ZCT0uNtF9dom6DPe6ZN4AV4Pwha0TEcG2Qq1jS0k1&t=f2cd5c5, line 103: TypeError: this._popupElement is null
JavaScript error: http://pctel3.duckdns.org:40080/ScriptResource.axd?d=tezwe4yVLvov9ShS4hUEzpLRt4SwCZErcEgAvsyExf_pqOe_nvs5Z-mYK-Zuzpc27ZbJT7CRp-G-CWUblN7VbiFIyjWICDB8I0HPufqNqYjK9_ykMBBlBIGHRJrZ4HBIwy_ZCT0uNtF9dom6DPe6ZN4AV4Pwha0TEcG2Qq1jS0k1&t=f2cd5c5, line 103: TypeError: this._popupElement is null
JavaScript error: http://pctel3.duckdns.org:40080/ScriptResource.axd?d=tezwe4yVLvov9ShS4hUEzpLRt4SwCZErcEgAvsyExf_pqOe_nvs5Z-mYK-Zuzpc27ZbJT7CRp-G-CWUblN7VbiFIyjWICDB8I0HPufqNqYjK9_ykMBBlBIGHRJrZ4HBIwy_ZCT0uNtF9dom6DPe6ZN4AV4Pwha0TEcG2Qq1jS0k1&t=f2cd5c5, line 103: TypeError: this._popupElement is null
JavaScript error: http://pctel3.duckdns.org:40080/ScriptResource.axd?d=tezwe4yVLvov9ShS4hUEzpLRt4SwCZErcEgAvsyExf_pqOe_nvs5Z-mYK-Zuzpc27ZbJT7CRp-G-CWUblN7VbiFIyjWICDB8I0HPufqNqYjK9_ykMBBlBIGHRJrZ4HBIwy_ZCT0uNtF9dom6DPe6ZN4AV4Pwha0TEcG2Qq1jS0k1&t=f2cd5c5, line 103: TypeError: this._popupElement is null
JavaScript error: http://pctel3.duckdns.org:40080/ScriptResource.axd?d=tezwe4yVLvov9ShS4hUEzpLRt4SwCZErcEgAvsyExf_pqOe_nvs5Z-mYK-Zuzpc27ZbJT7CRp-G-CWUblN7VbiFIyjWICDB8I0HPufqNqYjK9_ykMBBlBIGHRJrZ4HBIwy_ZCT0uNtF9dom6DPe6ZN4AV4Pwha0TEcG2Qq1jS0k1&t=f2cd5c5, line 103: TypeError: this._popupElement is null
JavaScript error: http://pctel3.duckdns.org:40080/ScriptResource.axd?d=tezwe4yVLvov9ShS4hUEzpLRt4SwCZErcEgAvsyExf_pqOe_nvs5Z-mYK-Zuzpc27ZbJT7CRp-G-CWUblN7VbiFIyjWICDB8I0HPufqNqYjK9_ykMBBlBIGHRJrZ4HBIwy_ZCT0uNtF9dom6DPe6ZN4AV4Pwha0TEcG2Qq1jS0k1&t=f2cd5c5, line 103: TypeError: this._popupElement is null
JavaScript error: http://pctel3.duckdns.org:40080/ScriptResource.axd?d=tezwe4yVLvov9ShS4hUEzpLRt4SwCZErcEgAvsyExf_pqOe_nvs5Z-mYK-Zuzpc27ZbJT7CRp-G-CWUblN7VbiFIyjWICDB8I0HPufqNqYjK9_ykMBBlBIGHRJrZ4HBIwy_ZCT0uNtF9dom6DPe6ZN4AV4Pwha0TEcG2Qq1jS0k1&t=f2cd5c5, line 103: TypeError: this._popupElement is null
JavaScript error: http://pctel3.duckdns.org:40080/ScriptResource.axd?d=tezwe4yVLvov9ShS4hUEzpLRt4SwCZErcEgAvsyExf_pqOe_nvs5Z-mYK-Zuzpc27ZbJT7CRp-G-CWUblN7VbiFIyjWICDB8I0HPufqNqYjK9_ykMBBlBIGHRJrZ4HBIwy_ZCT0uNtF9dom6DPe6ZN4AV4Pwha0TEcG2Qq1jS0k1&t=f2cd5c5, line 103: TypeError: this._popupElement is null
JavaScript error: http://pctel3.duckdns.org:40080/ScriptResource.axd?d=tezwe4yVLvov9ShS4hUEzpLRt4SwCZErcEgAvsyExf_pqOe_nvs5Z-mYK-Zuzpc27ZbJT7CRp-G-CWUblN7VbiFIyjWICDB8I0HPufqNqYjK9_ykMBBlBIGHRJrZ4HBIwy_ZCT0uNtF9dom6DPe6ZN4AV4Pwha0TEcG2Qq1jS0k1&t=f2cd5c5, line 103: TypeError: this._popupElement is null
JavaScript error: http://pctel3.duckdns.org:40080/ScriptResource.axd?d=tezwe4yVLvov9ShS4hUEzpLRt4SwCZErcEgAvsyExf_pqOe_nvs5Z-mYK-Zuzpc27ZbJT7CRp-G-CWUblN7VbiFIyjWICDB8I0HPufqNqYjK9_ykMBBlBIGHRJrZ4HBIwy_ZCT0uNtF9dom6DPe6ZN4AV4Pwha0TEcG2Qq1jS0k1&t=f2cd5c5, line 103: TypeError: this._popupElement is null
JavaScript error: http://pctel3.duckdns.org:40080/ScriptResource.axd?d=tezwe4yVLvov9ShS4hUEzpLRt4SwCZErcEgAvsyExf_pqOe_nvs5Z-mYK-Zuzpc27ZbJT7CRp-G-CWUblN7VbiFIyjWICDB8I0HPufqNqYjK9_ykMBBlBIGHRJrZ4HBIwy_ZCT0uNtF9dom6DPe6ZN4AV4Pwha0TEcG2Qq1jS0k1&t=f2cd5c5, line 103: TypeError: this._popupElement is null
JavaScript error: http://pctel3.duckdns.org:40080/ScriptResource.axd?d=tezwe4yVLvov9ShS4hUEzpLRt4SwCZErcEgAvsyExf_pqOe_nvs5Z-mYK-Zuzpc27ZbJT7CRp-G-CWUblN7VbiFIyjWICDB8I0HPufqNqYjK9_ykMBBlBIGHRJrZ4HBIwy_ZCT0uNtF9dom6DPe6ZN4AV4Pwha0TEcG2Qq1jS0k1&t=f2cd5c5, line 103: TypeError: this._popupElement is null
JavaScript error: http://pctel3.duckdns.org:40080/ScriptResource.axd?d=tezwe4yVLvov9ShS4hUEzpLRt4SwCZErcEgAvsyExf_pqOe_nvs5Z-mYK-Zuzpc27ZbJT7CRp-G-CWUblN7VbiFIyjWICDB8I0HPufqNqYjK9_ykMBBlBIGHRJrZ4HBIwy_ZCT0uNtF9dom6DPe6ZN4AV4Pwha0TEcG2Qq1jS0k1&t=f2cd5c5, line 103: TypeError: this._popupElement is null
JavaScript error: http://pctel3.duckdns.org:40080/ScriptResource.axd?d=tezwe4yVLvov9ShS4hUEzpLRt4SwCZErcEgAvsyExf_pqOe_nvs5Z-mYK-Zuzpc27ZbJT7CRp-G-CWUblN7VbiFIyjWICDB8I0HPufqNqYjK9_ykMBBlBIGHRJrZ4HBIwy_ZCT0uNtF9dom6DPe6ZN4AV4Pwha0TEcG2Qq1jS0k1&t=f2cd5c5, line 103: TypeError: this._popupElement is null
JavaScript error: http://pctel3.duckdns.org:40080/ScriptResource.axd?d=tezwe4yVLvov9ShS4hUEzpLRt4SwCZErcEgAvsyExf_pqOe_nvs5Z-mYK-Zuzpc27ZbJT7CRp-G-CWUblN7VbiFIyjWICDB8I0HPufqNqYjK9_ykMBBlBIGHRJrZ4HBIwy_ZCT0uNtF9dom6DPe6ZN4AV4Pwha0TEcG2Qq1jS0k1&t=f2cd5c5, line 103: TypeError: this._popupElement is null
JavaScript error: http://pctel3.duckdns.org:40080/ScriptResource.axd?d=tezwe4yVLvov9ShS4hUEzpLRt4SwCZErcEgAvsyExf_pqOe_nvs5Z-mYK-Zuzpc27ZbJT7CRp-G-CWUblN7VbiFIyjWICDB8I0HPufqNqYjK9_ykMBBlBIGHRJrZ4HBIwy_ZCT0uNtF9dom6DPe6ZN4AV4Pwha0TEcG2Qq1jS0k1&t=f2cd5c5, line 103: TypeError: this._popupElement is null
JavaScript error: http://pctel3.duckdns.org:40080/ScriptResource.axd?d=tezwe4yVLvov9ShS4hUEzpLRt4SwCZErcEgAvsyExf_pqOe_nvs5Z-mYK-Zuzpc27ZbJT7CRp-G-CWUblN7VbiFIyjWICDB8I0HPufqNqYjK9_ykMBBlBIGHRJrZ4HBIwy_ZCT0uNtF9dom6DPe6ZN4AV4Pwha0TEcG2Qq1jS0k1&t=f2cd5c5, line 103: TypeError: this._popupElement is null
JavaScript error: http://pctel3.duckdns.org:40080/ScriptResource.axd?d=tezwe4yVLvov9ShS4hUEzpLRt4SwCZErcEgAvsyExf_pqOe_nvs5Z-mYK-Zuzpc27ZbJT7CRp-G-CWUblN7VbiFIyjWICDB8I0HPufqNqYjK9_ykMBBlBIGHRJrZ4HBIwy_ZCT0uNtF9dom6DPe6ZN4AV4Pwha0TEcG2Qq1jS0k1&t=f2cd5c5, line 103: TypeError: this._popupElement is null
JavaScript error: http://pctel3.duckdns.org:40080/ScriptResource.axd?d=tezwe4yVLvov9ShS4hUEzpLRt4SwCZErcEgAvsyExf_pqOe_nvs5Z-mYK-Zuzpc27ZbJT7CRp-G-CWUblN7VbiFIyjWICDB8I0HPufqNqYjK9_ykMBBlBIGHRJrZ4HBIwy_ZCT0uNtF9dom6DPe6ZN4AV4Pwha0TEcG2Qq1jS0k1&t=f2cd5c5, line 103: TypeError: this._popupElement is null
JavaScript error: http://pctel3.duckdns.org:40080/ScriptResource.axd?d=tezwe4yVLvov9ShS4hUEzpLRt4SwCZErcEgAvsyExf_pqOe_nvs5Z-mYK-Zuzpc27ZbJT7CRp-G-CWUblN7VbiFIyjWICDB8I0HPufqNqYjK9_ykMBBlBIGHRJrZ4HBIwy_ZCT0uNtF9dom6DPe6ZN4AV4Pwha0TEcG2Qq1jS0k1&t=f2cd5c5, line 103: TypeError: this._popupElement is null
JavaScript error: http://pctel3.duckdns.org:40080/ScriptResource.axd?d=tezwe4yVLvov9ShS4hUEzpLRt4SwCZErcEgAvsyExf_pqOe_nvs5Z-mYK-Zuzpc27ZbJT7CRp-G-CWUblN7VbiFIyjWICDB8I0HPufqNqYjK9_ykMBBlBIGHRJrZ4HBIwy_ZCT0uNtF9dom6DPe6ZN4AV4Pwha0TEcG2Qq1jS0k1&t=f2cd5c5, line 103: TypeError: this._popupElement is null
JavaScript error: http://pctel3.duckdns.org:40080/ScriptResource.axd?d=tezwe4yVLvov9ShS4hUEzpLRt4SwCZErcEgAvsyExf_pqOe_nvs5Z-mYK-Zuzpc27ZbJT7CRp-G-CWUblN7VbiFIyjWICDB8I0HPufqNqYjK9_ykMBBlBIGHRJrZ4HBIwy_ZCT0uNtF9dom6DPe6ZN4AV4Pwha0TEcG2Qq1jS0k1&t=f2cd5c5, line 103: TypeError: this._popupElement is null
JavaScript error: http://pctel3.duckdns.org:40080/ScriptResource.axd?d=tezwe4yVLvov9ShS4hUEzpLRt4SwCZErcEgAvsyExf_pqOe_nvs5Z-mYK-Zuzpc27ZbJT7CRp-G-CWUblN7VbiFIyjWICDB8I0HPufqNqYjK9_ykMBBlBIGHRJrZ4HBIwy_ZCT0uNtF9dom6DPe6ZN4AV4Pwha0TEcG2Qq1jS0k1&t=f2cd5c5, line 103: TypeError: this._popupElement is null
JavaScript error: http://pctel3.duckdns.org:40080/ScriptResource.axd?d=tezwe4yVLvov9ShS4hUEzpLRt4SwCZErcEgAvsyExf_pqOe_nvs5Z-mYK-Zuzpc27ZbJT7CRp-G-CWUblN7VbiFIyjWICDB8I0HPufqNqYjK9_ykMBBlBIGHRJrZ4HBIwy_ZCT0uNtF9dom6DPe6ZN4AV4Pwha0TEcG2Qq1jS0k1&t=f2cd5c5, line 103: TypeError: this._popupElement is null
JavaScript error: http://pctel3.duckdns.org:40080/ScriptResource.axd?d=tezwe4yVLvov9ShS4hUEzpLRt4SwCZErcEgAvsyExf_pqOe_nvs5Z-mYK-Zuzpc27ZbJT7CRp-G-CWUblN7VbiFIyjWICDB8I0HPufqNqYjK9_ykMBBlBIGHRJrZ4HBIwy_ZCT0uNtF9dom6DPe6ZN4AV4Pwha0TEcG2Qq1jS0k1&t=f2cd5c5, line 103: TypeError: this._popupElement is null
JavaScript error: http://pctel3.duckdns.org:40080/ScriptResource.axd?d=tezwe4yVLvov9ShS4hUEzpLRt4SwCZErcEgAvsyExf_pqOe_nvs5Z-mYK-Zuzpc27ZbJT7CRp-G-CWUblN7VbiFIyjWICDB8I0HPufqNqYjK9_ykMBBlBIGHRJrZ4HBIwy_ZCT0uNtF9dom6DPe6ZN4AV4Pwha0TEcG2Qq1jS0k1&t=f2cd5c5, line 103: TypeError: this._popupElement is null
JavaScript error: http://pctel3.duckdns.org:40080/ScriptResource.axd?d=tezwe4yVLvov9ShS4hUEzpLRt4SwCZErcEgAvsyExf_pqOe_nvs5Z-mYK-Zuzpc27ZbJT7CRp-G-CWUblN7VbiFIyjWICDB8I0HPufqNqYjK9_ykMBBlBIGHRJrZ4HBIwy_ZCT0uNtF9dom6DPe6ZN4AV4Pwha0TEcG2Qq1jS0k1&t=f2cd5c5, line 103: TypeError: this._popupElement is null
JavaScript error: http://pctel3.duckdns.org:40080/ScriptResource.axd?d=tezwe4yVLvov9ShS4hUEzpLRt4SwCZErcEgAvsyExf_pqOe_nvs5Z-mYK-Zuzpc27ZbJT7CRp-G-CWUblN7VbiFIyjWICDB8I0HPufqNqYjK9_ykMBBlBIGHRJrZ4HBIwy_ZCT0uNtF9dom6DPe6ZN4AV4Pwha0TEcG2Qq1jS0k1&t=f2cd5c5, line 103: TypeError: this._popupElement is null
JavaScript error: http://pctel3.duckdns.org:40080/ScriptResource.axd?d=tezwe4yVLvov9ShS4hUEzpLRt4SwCZErcEgAvsyExf_pqOe_nvs5Z-mYK-Zuzpc27ZbJT7CRp-G-CWUblN7VbiFIyjWICDB8I0HPufqNqYjK9_ykMBBlBIGHRJrZ4HBIwy_ZCT0uNtF9dom6DPe6ZN4AV4Pwha0TEcG2Qq1jS0k1&t=f2cd5c5, line 103: TypeError: this._popupElement is null
JavaScript error: http://pctel3.duckdns.org:40080/ScriptResource.axd?d=tezwe4yVLvov9ShS4hUEzpLRt4SwCZErcEgAvsyExf_pqOe_nvs5Z-mYK-Zuzpc27ZbJT7CRp-G-CWUblN7VbiFIyjWICDB8I0HPufqNqYjK9_ykMBBlBIGHRJrZ4HBIwy_ZCT0uNtF9dom6DPe6ZN4AV4Pwha0TEcG2Qq1jS0k1&t=f2cd5c5, line 103: TypeError: this._popupElement is null
JavaScript error: http://pctel3.duckdns.org:40080/ScriptResource.axd?d=tezwe4yVLvov9ShS4hUEzpLRt4SwCZErcEgAvsyExf_pqOe_nvs5Z-mYK-Zuzpc27ZbJT7CRp-G-CWUblN7VbiFIyjWICDB8I0HPufqNqYjK9_ykMBBlBIGHRJrZ4HBIwy_ZCT0uNtF9dom6DPe6ZN4AV4Pwha0TEcG2Qq1jS0k1&t=f2cd5c5, line 103: TypeError: this._popupElement is null
JavaScript error: http://pctel3.duckdns.org:40080/ScriptResource.axd?d=tezwe4yVLvov9ShS4hUEzpLRt4SwCZErcEgAvsyExf_pqOe_nvs5Z-mYK-Zuzpc27ZbJT7CRp-G-CWUblN7VbiFIyjWICDB8I0HPufqNqYjK9_ykMBBlBIGHRJrZ4HBIwy_ZCT0uNtF9dom6DPe6ZN4AV4Pwha0TEcG2Qq1jS0k1&t=f2cd5c5, line 103: TypeError: this._popupElement is null
JavaScript error: http://pctel3.duckdns.org:40080/ScriptResource.axd?d=tezwe4yVLvov9ShS4hUEzpLRt4SwCZErcEgAvsyExf_pqOe_nvs5Z-mYK-Zuzpc27ZbJT7CRp-G-CWUblN7VbiFIyjWICDB8I0HPufqNqYjK9_ykMBBlBIGHRJrZ4HBIwy_ZCT0uNtF9dom6DPe6ZN4AV4Pwha0TEcG2Qq1jS0k1&t=f2cd5c5, line 103: TypeError: this._popupElement is null
JavaScript error: http://pctel3.duckdns.org:40080/ScriptResource.axd?d=tezwe4yVLvov9ShS4hUEzpLRt4SwCZErcEgAvsyExf_pqOe_nvs5Z-mYK-Zuzpc27ZbJT7CRp-G-CWUblN7VbiFIyjWICDB8I0HPufqNqYjK9_ykMBBlBIGHRJrZ4HBIwy_ZCT0uNtF9dom6DPe6ZN4AV4Pwha0TEcG2Qq1jS0k1&t=f2cd5c5, line 103: TypeError: this._popupElement is null
JavaScript error: http://pctel3.duckdns.org:40080/ScriptResource.axd?d=tezwe4yVLvov9ShS4hUEzpLRt4SwCZErcEgAvsyExf_pqOe_nvs5Z-mYK-Zuzpc27ZbJT7CRp-G-CWUblN7VbiFIyjWICDB8I0HPufqNqYjK9_ykMBBlBIGHRJrZ4HBIwy_ZCT0uNtF9dom6DPe6ZN4AV4Pwha0TEcG2Qq1jS0k1&t=f2cd5c5, line 103: TypeError: this._popupElement is null
JavaScript error: http://pctel3.duckdns.org:40080/ScriptResource.axd?d=tezwe4yVLvov9ShS4hUEzpLRt4SwCZErcEgAvsyExf_pqOe_nvs5Z-mYK-Zuzpc27ZbJT7CRp-G-CWUblN7VbiFIyjWICDB8I0HPufqNqYjK9_ykMBBlBIGHRJrZ4HBIwy_ZCT0uNtF9dom6DPe6ZN4AV4Pwha0TEcG2Qq1jS0k1&t=f2cd5c5, line 103: TypeError: this._popupElement is null
JavaScript error: http://pctel3.duckdns.org:40080/ScriptResource.axd?d=tezwe4yVLvov9ShS4hUEzpLRt4SwCZErcEgAvsyExf_pqOe_nvs5Z-mYK-Zuzpc27ZbJT7CRp-G-CWUblN7VbiFIyjWICDB8I0HPufqNqYjK9_ykMBBlBIGHRJrZ4HBIwy_ZCT0uNtF9dom6DPe6ZN4AV4Pwha0TEcG2Qq1jS0k1&t=f2cd5c5, line 103: TypeError: this._popupElement is null
JavaScript error: http://pctel3.duckdns.org:40080/ScriptResource.axd?d=tezwe4yVLvov9ShS4hUEzpLRt4SwCZErcEgAvsyExf_pqOe_nvs5Z-mYK-Zuzpc27ZbJT7CRp-G-CWUblN7VbiFIyjWICDB8I0HPufqNqYjK9_ykMBBlBIGHRJrZ4HBIwy_ZCT0uNtF9dom6DPe6ZN4AV4Pwha0TEcG2Qq1jS0k1&t=f2cd5c5, line 103: TypeError: this._popupElement is null
JavaScript error: http://pctel3.duckdns.org:40080/ScriptResource.axd?d=tezwe4yVLvov9ShS4hUEzpLRt4SwCZErcEgAvsyExf_pqOe_nvs5Z-mYK-Zuzpc27ZbJT7CRp-G-CWUblN7VbiFIyjWICDB8I0HPufqNqYjK9_ykMBBlBIGHRJrZ4HBIwy_ZCT0uNtF9dom6DPe6ZN4AV4Pwha0TEcG2Qq1jS0k1&t=f2cd5c5, line 103: TypeError: this._popupElement is null
JavaScript error: http://pctel3.duckdns.org:40080/ScriptResource.axd?d=tezwe4yVLvov9ShS4hUEzpLRt4SwCZErcEgAvsyExf_pqOe_nvs5Z-mYK-Zuzpc27ZbJT7CRp-G-CWUblN7VbiFIyjWICDB8I0HPufqNqYjK9_ykMBBlBIGHRJrZ4HBIwy_ZCT0uNtF9dom6DPe6ZN4AV4Pwha0TEcG2Qq1jS0k1&t=f2cd5c5, line 103: TypeError: this._popupElement is null
JavaScript error: http://pctel3.duckdns.org:40080/ScriptResource.axd?d=tezwe4yVLvov9ShS4hUEzpLRt4SwCZErcEgAvsyExf_pqOe_nvs5Z-mYK-Zuzpc27ZbJT7CRp-G-CWUblN7VbiFIyjWICDB8I0HPufqNqYjK9_ykMBBlBIGHRJrZ4HBIwy_ZCT0uNtF9dom6DPe6ZN4AV4Pwha0TEcG2Qq1jS0k1&t=f2cd5c5, line 103: TypeError: this._popupElement is null
JavaScript error: http://pctel3.duckdns.org:40080/ScriptResource.axd?d=tezwe4yVLvov9ShS4hUEzpLRt4SwCZErcEgAvsyExf_pqOe_nvs5Z-mYK-Zuzpc27ZbJT7CRp-G-CWUblN7VbiFIyjWICDB8I0HPufqNqYjK9_ykMBBlBIGHRJrZ4HBIwy_ZCT0uNtF9dom6DPe6ZN4AV4Pwha0TEcG2Qq1jS0k1&t=f2cd5c5, line 103: TypeError: this._popupElement is null
JavaScript error: http://pctel3.duckdns.org:40080/ScriptResource.axd?d=tezwe4yVLvov9ShS4hUEzpLRt4SwCZErcEgAvsyExf_pqOe_nvs5Z-mYK-Zuzpc27ZbJT7CRp-G-CWUblN7VbiFIyjWICDB8I0HPufqNqYjK9_ykMBBlBIGHRJrZ4HBIwy_ZCT0uNtF9dom6DPe6ZN4AV4Pwha0TEcG2Qq1jS0k1&t=f2cd5c5, line 103: TypeError: this._popupElement is null
JavaScript error: http://pctel3.duckdns.org:40080/ScriptResource.axd?d=tezwe4yVLvov9ShS4hUEzpLRt4SwCZErcEgAvsyExf_pqOe_nvs5Z-mYK-Zuzpc27ZbJT7CRp-G-CWUblN7VbiFIyjWICDB8I0HPufqNqYjK9_ykMBBlBIGHRJrZ4HBIwy_ZCT0uNtF9dom6DPe6ZN4AV4Pwha0TEcG2Qq1jS0k1&t=f2cd5c5, line 103: TypeError: this._popupElement is null
JavaScript error: http://pctel3.duckdns.org:40080/ScriptResource.axd?d=tezwe4yVLvov9ShS4hUEzpLRt4SwCZErcEgAvsyExf_pqOe_nvs5Z-mYK-Zuzpc27ZbJT7CRp-G-CWUblN7VbiFIyjWICDB8I0HPufqNqYjK9_ykMBBlBIGHRJrZ4HBIwy_ZCT0uNtF9dom6DPe6ZN4AV4Pwha0TEcG2Qq1jS0k1&t=f2cd5c5, line 103: TypeError: this._popupElement is null
JavaScript error: http://pctel3.duckdns.org:40080/ScriptResource.axd?d=tezwe4yVLvov9ShS4hUEzpLRt4SwCZErcEgAvsyExf_pqOe_nvs5Z-mYK-Zuzpc27ZbJT7CRp-G-CWUblN7VbiFIyjWICDB8I0HPufqNqYjK9_ykMBBlBIGHRJrZ4HBIwy_ZCT0uNtF9dom6DPe6ZN4AV4Pwha0TEcG2Qq1jS0k1&t=f2cd5c5, line 103: TypeError: this._popupElement is null
JavaScript error: http://pctel3.duckdns.org:40080/ScriptResource.axd?d=tezwe4yVLvov9ShS4hUEzpLRt4SwCZErcEgAvsyExf_pqOe_nvs5Z-mYK-Zuzpc27ZbJT7CRp-G-CWUblN7VbiFIyjWICDB8I0HPufqNqYjK9_ykMBBlBIGHRJrZ4HBIwy_ZCT0uNtF9dom6DPe6ZN4AV4Pwha0TEcG2Qq1jS0k1&t=f2cd5c5, line 103: TypeError: this._popupElement is null
JavaScript error: http://pctel3.duckdns.org:40080/ScriptResource.axd?d=tezwe4yVLvov9ShS4hUEzpLRt4SwCZErcEgAvsyExf_pqOe_nvs5Z-mYK-Zuzpc27ZbJT7CRp-G-CWUblN7VbiFIyjWICDB8I0HPufqNqYjK9_ykMBBlBIGHRJrZ4HBIwy_ZCT0uNtF9dom6DPe6ZN4AV4Pwha0TEcG2Qq1jS0k1&t=f2cd5c5, line 103: TypeError: this._popupElement is null
JavaScript error: http://pctel3.duckdns.org:40080/ScriptResource.axd?d=tezwe4yVLvov9ShS4hUEzpLRt4SwCZErcEgAvsyExf_pqOe_nvs5Z-mYK-Zuzpc27ZbJT7CRp-G-CWUblN7VbiFIyjWICDB8I0HPufqNqYjK9_ykMBBlBIGHRJrZ4HBIwy_ZCT0uNtF9dom6DPe6ZN4AV4Pwha0TEcG2Qq1jS0k1&t=f2cd5c5, line 103: TypeError: this._popupElement is null
JavaScript error: http://pctel3.duckdns.org:40080/ScriptResource.axd?d=tezwe4yVLvov9ShS4hUEzpLRt4SwCZErcEgAvsyExf_pqOe_nvs5Z-mYK-Zuzpc27ZbJT7CRp-G-CWUblN7VbiFIyjWICDB8I0HPufqNqYjK9_ykMBBlBIGHRJrZ4HBIwy_ZCT0uNtF9dom6DPe6ZN4AV4Pwha0TEcG2Qq1jS0k1&t=f2cd5c5, line 103: TypeError: this._popupElement is null
JavaScript error: http://pctel3.duckdns.org:40080/ScriptResource.axd?d=tezwe4yVLvov9ShS4hUEzpLRt4SwCZErcEgAvsyExf_pqOe_nvs5Z-mYK-Zuzpc27ZbJT7CRp-G-CWUblN7VbiFIyjWICDB8I0HPufqNqYjK9_ykMBBlBIGHRJrZ4HBIwy_ZCT0uNtF9dom6DPe6ZN4AV4Pwha0TEcG2Qq1jS0k1&t=f2cd5c5, line 103: TypeError: this._popupElement is null
JavaScript error: http://pctel3.duckdns.org:40080/ScriptResource.axd?d=tezwe4yVLvov9ShS4hUEzpLRt4SwCZErcEgAvsyExf_pqOe_nvs5Z-mYK-Zuzpc27ZbJT7CRp-G-CWUblN7VbiFIyjWICDB8I0HPufqNqYjK9_ykMBBlBIGHRJrZ4HBIwy_ZCT0uNtF9dom6DPe6ZN4AV4Pwha0TEcG2Qq1jS0k1&t=f2cd5c5, line 103: TypeError: this._popupElement is null
JavaScript error: http://pctel3.duckdns.org:40080/ScriptResource.axd?d=tezwe4yVLvov9ShS4hUEzpLRt4SwCZErcEgAvsyExf_pqOe_nvs5Z-mYK-Zuzpc27ZbJT7CRp-G-CWUblN7VbiFIyjWICDB8I0HPufqNqYjK9_ykMBBlBIGHRJrZ4HBIwy_ZCT0uNtF9dom6DPe6ZN4AV4Pwha0TEcG2Qq1jS0k1&t=f2cd5c5, line 103: TypeError: this._popupElement is null
JavaScript error: http://pctel3.duckdns.org:40080/ScriptResource.axd?d=tezwe4yVLvov9ShS4hUEzpLRt4SwCZErcEgAvsyExf_pqOe_nvs5Z-mYK-Zuzpc27ZbJT7CRp-G-CWUblN7VbiFIyjWICDB8I0HPufqNqYjK9_ykMBBlBIGHRJrZ4HBIwy_ZCT0uNtF9dom6DPe6ZN4AV4Pwha0TEcG2Qq1jS0k1&t=f2cd5c5, line 103: TypeError: this._popupElement is null
JavaScript error: http://pctel3.duckdns.org:40080/ScriptResource.axd?d=tezwe4yVLvov9ShS4hUEzpLRt4SwCZErcEgAvsyExf_pqOe_nvs5Z-mYK-Zuzpc27ZbJT7CRp-G-CWUblN7VbiFIyjWICDB8I0HPufqNqYjK9_ykMBBlBIGHRJrZ4HBIwy_ZCT0uNtF9dom6DPe6ZN4AV4Pwha0TEcG2Qq1jS0k1&t=f2cd5c5, line 103: TypeError: this._popupElement is null
JavaScript error: http://pctel3.duckdns.org:40080/ScriptResource.axd?d=tezwe4yVLvov9ShS4hUEzpLRt4SwCZErcEgAvsyExf_pqOe_nvs5Z-mYK-Zuzpc27ZbJT7CRp-G-CWUblN7VbiFIyjWICDB8I0HPufqNqYjK9_ykMBBlBIGHRJrZ4HBIwy_ZCT0uNtF9dom6DPe6ZN4AV4Pwha0TEcG2Qq1jS0k1&t=f2cd5c5, line 103: TypeError: this._popupElement is null
JavaScript error: http://pctel3.duckdns.org:40080/ScriptResource.axd?d=tezwe4yVLvov9ShS4hUEzpLRt4SwCZErcEgAvsyExf_pqOe_nvs5Z-mYK-Zuzpc27ZbJT7CRp-G-CWUblN7VbiFIyjWICDB8I0HPufqNqYjK9_ykMBBlBIGHRJrZ4HBIwy_ZCT0uNtF9dom6DPe6ZN4AV4Pwha0TEcG2Qq1jS0k1&t=f2cd5c5, line 103: TypeError: this._popupElement is null
JavaScript error: http://pctel3.duckdns.org:40080/ScriptResource.axd?d=tezwe4yVLvov9ShS4hUEzpLRt4SwCZErcEgAvsyExf_pqOe_nvs5Z-mYK-Zuzpc27ZbJT7CRp-G-CWUblN7VbiFIyjWICDB8I0HPufqNqYjK9_ykMBBlBIGHRJrZ4HBIwy_ZCT0uNtF9dom6DPe6ZN4AV4Pwha0TEcG2Qq1jS0k1&t=f2cd5c5, line 103: TypeError: this._popupElement is null
JavaScript error: http://pctel3.duckdns.org:40080/ScriptResource.axd?d=tezwe4yVLvov9ShS4hUEzpLRt4SwCZErcEgAvsyExf_pqOe_nvs5Z-mYK-Zuzpc27ZbJT7CRp-G-CWUblN7VbiFIyjWICDB8I0HPufqNqYjK9_ykMBBlBIGHRJrZ4HBIwy_ZCT0uNtF9dom6DPe6ZN4AV4Pwha0TEcG2Qq1jS0k1&t=f2cd5c5, line 103: TypeError: this._popupElement is null
JavaScript error: http://pctel3.duckdns.org:40080/ScriptResource.axd?d=tezwe4yVLvov9ShS4hUEzpLRt4SwCZErcEgAvsyExf_pqOe_nvs5Z-mYK-Zuzpc27ZbJT7CRp-G-CWUblN7VbiFIyjWICDB8I0HPufqNqYjK9_ykMBBlBIGHRJrZ4HBIwy_ZCT0uNtF9dom6DPe6ZN4AV4Pwha0TEcG2Qq1jS0k1&t=f2cd5c5, line 103: TypeError: this._popupElement is null
JavaScript error: http://pctel3.duckdns.org:40080/ScriptResource.axd?d=tezwe4yVLvov9ShS4hUEzpLRt4SwCZErcEgAvsyExf_pqOe_nvs5Z-mYK-Zuzpc27ZbJT7CRp-G-CWUblN7VbiFIyjWICDB8I0HPufqNqYjK9_ykMBBlBIGHRJrZ4HBIwy_ZCT0uNtF9dom6DPe6ZN4AV4Pwha0TEcG2Qq1jS0k1&t=f2cd5c5, line 103: TypeError: this._popupElement is null
JavaScript error: http://pctel3.duckdns.org:40080/ScriptResource.axd?d=tezwe4yVLvov9ShS4hUEzpLRt4SwCZErcEgAvsyExf_pqOe_nvs5Z-mYK-Zuzpc27ZbJT7CRp-G-CWUblN7VbiFIyjWICDB8I0HPufqNqYjK9_ykMBBlBIGHRJrZ4HBIwy_ZCT0uNtF9dom6DPe6ZN4AV4Pwha0TEcG2Qq1jS0k1&t=f2cd5c5, line 103: TypeError: this._popupElement is null
JavaScript error: http://pctel3.duckdns.org:40080/ScriptResource.axd?d=tezwe4yVLvov9ShS4hUEzpLRt4SwCZErcEgAvsyExf_pqOe_nvs5Z-mYK-Zuzpc27ZbJT7CRp-G-CWUblN7VbiFIyjWICDB8I0HPufqNqYjK9_ykMBBlBIGHRJrZ4HBIwy_ZCT0uNtF9dom6DPe6ZN4AV4Pwha0TEcG2Qq1jS0k1&t=f2cd5c5, line 103: TypeError: this._popupElement is null
JavaScript error: http://pctel3.duckdns.org:40080/ScriptResource.axd?d=tezwe4yVLvov9ShS4hUEzpLRt4SwCZErcEgAvsyExf_pqOe_nvs5Z-mYK-Zuzpc27ZbJT7CRp-G-CWUblN7VbiFIyjWICDB8I0HPufqNqYjK9_ykMBBlBIGHRJrZ4HBIwy_ZCT0uNtF9dom6DPe6ZN4AV4Pwha0TEcG2Qq1jS0k1&t=f2cd5c5, line 103: TypeError: this._popupElement is null
JavaScript error: http://pctel3.duckdns.org:40080/ScriptResource.axd?d=tezwe4yVLvov9ShS4hUEzpLRt4SwCZErcEgAvsyExf_pqOe_nvs5Z-mYK-Zuzpc27ZbJT7CRp-G-CWUblN7VbiFIyjWICDB8I0HPufqNqYjK9_ykMBBlBIGHRJrZ4HBIwy_ZCT0uNtF9dom6DPe6ZN4AV4Pwha0TEcG2Qq1jS0k1&t=f2cd5c5, line 103: TypeError: this._popupElement is null
JavaScript error: http://pctel3.duckdns.org:40080/ScriptResource.axd?d=tezwe4yVLvov9ShS4hUEzpLRt4SwCZErcEgAvsyExf_pqOe_nvs5Z-mYK-Zuzpc27ZbJT7CRp-G-CWUblN7VbiFIyjWICDB8I0HPufqNqYjK9_ykMBBlBIGHRJrZ4HBIwy_ZCT0uNtF9dom6DPe6ZN4AV4Pwha0TEcG2Qq1jS0k1&t=f2cd5c5, line 103: TypeError: this._popupElement is null
JavaScript error: http://pctel3.duckdns.org:40080/ScriptResource.axd?d=tezwe4yVLvov9ShS4hUEzpLRt4SwCZErcEgAvsyExf_pqOe_nvs5Z-mYK-Zuzpc27ZbJT7CRp-G-CWUblN7VbiFIyjWICDB8I0HPufqNqYjK9_ykMBBlBIGHRJrZ4HBIwy_ZCT0uNtF9dom6DPe6ZN4AV4Pwha0TEcG2Qq1jS0k1&t=f2cd5c5, line 103: TypeError: this._popupElement is null
JavaScript error: http://pctel3.duckdns.org:40080/ScriptResource.axd?d=tezwe4yVLvov9ShS4hUEzpLRt4SwCZErcEgAvsyExf_pqOe_nvs5Z-mYK-Zuzpc27ZbJT7CRp-G-CWUblN7VbiFIyjWICDB8I0HPufqNqYjK9_ykMBBlBIGHRJrZ4HBIwy_ZCT0uNtF9dom6DPe6ZN4AV4Pwha0TEcG2Qq1jS0k1&t=f2cd5c5, line 103: TypeError: this._popupElement is null
JavaScript error: http://pctel3.duckdns.org:40080/ScriptResource.axd?d=tezwe4yVLvov9ShS4hUEzpLRt4SwCZErcEgAvsyExf_pqOe_nvs5Z-mYK-Zuzpc27ZbJT7CRp-G-CWUblN7VbiFIyjWICDB8I0HPufqNqYjK9_ykMBBlBIGHRJrZ4HBIwy_ZCT0uNtF9dom6DPe6ZN4AV4Pwha0TEcG2Qq1jS0k1&t=f2cd5c5, line 103: TypeError: this._popupElement is null
JavaScript error: http://pctel3.duckdns.org:40080/ScriptResource.axd?d=tezwe4yVLvov9ShS4hUEzpLRt4SwCZErcEgAvsyExf_pqOe_nvs5Z-mYK-Zuzpc27ZbJT7CRp-G-CWUblN7VbiFIyjWICDB8I0HPufqNqYjK9_ykMBBlBIGHRJrZ4HBIwy_ZCT0uNtF9dom6DPe6ZN4AV4Pwha0TEcG2Qq1jS0k1&t=f2cd5c5, line 103: TypeError: this._popupElement is null
JavaScript error: http://pctel3.duckdns.org:40080/ScriptResource.axd?d=tezwe4yVLvov9ShS4hUEzpLRt4SwCZErcEgAvsyExf_pqOe_nvs5Z-mYK-Zuzpc27ZbJT7CRp-G-CWUblN7VbiFIyjWICDB8I0HPufqNqYjK9_ykMBBlBIGHRJrZ4HBIwy_ZCT0uNtF9dom6DPe6ZN4AV4Pwha0TEcG2Qq1jS0k1&t=f2cd5c5, line 103: TypeError: this._popupElement is null
JavaScript error: http://pctel3.duckdns.org:40080/ScriptResource.axd?d=tezwe4yVLvov9ShS4hUEzpLRt4SwCZErcEgAvsyExf_pqOe_nvs5Z-mYK-Zuzpc27ZbJT7CRp-G-CWUblN7VbiFIyjWICDB8I0HPufqNqYjK9_ykMBBlBIGHRJrZ4HBIwy_ZCT0uNtF9dom6DPe6ZN4AV4Pwha0TEcG2Qq1jS0k1&t=f2cd5c5, line 103: TypeError: this._popupElement is null
JavaScript error: http://pctel3.duckdns.org:40080/ScriptResource.axd?d=tezwe4yVLvov9ShS4hUEzpLRt4SwCZErcEgAvsyExf_pqOe_nvs5Z-mYK-Zuzpc27ZbJT7CRp-G-CWUblN7VbiFIyjWICDB8I0HPufqNqYjK9_ykMBBlBIGHRJrZ4HBIwy_ZCT0uNtF9dom6DPe6ZN4AV4Pwha0TEcG2Qq1jS0k1&t=f2cd5c5, line 103: TypeError: this._popupElement is null
JavaScript error: http://pctel3.duckdns.org:40080/ScriptResource.axd?d=tezwe4yVLvov9ShS4hUEzpLRt4SwCZErcEgAvsyExf_pqOe_nvs5Z-mYK-Zuzpc27ZbJT7CRp-G-CWUblN7VbiFIyjWICDB8I0HPufqNqYjK9_ykMBBlBIGHRJrZ4HBIwy_ZCT0uNtF9dom6DPe6ZN4AV4Pwha0TEcG2Qq1jS0k1&t=f2cd5c5, line 103: TypeError: this._popupElement is null
JavaScript error: http://pctel3.duckdns.org:40080/ScriptResource.axd?d=tezwe4yVLvov9ShS4hUEzpLRt4SwCZErcEgAvsyExf_pqOe_nvs5Z-mYK-Zuzpc27ZbJT7CRp-G-CWUblN7VbiFIyjWICDB8I0HPufqNqYjK9_ykMBBlBIGHRJrZ4HBIwy_ZCT0uNtF9dom6DPe6ZN4AV4Pwha0TEcG2Qq1jS0k1&t=f2cd5c5, line 103: TypeError: this._popupElement is null
JavaScript error: http://pctel3.duckdns.org:40080/ScriptResource.axd?d=tezwe4yVLvov9ShS4hUEzpLRt4SwCZErcEgAvsyExf_pqOe_nvs5Z-mYK-Zuzpc27ZbJT7CRp-G-CWUblN7VbiFIyjWICDB8I0HPufqNqYjK9_ykMBBlBIGHRJrZ4HBIwy_ZCT0uNtF9dom6DPe6ZN4AV4Pwha0TEcG2Qq1jS0k1&t=f2cd5c5, line 103: TypeError: this._popupElement is null
JavaScript error: http://pctel3.duckdns.org:40080/ScriptResource.axd?d=tezwe4yVLvov9ShS4hUEzpLRt4SwCZErcEgAvsyExf_pqOe_nvs5Z-mYK-Zuzpc27ZbJT7CRp-G-CWUblN7VbiFIyjWICDB8I0HPufqNqYjK9_ykMBBlBIGHRJrZ4HBIwy_ZCT0uNtF9dom6DPe6ZN4AV4Pwha0TEcG2Qq1jS0k1&t=f2cd5c5, line 103: TypeError: this._popupElement is null
JavaScript error: http://pctel3.duckdns.org:40080/ScriptResource.axd?d=tezwe4yVLvov9ShS4hUEzpLRt4SwCZErcEgAvsyExf_pqOe_nvs5Z-mYK-Zuzpc27ZbJT7CRp-G-CWUblN7VbiFIyjWICDB8I0HPufqNqYjK9_ykMBBlBIGHRJrZ4HBIwy_ZCT0uNtF9dom6DPe6ZN4AV4Pwha0TEcG2Qq1jS0k1&t=f2cd5c5, line 103: TypeError: this._popupElement is null
JavaScript error: http://pctel3.duckdns.org:40080/ScriptResource.axd?d=tezwe4yVLvov9ShS4hUEzpLRt4SwCZErcEgAvsyExf_pqOe_nvs5Z-mYK-Zuzpc27ZbJT7CRp-G-CWUblN7VbiFIyjWICDB8I0HPufqNqYjK9_ykMBBlBIGHRJrZ4HBIwy_ZCT0uNtF9dom6DPe6ZN4AV4Pwha0TEcG2Qq1jS0k1&t=f2cd5c5, line 103: TypeError: this._popupElement is null
JavaScript error: http://pctel3.duckdns.org:40080/ScriptResource.axd?d=tezwe4yVLvov9ShS4hUEzpLRt4SwCZErcEgAvsyExf_pqOe_nvs5Z-mYK-Zuzpc27ZbJT7CRp-G-CWUblN7VbiFIyjWICDB8I0HPufqNqYjK9_ykMBBlBIGHRJrZ4HBIwy_ZCT0uNtF9dom6DPe6ZN4AV4Pwha0TEcG2Qq1jS0k1&t=f2cd5c5, line 103: TypeError: this._popupElement is null
JavaScript error: http://pctel3.duckdns.org:40080/ScriptResource.axd?d=tezwe4yVLvov9ShS4hUEzpLRt4SwCZErcEgAvsyExf_pqOe_nvs5Z-mYK-Zuzpc27ZbJT7CRp-G-CWUblN7VbiFIyjWICDB8I0HPufqNqYjK9_ykMBBlBIGHRJrZ4HBIwy_ZCT0uNtF9dom6DPe6ZN4AV4Pwha0TEcG2Qq1jS0k1&t=f2cd5c5, line 103: TypeError: this._popupElement is null
JavaScript error: http://pctel3.duckdns.org:40080/ScriptResource.axd?d=tezwe4yVLvov9ShS4hUEzpLRt4SwCZErcEgAvsyExf_pqOe_nvs5Z-mYK-Zuzpc27ZbJT7CRp-G-CWUblN7VbiFIyjWICDB8I0HPufqNqYjK9_ykMBBlBIGHRJrZ4HBIwy_ZCT0uNtF9dom6DPe6ZN4AV4Pwha0TEcG2Qq1jS0k1&t=f2cd5c5, line 103: TypeError: this._popupElement is null
JavaScript error: http://pctel3.duckdns.org:40080/ScriptResource.axd?d=tezwe4yVLvov9ShS4hUEzpLRt4SwCZErcEgAvsyExf_pqOe_nvs5Z-mYK-Zuzpc27ZbJT7CRp-G-CWUblN7VbiFIyjWICDB8I0HPufqNqYjK9_ykMBBlBIGHRJrZ4HBIwy_ZCT0uNtF9dom6DPe6ZN4AV4Pwha0TEcG2Qq1jS0k1&t=f2cd5c5, line 103: TypeError: this._popupElement is null
JavaScript error: http://pctel3.duckdns.org:40080/ScriptResource.axd?d=tezwe4yVLvov9ShS4hUEzpLRt4SwCZErcEgAvsyExf_pqOe_nvs5Z-mYK-Zuzpc27ZbJT7CRp-G-CWUblN7VbiFIyjWICDB8I0HPufqNqYjK9_ykMBBlBIGHRJrZ4HBIwy_ZCT0uNtF9dom6DPe6ZN4AV4Pwha0TEcG2Qq1jS0k1&t=f2cd5c5, line 103: TypeError: this._popupElement is null
JavaScript error: http://pctel3.duckdns.org:40080/ScriptResource.axd?d=tezwe4yVLvov9ShS4hUEzpLRt4SwCZErcEgAvsyExf_pqOe_nvs5Z-mYK-Zuzpc27ZbJT7CRp-G-CWUblN7VbiFIyjWICDB8I0HPufqNqYjK9_ykMBBlBIGHRJrZ4HBIwy_ZCT0uNtF9dom6DPe6ZN4AV4Pwha0TEcG2Qq1jS0k1&t=f2cd5c5, line 103: TypeError: this._popupElement is null
JavaScript error: http://pctel3.duckdns.org:40080/ScriptResource.axd?d=tezwe4yVLvov9ShS4hUEzpLRt4SwCZErcEgAvsyExf_pqOe_nvs5Z-mYK-Zuzpc27ZbJT7CRp-G-CWUblN7VbiFIyjWICDB8I0HPufqNqYjK9_ykMBBlBIGHRJrZ4HBIwy_ZCT0uNtF9dom6DPe6ZN4AV4Pwha0TEcG2Qq1jS0k1&t=f2cd5c5, line 103: TypeError: this._popupElement is null
JavaScript error: http://pctel3.duckdns.org:40080/ScriptResource.axd?d=tezwe4yVLvov9ShS4hUEzpLRt4SwCZErcEgAvsyExf_pqOe_nvs5Z-mYK-Zuzpc27ZbJT7CRp-G-CWUblN7VbiFIyjWICDB8I0HPufqNqYjK9_ykMBBlBIGHRJrZ4HBIwy_ZCT0uNtF9dom6DPe6ZN4AV4Pwha0TEcG2Qq1jS0k1&t=f2cd5c5, line 103: TypeError: this._popupElement is null
JavaScript error: http://pctel3.duckdns.org:40080/ScriptResource.axd?d=tezwe4yVLvov9ShS4hUEzpLRt4SwCZErcEgAvsyExf_pqOe_nvs5Z-mYK-Zuzpc27ZbJT7CRp-G-CWUblN7VbiFIyjWICDB8I0HPufqNqYjK9_ykMBBlBIGHRJrZ4HBIwy_ZCT0uNtF9dom6DPe6ZN4AV4Pwha0TEcG2Qq1jS0k1&t=f2cd5c5, line 103: TypeError: this._popupElement is null
JavaScript error: http://pctel3.duckdns.org:40080/ScriptResource.axd?d=tezwe4yVLvov9ShS4hUEzpLRt4SwCZErcEgAvsyExf_pqOe_nvs5Z-mYK-Zuzpc27ZbJT7CRp-G-CWUblN7VbiFIyjWICDB8I0HPufqNqYjK9_ykMBBlBIGHRJrZ4HBIwy_ZCT0uNtF9dom6DPe6ZN4AV4Pwha0TEcG2Qq1jS0k1&t=f2cd5c5, line 103: TypeError: this._popupElement is null
JavaScript error: http://pctel3.duckdns.org:40080/ScriptResource.axd?d=tezwe4yVLvov9ShS4hUEzpLRt4SwCZErcEgAvsyExf_pqOe_nvs5Z-mYK-Zuzpc27ZbJT7CRp-G-CWUblN7VbiFIyjWICDB8I0HPufqNqYjK9_ykMBBlBIGHRJrZ4HBIwy_ZCT0uNtF9dom6DPe6ZN4AV4Pwha0TEcG2Qq1jS0k1&t=f2cd5c5, line 103: TypeError: this._popupElement is null
JavaScript error: http://pctel3.duckdns.org:40080/ScriptResource.axd?d=tezwe4yVLvov9ShS4hUEzpLRt4SwCZErcEgAvsyExf_pqOe_nvs5Z-mYK-Zuzpc27ZbJT7CRp-G-CWUblN7VbiFIyjWICDB8I0HPufqNqYjK9_ykMBBlBIGHRJrZ4HBIwy_ZCT0uNtF9dom6DPe6ZN4AV4Pwha0TEcG2Qq1jS0k1&t=f2cd5c5, line 103: TypeError: this._popupElement is null
JavaScript error: http://pctel3.duckdns.org:40080/ScriptResource.axd?d=tezwe4yVLvov9ShS4hUEzpLRt4SwCZErcEgAvsyExf_pqOe_nvs5Z-mYK-Zuzpc27ZbJT7CRp-G-CWUblN7VbiFIyjWICDB8I0HPufqNqYjK9_ykMBBlBIGHRJrZ4HBIwy_ZCT0uNtF9dom6DPe6ZN4AV4Pwha0TEcG2Qq1jS0k1&t=f2cd5c5, line 103: TypeError: this._popupElement is null
JavaScript error: http://pctel3.duckdns.org:40080/ScriptResource.axd?d=tezwe4yVLvov9ShS4hUEzpLRt4SwCZErcEgAvsyExf_pqOe_nvs5Z-mYK-Zuzpc27ZbJT7CRp-G-CWUblN7VbiFIyjWICDB8I0HPufqNqYjK9_ykMBBlBIGHRJrZ4HBIwy_ZCT0uNtF9dom6DPe6ZN4AV4Pwha0TEcG2Qq1jS0k1&t=f2cd5c5, line 103: TypeError: this._popupElement is null
JavaScript error: http://pctel3.duckdns.org:40080/ScriptResource.axd?d=tezwe4yVLvov9ShS4hUEzpLRt4SwCZErcEgAvsyExf_pqOe_nvs5Z-mYK-Zuzpc27ZbJT7CRp-G-CWUblN7VbiFIyjWICDB8I0HPufqNqYjK9_ykMBBlBIGHRJrZ4HBIwy_ZCT0uNtF9dom6DPe6ZN4AV4Pwha0TEcG2Qq1jS0k1&t=f2cd5c5, line 103: TypeError: this._popupElement is null
JavaScript error: http://pctel3.duckdns.org:40080/ScriptResource.axd?d=tezwe4yVLvov9ShS4hUEzpLRt4SwCZErcEgAvsyExf_pqOe_nvs5Z-mYK-Zuzpc27ZbJT7CRp-G-CWUblN7VbiFIyjWICDB8I0HPufqNqYjK9_ykMBBlBIGHRJrZ4HBIwy_ZCT0uNtF9dom6DPe6ZN4AV4Pwha0TEcG2Qq1jS0k1&t=f2cd5c5, line 103: TypeError: this._popupElement is null
JavaScript error: http://pctel3.duckdns.org:40080/ScriptResource.axd?d=tezwe4yVLvov9ShS4hUEzpLRt4SwCZErcEgAvsyExf_pqOe_nvs5Z-mYK-Zuzpc27ZbJT7CRp-G-CWUblN7VbiFIyjWICDB8I0HPufqNqYjK9_ykMBBlBIGHRJrZ4HBIwy_ZCT0uNtF9dom6DPe6ZN4AV4Pwha0TEcG2Qq1jS0k1&t=f2cd5c5, line 103: TypeError: this._popupElement is null
JavaScript error: http://pctel3.duckdns.org:40080/ScriptResource.axd?d=tezwe4yVLvov9ShS4hUEzpLRt4SwCZErcEgAvsyExf_pqOe_nvs5Z-mYK-Zuzpc27ZbJT7CRp-G-CWUblN7VbiFIyjWICDB8I0HPufqNqYjK9_ykMBBlBIGHRJrZ4HBIwy_ZCT0uNtF9dom6DPe6ZN4AV4Pwha0TEcG2Qq1jS0k1&t=f2cd5c5, line 103: TypeError: this._popupElement is null
JavaScript error: http://pctel3.duckdns.org:40080/ScriptResource.axd?d=tezwe4yVLvov9ShS4hUEzpLRt4SwCZErcEgAvsyExf_pqOe_nvs5Z-mYK-Zuzpc27ZbJT7CRp-G-CWUblN7VbiFIyjWICDB8I0HPufqNqYjK9_ykMBBlBIGHRJrZ4HBIwy_ZCT0uNtF9dom6DPe6ZN4AV4Pwha0TEcG2Qq1jS0k1&t=f2cd5c5, line 103: TypeError: this._popupElement is null
JavaScript error: http://pctel3.duckdns.org:40080/ScriptResource.axd?d=tezwe4yVLvov9ShS4hUEzpLRt4SwCZErcEgAvsyExf_pqOe_nvs5Z-mYK-Zuzpc27ZbJT7CRp-G-CWUblN7VbiFIyjWICDB8I0HPufqNqYjK9_ykMBBlBIGHRJrZ4HBIwy_ZCT0uNtF9dom6DPe6ZN4AV4Pwha0TEcG2Qq1jS0k1&t=f2cd5c5, line 103: TypeError: this._popupElement is null
JavaScript error: http://pctel3.duckdns.org:40080/ScriptResource.axd?d=tezwe4yVLvov9ShS4hUEzpLRt4SwCZErcEgAvsyExf_pqOe_nvs5Z-mYK-Zuzpc27ZbJT7CRp-G-CWUblN7VbiFIyjWICDB8I0HPufqNqYjK9_ykMBBlBIGHRJrZ4HBIwy_ZCT0uNtF9dom6DPe6ZN4AV4Pwha0TEcG2Qq1jS0k1&t=f2cd5c5, line 103: TypeError: this._popupElement is null
JavaScript error: http://pctel3.duckdns.org:40080/ScriptResource.axd?d=tezwe4yVLvov9ShS4hUEzpLRt4SwCZErcEgAvsyExf_pqOe_nvs5Z-mYK-Zuzpc27ZbJT7CRp-G-CWUblN7VbiFIyjWICDB8I0HPufqNqYjK9_ykMBBlBIGHRJrZ4HBIwy_ZCT0uNtF9dom6DPe6ZN4AV4Pwha0TEcG2Qq1jS0k1&t=f2cd5c5, line 103: TypeError: this._popupElement is null
JavaScript error: http://pctel3.duckdns.org:40080/ScriptResource.axd?d=tezwe4yVLvov9ShS4hUEzpLRt4SwCZErcEgAvsyExf_pqOe_nvs5Z-mYK-Zuzpc27ZbJT7CRp-G-CWUblN7VbiFIyjWICDB8I0HPufqNqYjK9_ykMBBlBIGHRJrZ4HBIwy_ZCT0uNtF9dom6DPe6ZN4AV4Pwha0TEcG2Qq1jS0k1&t=f2cd5c5, line 103: TypeError: this._popupElement is null
JavaScript error: http://pctel3.duckdns.org:40080/ScriptResource.axd?d=tezwe4yVLvov9ShS4hUEzpLRt4SwCZErcEgAvsyExf_pqOe_nvs5Z-mYK-Zuzpc27ZbJT7CRp-G-CWUblN7VbiFIyjWICDB8I0HPufqNqYjK9_ykMBBlBIGHRJrZ4HBIwy_ZCT0uNtF9dom6DPe6ZN4AV4Pwha0TEcG2Qq1jS0k1&t=f2cd5c5, line 103: TypeError: this._popupElement is null
JavaScript error: http://pctel3.duckdns.org:40080/ScriptResource.axd?d=tezwe4yVLvov9ShS4hUEzpLRt4SwCZErcEgAvsyExf_pqOe_nvs5Z-mYK-Zuzpc27ZbJT7CRp-G-CWUblN7VbiFIyjWICDB8I0HPufqNqYjK9_ykMBBlBIGHRJrZ4HBIwy_ZCT0uNtF9dom6DPe6ZN4AV4Pwha0TEcG2Qq1jS0k1&t=f2cd5c5, line 103: TypeError: this._popupElement is null
JavaScript error: http://pctel3.duckdns.org:40080/ScriptResource.axd?d=tezwe4yVLvov9ShS4hUEzpLRt4SwCZErcEgAvsyExf_pqOe_nvs5Z-mYK-Zuzpc27ZbJT7CRp-G-CWUblN7VbiFIyjWICDB8I0HPufqNqYjK9_ykMBBlBIGHRJrZ4HBIwy_ZCT0uNtF9dom6DPe6ZN4AV4Pwha0TEcG2Qq1jS0k1&t=f2cd5c5, line 103: TypeError: this._popupElement is null
JavaScript error: http://pctel3.duckdns.org:40080/ScriptResource.axd?d=tezwe4yVLvov9ShS4hUEzpLRt4SwCZErcEgAvsyExf_pqOe_nvs5Z-mYK-Zuzpc27ZbJT7CRp-G-CWUblN7VbiFIyjWICDB8I0HPufqNqYjK9_ykMBBlBIGHRJrZ4HBIwy_ZCT0uNtF9dom6DPe6ZN4AV4Pwha0TEcG2Qq1jS0k1&t=f2cd5c5, line 103: TypeError: this._popupElement is null
JavaScript error: http://pctel3.duckdns.org:40080/ScriptResource.axd?d=tezwe4yVLvov9ShS4hUEzpLRt4SwCZErcEgAvsyExf_pqOe_nvs5Z-mYK-Zuzpc27ZbJT7CRp-G-CWUblN7VbiFIyjWICDB8I0HPufqNqYjK9_ykMBBlBIGHRJrZ4HBIwy_ZCT0uNtF9dom6DPe6ZN4AV4Pwha0TEcG2Qq1jS0k1&t=f2cd5c5, line 103: TypeError: this._popupElement is null
JavaScript error: http://pctel3.duckdns.org:40080/ScriptResource.axd?d=tezwe4yVLvov9ShS4hUEzpLRt4SwCZErcEgAvsyExf_pqOe_nvs5Z-mYK-Zuzpc27ZbJT7CRp-G-CWUblN7VbiFIyjWICDB8I0HPufqNqYjK9_ykMBBlBIGHRJrZ4HBIwy_ZCT0uNtF9dom6DPe6ZN4AV4Pwha0TEcG2Qq1jS0k1&t=f2cd5c5, line 103: TypeError: this._popupElement is null
JavaScript error: http://pctel3.duckdns.org:40080/ScriptResource.axd?d=tezwe4yVLvov9ShS4hUEzpLRt4SwCZErcEgAvsyExf_pqOe_nvs5Z-mYK-Zuzpc27ZbJT7CRp-G-CWUblN7VbiFIyjWICDB8I0HPufqNqYjK9_ykMBBlBIGHRJrZ4HBIwy_ZCT0uNtF9dom6DPe6ZN4AV4Pwha0TEcG2Qq1jS0k1&t=f2cd5c5, line 103: TypeError: this._popupElement is null
JavaScript error: http://pctel3.duckdns.org:40080/ScriptResource.axd?d=tezwe4yVLvov9ShS4hUEzpLRt4SwCZErcEgAvsyExf_pqOe_nvs5Z-mYK-Zuzpc27ZbJT7CRp-G-CWUblN7VbiFIyjWICDB8I0HPufqNqYjK9_ykMBBlBIGHRJrZ4HBIwy_ZCT0uNtF9dom6DPe6ZN4AV4Pwha0TEcG2Qq1jS0k1&t=f2cd5c5, line 103: TypeError: this._popupElement is null
JavaScript error: http://pctel3.duckdns.org:40080/ScriptResource.axd?d=tezwe4yVLvov9ShS4hUEzpLRt4SwCZErcEgAvsyExf_pqOe_nvs5Z-mYK-Zuzpc27ZbJT7CRp-G-CWUblN7VbiFIyjWICDB8I0HPufqNqYjK9_ykMBBlBIGHRJrZ4HBIwy_ZCT0uNtF9dom6DPe6ZN4AV4Pwha0TEcG2Qq1jS0k1&t=f2cd5c5, line 103: TypeError: this._popupElement is null
JavaScript error: http://pctel3.duckdns.org:40080/ScriptResource.axd?d=tezwe4yVLvov9ShS4hUEzpLRt4SwCZErcEgAvsyExf_pqOe_nvs5Z-mYK-Zuzpc27ZbJT7CRp-G-CWUblN7VbiFIyjWICDB8I0HPufqNqYjK9_ykMBBlBIGHRJrZ4HBIwy_ZCT0uNtF9dom6DPe6ZN4AV4Pwha0TEcG2Qq1jS0k1&t=f2cd5c5, line 103: TypeError: this._popupElement is null
JavaScript error: http://pctel3.duckdns.org:40080/ScriptResource.axd?d=tezwe4yVLvov9ShS4hUEzpLRt4SwCZErcEgAvsyExf_pqOe_nvs5Z-mYK-Zuzpc27ZbJT7CRp-G-CWUblN7VbiFIyjWICDB8I0HPufqNqYjK9_ykMBBlBIGHRJrZ4HBIwy_ZCT0uNtF9dom6DPe6ZN4AV4Pwha0TEcG2Qq1jS0k1&t=f2cd5c5, line 103: TypeError: this._popupElement is null
JavaScript error: http://pctel3.duckdns.org:40080/ScriptResource.axd?d=tezwe4yVLvov9ShS4hUEzpLRt4SwCZErcEgAvsyExf_pqOe_nvs5Z-mYK-Zuzpc27ZbJT7CRp-G-CWUblN7VbiFIyjWICDB8I0HPufqNqYjK9_ykMBBlBIGHRJrZ4HBIwy_ZCT0uNtF9dom6DPe6ZN4AV4Pwha0TEcG2Qq1jS0k1&t=f2cd5c5, line 103: TypeError: this._popupElement is null
JavaScript error: http://pctel3.duckdns.org:40080/ScriptResource.axd?d=tezwe4yVLvov9ShS4hUEzpLRt4SwCZErcEgAvsyExf_pqOe_nvs5Z-mYK-Zuzpc27ZbJT7CRp-G-CWUblN7VbiFIyjWICDB8I0HPufqNqYjK9_ykMBBlBIGHRJrZ4HBIwy_ZCT0uNtF9dom6DPe6ZN4AV4Pwha0TEcG2Qq1jS0k1&t=f2cd5c5, line 103: TypeError: this._popupElement is null
JavaScript error: http://pctel3.duckdns.org:40080/ScriptResource.axd?d=tezwe4yVLvov9ShS4hUEzpLRt4SwCZErcEgAvsyExf_pqOe_nvs5Z-mYK-Zuzpc27ZbJT7CRp-G-CWUblN7VbiFIyjWICDB8I0HPufqNqYjK9_ykMBBlBIGHRJrZ4HBIwy_ZCT0uNtF9dom6DPe6ZN4AV4Pwha0TEcG2Qq1jS0k1&t=f2cd5c5, line 103: TypeError: this._popupElement is null
JavaScript error: http://pctel3.duckdns.org:40080/ScriptResource.axd?d=tezwe4yVLvov9ShS4hUEzpLRt4SwCZErcEgAvsyExf_pqOe_nvs5Z-mYK-Zuzpc27ZbJT7CRp-G-CWUblN7VbiFIyjWICDB8I0HPufqNqYjK9_ykMBBlBIGHRJrZ4HBIwy_ZCT0uNtF9dom6DPe6ZN4AV4Pwha0TEcG2Qq1jS0k1&t=f2cd5c5, line 103: TypeError: this._popupElement is null
JavaScript error: http://pctel3.duckdns.org:40080/ScriptResource.axd?d=tezwe4yVLvov9ShS4hUEzpLRt4SwCZErcEgAvsyExf_pqOe_nvs5Z-mYK-Zuzpc27ZbJT7CRp-G-CWUblN7VbiFIyjWICDB8I0HPufqNqYjK9_ykMBBlBIGHRJrZ4HBIwy_ZCT0uNtF9dom6DPe6ZN4AV4Pwha0TEcG2Qq1jS0k1&t=f2cd5c5, line 103: TypeError: this._popupElement is null
JavaScript error: http://pctel3.duckdns.org:40080/ScriptResource.axd?d=tezwe4yVLvov9ShS4hUEzpLRt4SwCZErcEgAvsyExf_pqOe_nvs5Z-mYK-Zuzpc27ZbJT7CRp-G-CWUblN7VbiFIyjWICDB8I0HPufqNqYjK9_ykMBBlBIGHRJrZ4HBIwy_ZCT0uNtF9dom6DPe6ZN4AV4Pwha0TEcG2Qq1jS0k1&t=f2cd5c5, line 103: TypeError: this._popupElement is null
JavaScript error: http://pctel3.duckdns.org:40080/ScriptResource.axd?d=tezwe4yVLvov9ShS4hUEzpLRt4SwCZErcEgAvsyExf_pqOe_nvs5Z-mYK-Zuzpc27ZbJT7CRp-G-CWUblN7VbiFIyjWICDB8I0HPufqNqYjK9_ykMBBlBIGHRJrZ4HBIwy_ZCT0uNtF9dom6DPe6ZN4AV4Pwha0TEcG2Qq1jS0k1&t=f2cd5c5, line 103: TypeError: this._popupElement is null
JavaScript error: http://pctel3.duckdns.org:40080/ScriptResource.axd?d=tezwe4yVLvov9ShS4hUEzpLRt4SwCZErcEgAvsyExf_pqOe_nvs5Z-mYK-Zuzpc27ZbJT7CRp-G-CWUblN7VbiFIyjWICDB8I0HPufqNqYjK9_ykMBBlBIGHRJrZ4HBIwy_ZCT0uNtF9dom6DPe6ZN4AV4Pwha0TEcG2Qq1jS0k1&t=f2cd5c5, line 103: TypeError: this._popupElement is null
JavaScript error: http://pctel3.duckdns.org:40080/ScriptResource.axd?d=tezwe4yVLvov9ShS4hUEzpLRt4SwCZErcEgAvsyExf_pqOe_nvs5Z-mYK-Zuzpc27ZbJT7CRp-G-CWUblN7VbiFIyjWICDB8I0HPufqNqYjK9_ykMBBlBIGHRJrZ4HBIwy_ZCT0uNtF9dom6DPe6ZN4AV4Pwha0TEcG2Qq1jS0k1&t=f2cd5c5, line 103: TypeError: this._popupElement is null
JavaScript error: http://pctel3.duckdns.org:40080/ScriptResource.axd?d=tezwe4yVLvov9ShS4hUEzpLRt4SwCZErcEgAvsyExf_pqOe_nvs5Z-mYK-Zuzpc27ZbJT7CRp-G-CWUblN7VbiFIyjWICDB8I0HPufqNqYjK9_ykMBBlBIGHRJrZ4HBIwy_ZCT0uNtF9dom6DPe6ZN4AV4Pwha0TEcG2Qq1jS0k1&t=f2cd5c5, line 103: TypeError: this._popupElement is null
JavaScript error: http://pctel3.duckdns.org:40080/ScriptResource.axd?d=tezwe4yVLvov9ShS4hUEzpLRt4SwCZErcEgAvsyExf_pqOe_nvs5Z-mYK-Zuzpc27ZbJT7CRp-G-CWUblN7VbiFIyjWICDB8I0HPufqNqYjK9_ykMBBlBIGHRJrZ4HBIwy_ZCT0uNtF9dom6DPe6ZN4AV4Pwha0TEcG2Qq1jS0k1&t=f2cd5c5, line 103: TypeError: this._popupElement is null
JavaScript error: http://pctel3.duckdns.org:40080/ScriptResource.axd?d=tezwe4yVLvov9ShS4hUEzpLRt4SwCZErcEgAvsyExf_pqOe_nvs5Z-mYK-Zuzpc27ZbJT7CRp-G-CWUblN7VbiFIyjWICDB8I0HPufqNqYjK9_ykMBBlBIGHRJrZ4HBIwy_ZCT0uNtF9dom6DPe6ZN4AV4Pwha0TEcG2Qq1jS0k1&t=f2cd5c5, line 103: TypeError: this._popupElement is null
JavaScript error: http://pctel3.duckdns.org:40080/ScriptResource.axd?d=tezwe4yVLvov9ShS4hUEzpLRt4SwCZErcEgAvsyExf_pqOe_nvs5Z-mYK-Zuzpc27ZbJT7CRp-G-CWUblN7VbiFIyjWICDB8I0HPufqNqYjK9_ykMBBlBIGHRJrZ4HBIwy_ZCT0uNtF9dom6DPe6ZN4AV4Pwha0TEcG2Qq1jS0k1&t=f2cd5c5, line 103: TypeError: this._popupElement is null
JavaScript error: http://pctel3.duckdns.org:40080/ScriptResource.axd?d=tezwe4yVLvov9ShS4hUEzpLRt4SwCZErcEgAvsyExf_pqOe_nvs5Z-mYK-Zuzpc27ZbJT7CRp-G-CWUblN7VbiFIyjWICDB8I0HPufqNqYjK9_ykMBBlBIGHRJrZ4HBIwy_ZCT0uNtF9dom6DPe6ZN4AV4Pwha0TEcG2Qq1jS0k1&t=f2cd5c5, line 103: TypeError: this._popupElement is null
JavaScript error: http://pctel3.duckdns.org:40080/ScriptResource.axd?d=tezwe4yVLvov9ShS4hUEzpLRt4SwCZErcEgAvsyExf_pqOe_nvs5Z-mYK-Zuzpc27ZbJT7CRp-G-CWUblN7VbiFIyjWICDB8I0HPufqNqYjK9_ykMBBlBIGHRJrZ4HBIwy_ZCT0uNtF9dom6DPe6ZN4AV4Pwha0TEcG2Qq1jS0k1&t=f2cd5c5, line 103: TypeError: this._popupElement is null
JavaScript error: http://pctel3.duckdns.org:40080/ScriptResource.axd?d=tezwe4yVLvov9ShS4hUEzpLRt4SwCZErcEgAvsyExf_pqOe_nvs5Z-mYK-Zuzpc27ZbJT7CRp-G-CWUblN7VbiFIyjWICDB8I0HPufqNqYjK9_ykMBBlBIGHRJrZ4HBIwy_ZCT0uNtF9dom6DPe6ZN4AV4Pwha0TEcG2Qq1jS0k1&t=f2cd5c5, line 103: TypeError: this._popupElement is null
JavaScript error: http://pctel3.duckdns.org:40080/ScriptResource.axd?d=tezwe4yVLvov9ShS4hUEzpLRt4SwCZErcEgAvsyExf_pqOe_nvs5Z-mYK-Zuzpc27ZbJT7CRp-G-CWUblN7VbiFIyjWICDB8I0HPufqNqYjK9_ykMBBlBIGHRJrZ4HBIwy_ZCT0uNtF9dom6DPe6ZN4AV4Pwha0TEcG2Qq1jS0k1&t=f2cd5c5, line 103: TypeError: this._popupElement is null
JavaScript error: http://pctel3.duckdns.org:40080/ScriptResource.axd?d=tezwe4yVLvov9ShS4hUEzpLRt4SwCZErcEgAvsyExf_pqOe_nvs5Z-mYK-Zuzpc27ZbJT7CRp-G-CWUblN7VbiFIyjWICDB8I0HPufqNqYjK9_ykMBBlBIGHRJrZ4HBIwy_ZCT0uNtF9dom6DPe6ZN4AV4Pwha0TEcG2Qq1jS0k1&t=f2cd5c5, line 103: TypeError: this._popupElement is null
JavaScript error: , line 0: NotAllowedError: The play method is not allowed by the user agent or the platform in the current context, possibly because the user denied permission.
JavaScript error: http://pctel3.duckdns.org:40080/ScriptResource.axd?d=tezwe4yVLvov9ShS4hUEzpLRt4SwCZErcEgAvsyExf_pqOe_nvs5Z-mYK-Zuzpc27ZbJT7CRp-G-CWUblN7VbiFIyjWICDB8I0HPufqNqYjK9_ykMBBlBIGHRJrZ4HBIwy_ZCT0uNtF9dom6DPe6ZN4AV4Pwha0TEcG2Qq1jS0k1&t=f2cd5c5, line 103: TypeError: this._popupElement is null
JavaScript error: http://pctel3.duckdns.org:40080/ScriptResource.axd?d=tezwe4yVLvov9ShS4hUEzpLRt4SwCZErcEgAvsyExf_pqOe_nvs5Z-mYK-Zuzpc27ZbJT7CRp-G-CWUblN7VbiFIyjWICDB8I0HPufqNqYjK9_ykMBBlBIGHRJrZ4HBIwy_ZCT0uNtF9dom6DPe6ZN4AV4Pwha0TEcG2Qq1jS0k1&t=f2cd5c5, line 103: TypeError: this._popupElement is null
JavaScript error: http://pctel3.duckdns.org:40080/ScriptResource.axd?d=tezwe4yVLvov9ShS4hUEzpLRt4SwCZErcEgAvsyExf_pqOe_nvs5Z-mYK-Zuzpc27ZbJT7CRp-G-CWUblN7VbiFIyjWICDB8I0HPufqNqYjK9_ykMBBlBIGHRJrZ4HBIwy_ZCT0uNtF9dom6DPe6ZN4AV4Pwha0TEcG2Qq1jS0k1&t=f2cd5c5, line 103: TypeError: this._popupElement is null
JavaScript error: http://pctel3.duckdns.org:40080/ScriptResource.axd?d=tezwe4yVLvov9ShS4hUEzpLRt4SwCZErcEgAvsyExf_pqOe_nvs5Z-mYK-Zuzpc27ZbJT7CRp-G-CWUblN7VbiFIyjWICDB8I0HPufqNqYjK9_ykMBBlBIGHRJrZ4HBIwy_ZCT0uNtF9dom6DPe6ZN4AV4Pwha0TEcG2Qq1jS0k1&t=f2cd5c5, line 103: TypeError: this._popupElement is null
JavaScript error: http://pctel3.duckdns.org:40080/ScriptResource.axd?d=tezwe4yVLvov9ShS4hUEzpLRt4SwCZErcEgAvsyExf_pqOe_nvs5Z-mYK-Zuzpc27ZbJT7CRp-G-CWUblN7VbiFIyjWICDB8I0HPufqNqYjK9_ykMBBlBIGHRJrZ4HBIwy_ZCT0uNtF9dom6DPe6ZN4AV4Pwha0TEcG2Qq1jS0k1&t=f2cd5c5, line 103: TypeError: this._popupElement is null
JavaScript error: http://pctel3.duckdns.org:40080/ScriptResource.axd?d=tezwe4yVLvov9ShS4hUEzpLRt4SwCZErcEgAvsyExf_pqOe_nvs5Z-mYK-Zuzpc27ZbJT7CRp-G-CWUblN7VbiFIyjWICDB8I0HPufqNqYjK9_ykMBBlBIGHRJrZ4HBIwy_ZCT0uNtF9dom6DPe6ZN4AV4Pwha0TEcG2Qq1jS0k1&t=f2cd5c5, line 103: TypeError: this._popupElement is null
JavaScript error: http://pctel3.duckdns.org:40080/ScriptResource.axd?d=tezwe4yVLvov9ShS4hUEzpLRt4SwCZErcEgAvsyExf_pqOe_nvs5Z-mYK-Zuzpc27ZbJT7CRp-G-CWUblN7VbiFIyjWICDB8I0HPufqNqYjK9_ykMBBlBIGHRJrZ4HBIwy_ZCT0uNtF9dom6DPe6ZN4AV4Pwha0TEcG2Qq1jS0k1&t=f2cd5c5, line 103: TypeError: this._popupElement is null
JavaScript error: http://pctel3.duckdns.org:40080/ScriptResource.axd?d=tezwe4yVLvov9ShS4hUEzpLRt4SwCZErcEgAvsyExf_pqOe_nvs5Z-mYK-Zuzpc27ZbJT7CRp-G-CWUblN7VbiFIyjWICDB8I0HPufqNqYjK9_ykMBBlBIGHRJrZ4HBIwy_ZCT0uNtF9dom6DPe6ZN4AV4Pwha0TEcG2Qq1jS0k1&t=f2cd5c5, line 103: TypeError: this._popupElement is null
JavaScript error: http://pctel3.duckdns.org:40080/ScriptResource.axd?d=tezwe4yVLvov9ShS4hUEzpLRt4SwCZErcEgAvsyExf_pqOe_nvs5Z-mYK-Zuzpc27ZbJT7CRp-G-CWUblN7VbiFIyjWICDB8I0HPufqNqYjK9_ykMBBlBIGHRJrZ4HBIwy_ZCT0uNtF9dom6DPe6ZN4AV4Pwha0TEcG2Qq1jS0k1&t=f2cd5c5, line 103: TypeError: this._popupElement is null
JavaScript error: http://pctel3.duckdns.org:40080/ScriptResource.axd?d=tezwe4yVLvov9ShS4hUEzpLRt4SwCZErcEgAvsyExf_pqOe_nvs5Z-mYK-Zuzpc27ZbJT7CRp-G-CWUblN7VbiFIyjWICDB8I0HPufqNqYjK9_ykMBBlBIGHRJrZ4HBIwy_ZCT0uNtF9dom6DPe6ZN4AV4Pwha0TEcG2Qq1jS0k1&t=f2cd5c5, line 103: TypeError: this._popupElement is null
JavaScript error: http://pctel3.duckdns.org:40080/ScriptResource.axd?d=tezwe4yVLvov9ShS4hUEzpLRt4SwCZErcEgAvsyExf_pqOe_nvs5Z-mYK-Zuzpc27ZbJT7CRp-G-CWUblN7VbiFIyjWICDB8I0HPufqNqYjK9_ykMBBlBIGHRJrZ4HBIwy_ZCT0uNtF9dom6DPe6ZN4AV4Pwha0TEcG2Qq1jS0k1&t=f2cd5c5, line 103: TypeError: this._popupElement is null
JavaScript error: http://pctel3.duckdns.org:40080/ScriptResource.axd?d=tezwe4yVLvov9ShS4hUEzpLRt4SwCZErcEgAvsyExf_pqOe_nvs5Z-mYK-Zuzpc27ZbJT7CRp-G-CWUblN7VbiFIyjWICDB8I0HPufqNqYjK9_ykMBBlBIGHRJrZ4HBIwy_ZCT0uNtF9dom6DPe6ZN4AV4Pwha0TEcG2Qq1jS0k1&t=f2cd5c5, line 103: TypeError: this._popupElement is null
JavaScript error: http://pctel3.duckdns.org:40080/ScriptResource.axd?d=tezwe4yVLvov9ShS4hUEzpLRt4SwCZErcEgAvsyExf_pqOe_nvs5Z-mYK-Zuzpc27ZbJT7CRp-G-CWUblN7VbiFIyjWICDB8I0HPufqNqYjK9_ykMBBlBIGHRJrZ4HBIwy_ZCT0uNtF9dom6DPe6ZN4AV4Pwha0TEcG2Qq1jS0k1&t=f2cd5c5, line 103: TypeError: this._popupElement is null
JavaScript error: http://pctel3.duckdns.org:40080/ScriptResource.axd?d=tezwe4yVLvov9ShS4hUEzpLRt4SwCZErcEgAvsyExf_pqOe_nvs5Z-mYK-Zuzpc27ZbJT7CRp-G-CWUblN7VbiFIyjWICDB8I0HPufqNqYjK9_ykMBBlBIGHRJrZ4HBIwy_ZCT0uNtF9dom6DPe6ZN4AV4Pwha0TEcG2Qq1jS0k1&t=f2cd5c5, line 103: TypeError: this._popupElement is null
JavaScript error: http://pctel3.duckdns.org:40080/ScriptResource.axd?d=tezwe4yVLvov9ShS4hUEzpLRt4SwCZErcEgAvsyExf_pqOe_nvs5Z-mYK-Zuzpc27ZbJT7CRp-G-CWUblN7VbiFIyjWICDB8I0HPufqNqYjK9_ykMBBlBIGHRJrZ4HBIwy_ZCT0uNtF9dom6DPe6ZN4AV4Pwha0TEcG2Qq1jS0k1&t=f2cd5c5, line 103: TypeError: this._popupElement is null
JavaScript error: http://pctel3.duckdns.org:40080/ScriptResource.axd?d=tezwe4yVLvov9ShS4hUEzpLRt4SwCZErcEgAvsyExf_pqOe_nvs5Z-mYK-Zuzpc27ZbJT7CRp-G-CWUblN7VbiFIyjWICDB8I0HPufqNqYjK9_ykMBBlBIGHRJrZ4HBIwy_ZCT0uNtF9dom6DPe6ZN4AV4Pwha0TEcG2Qq1jS0k1&t=f2cd5c5, line 103: TypeError: this._popupElement is null
JavaScript error: http://pctel3.duckdns.org:40080/ScriptResource.axd?d=tezwe4yVLvov9ShS4hUEzpLRt4SwCZErcEgAvsyExf_pqOe_nvs5Z-mYK-Zuzpc27ZbJT7CRp-G-CWUblN7VbiFIyjWICDB8I0HPufqNqYjK9_ykMBBlBIGHRJrZ4HBIwy_ZCT0uNtF9dom6DPe6ZN4AV4Pwha0TEcG2Qq1jS0k1&t=f2cd5c5, line 103: TypeError: this._popupElement is null
JavaScript error: http://pctel3.duckdns.org:40080/ScriptResource.axd?d=tezwe4yVLvov9ShS4hUEzpLRt4SwCZErcEgAvsyExf_pqOe_nvs5Z-mYK-Zuzpc27ZbJT7CRp-G-CWUblN7VbiFIyjWICDB8I0HPufqNqYjK9_ykMBBlBIGHRJrZ4HBIwy_ZCT0uNtF9dom6DPe6ZN4AV4Pwha0TEcG2Qq1jS0k1&t=f2cd5c5, line 103: TypeError: this._popupElement is null
JavaScript error: http://pctel3.duckdns.org:40080/ScriptResource.axd?d=tezwe4yVLvov9ShS4hUEzpLRt4SwCZErcEgAvsyExf_pqOe_nvs5Z-mYK-Zuzpc27ZbJT7CRp-G-CWUblN7VbiFIyjWICDB8I0HPufqNqYjK9_ykMBBlBIGHRJrZ4HBIwy_ZCT0uNtF9dom6DPe6ZN4AV4Pwha0TEcG2Qq1jS0k1&t=f2cd5c5, line 103: TypeError: this._popupElement is null
JavaScript error: http://pctel3.duckdns.org:40080/ScriptResource.axd?d=tezwe4yVLvov9ShS4hUEzpLRt4SwCZErcEgAvsyExf_pqOe_nvs5Z-mYK-Zuzpc27ZbJT7CRp-G-CWUblN7VbiFIyjWICDB8I0HPufqNqYjK9_ykMBBlBIGHRJrZ4HBIwy_ZCT0uNtF9dom6DPe6ZN4AV4Pwha0TEcG2Qq1jS0k1&t=f2cd5c5, line 103: TypeError: this._popupElement is null
JavaScript error: http://pctel3.duckdns.org:40080/ScriptResource.axd?d=tezwe4yVLvov9ShS4hUEzpLRt4SwCZErcEgAvsyExf_pqOe_nvs5Z-mYK-Zuzpc27ZbJT7CRp-G-CWUblN7VbiFIyjWICDB8I0HPufqNqYjK9_ykMBBlBIGHRJrZ4HBIwy_ZCT0uNtF9dom6DPe6ZN4AV4Pwha0TEcG2Qq1jS0k1&t=f2cd5c5, line 103: TypeError: this._popupElement is null
JavaScript error: http://pctel3.duckdns.org:40080/ScriptResource.axd?d=tezwe4yVLvov9ShS4hUEzpLRt4SwCZErcEgAvsyExf_pqOe_nvs5Z-mYK-Zuzpc27ZbJT7CRp-G-CWUblN7VbiFIyjWICDB8I0HPufqNqYjK9_ykMBBlBIGHRJrZ4HBIwy_ZCT0uNtF9dom6DPe6ZN4AV4Pwha0TEcG2Qq1jS0k1&t=f2cd5c5, line 103: TypeError: this._popupElement is null
JavaScript error: http://pctel3.duckdns.org:40080/ScriptResource.axd?d=tezwe4yVLvov9ShS4hUEzpLRt4SwCZErcEgAvsyExf_pqOe_nvs5Z-mYK-Zuzpc27ZbJT7CRp-G-CWUblN7VbiFIyjWICDB8I0HPufqNqYjK9_ykMBBlBIGHRJrZ4HBIwy_ZCT0uNtF9dom6DPe6ZN4AV4Pwha0TEcG2Qq1jS0k1&t=f2cd5c5, line 103: TypeError: this._popupElement is null
JavaScript error: http://pctel3.duckdns.org:40080/ScriptResource.axd?d=tezwe4yVLvov9ShS4hUEzpLRt4SwCZErcEgAvsyExf_pqOe_nvs5Z-mYK-Zuzpc27ZbJT7CRp-G-CWUblN7VbiFIyjWICDB8I0HPufqNqYjK9_ykMBBlBIGHRJrZ4HBIwy_ZCT0uNtF9dom6DPe6ZN4AV4Pwha0TEcG2Qq1jS0k1&t=f2cd5c5, line 103: TypeError: this._popupElement is null
JavaScript error: http://pctel3.duckdns.org:40080/ScriptResource.axd?d=tezwe4yVLvov9ShS4hUEzpLRt4SwCZErcEgAvsyExf_pqOe_nvs5Z-mYK-Zuzpc27ZbJT7CRp-G-CWUblN7VbiFIyjWICDB8I0HPufqNqYjK9_ykMBBlBIGHRJrZ4HBIwy_ZCT0uNtF9dom6DPe6ZN4AV4Pwha0TEcG2Qq1jS0k1&t=f2cd5c5, line 103: TypeError: this._popupElement is null
JavaScript error: http://pctel3.duckdns.org:40080/ScriptResource.axd?d=tezwe4yVLvov9ShS4hUEzpLRt4SwCZErcEgAvsyExf_pqOe_nvs5Z-mYK-Zuzpc27ZbJT7CRp-G-CWUblN7VbiFIyjWICDB8I0HPufqNqYjK9_ykMBBlBIGHRJrZ4HBIwy_ZCT0uNtF9dom6DPe6ZN4AV4Pwha0TEcG2Qq1jS0k1&t=f2cd5c5, line 103: TypeError: this._popupElement is null
JavaScript error: http://pctel3.duckdns.org:40080/ScriptResource.axd?d=tezwe4yVLvov9ShS4hUEzpLRt4SwCZErcEgAvsyExf_pqOe_nvs5Z-mYK-Zuzpc27ZbJT7CRp-G-CWUblN7VbiFIyjWICDB8I0HPufqNqYjK9_ykMBBlBIGHRJrZ4HBIwy_ZCT0uNtF9dom6DPe6ZN4AV4Pwha0TEcG2Qq1jS0k1&t=f2cd5c5, line 103: TypeError: this._popupElement is null
JavaScript error: http://pctel3.duckdns.org:40080/ScriptResource.axd?d=tezwe4yVLvov9ShS4hUEzpLRt4SwCZErcEgAvsyExf_pqOe_nvs5Z-mYK-Zuzpc27ZbJT7CRp-G-CWUblN7VbiFIyjWICDB8I0HPufqNqYjK9_ykMBBlBIGHRJrZ4HBIwy_ZCT0uNtF9dom6DPe6ZN4AV4Pwha0TEcG2Qq1jS0k1&t=f2cd5c5, line 103: TypeError: this._popupElement is null
JavaScript error: http://pctel3.duckdns.org:40080/ScriptResource.axd?d=tezwe4yVLvov9ShS4hUEzpLRt4SwCZErcEgAvsyExf_pqOe_nvs5Z-mYK-Zuzpc27ZbJT7CRp-G-CWUblN7VbiFIyjWICDB8I0HPufqNqYjK9_ykMBBlBIGHRJrZ4HBIwy_ZCT0uNtF9dom6DPe6ZN4AV4Pwha0TEcG2Qq1jS0k1&t=f2cd5c5, line 103: TypeError: this._popupElement is null
JavaScript error: http://pctel3.duckdns.org:40080/ScriptResource.axd?d=tezwe4yVLvov9ShS4hUEzpLRt4SwCZErcEgAvsyExf_pqOe_nvs5Z-mYK-Zuzpc27ZbJT7CRp-G-CWUblN7VbiFIyjWICDB8I0HPufqNqYjK9_ykMBBlBIGHRJrZ4HBIwy_ZCT0uNtF9dom6DPe6ZN4AV4Pwha0TEcG2Qq1jS0k1&t=f2cd5c5, line 103: TypeError: this._popupElement is null
JavaScript error: http://pctel3.duckdns.org:40080/ScriptResource.axd?d=tezwe4yVLvov9ShS4hUEzpLRt4SwCZErcEgAvsyExf_pqOe_nvs5Z-mYK-Zuzpc27ZbJT7CRp-G-CWUblN7VbiFIyjWICDB8I0HPufqNqYjK9_ykMBBlBIGHRJrZ4HBIwy_ZCT0uNtF9dom6DPe6ZN4AV4Pwha0TEcG2Qq1jS0k1&t=f2cd5c5, line 103: TypeError: this._popupElement is null
JavaScript error: http://pctel3.duckdns.org:40080/ScriptResource.axd?d=tezwe4yVLvov9ShS4hUEzpLRt4SwCZErcEgAvsyExf_pqOe_nvs5Z-mYK-Zuzpc27ZbJT7CRp-G-CWUblN7VbiFIyjWICDB8I0HPufqNqYjK9_ykMBBlBIGHRJrZ4HBIwy_ZCT0uNtF9dom6DPe6ZN4AV4Pwha0TEcG2Qq1jS0k1&t=f2cd5c5, line 103: TypeError: this._popupElement is null
JavaScript error: http://pctel3.duckdns.org:40080/ScriptResource.axd?d=tezwe4yVLvov9ShS4hUEzpLRt4SwCZErcEgAvsyExf_pqOe_nvs5Z-mYK-Zuzpc27ZbJT7CRp-G-CWUblN7VbiFIyjWICDB8I0HPufqNqYjK9_ykMBBlBIGHRJrZ4HBIwy_ZCT0uNtF9dom6DPe6ZN4AV4Pwha0TEcG2Qq1jS0k1&t=f2cd5c5, line 103: TypeError: this._popupElement is null
JavaScript error: http://pctel3.duckdns.org:40080/ScriptResource.axd?d=tezwe4yVLvov9ShS4hUEzpLRt4SwCZErcEgAvsyExf_pqOe_nvs5Z-mYK-Zuzpc27ZbJT7CRp-G-CWUblN7VbiFIyjWICDB8I0HPufqNqYjK9_ykMBBlBIGHRJrZ4HBIwy_ZCT0uNtF9dom6DPe6ZN4AV4Pwha0TEcG2Qq1jS0k1&t=f2cd5c5, line 103: TypeError: this._popupElement is null
JavaScript error: http://pctel3.duckdns.org:40080/ScriptResource.axd?d=tezwe4yVLvov9ShS4hUEzpLRt4SwCZErcEgAvsyExf_pqOe_nvs5Z-mYK-Zuzpc27ZbJT7CRp-G-CWUblN7VbiFIyjWICDB8I0HPufqNqYjK9_ykMBBlBIGHRJrZ4HBIwy_ZCT0uNtF9dom6DPe6ZN4AV4Pwha0TEcG2Qq1jS0k1&t=f2cd5c5, line 103: TypeError: this._popupElement is null
JavaScript error: http://pctel3.duckdns.org:40080/ScriptResource.axd?d=tezwe4yVLvov9ShS4hUEzpLRt4SwCZErcEgAvsyExf_pqOe_nvs5Z-mYK-Zuzpc27ZbJT7CRp-G-CWUblN7VbiFIyjWICDB8I0HPufqNqYjK9_ykMBBlBIGHRJrZ4HBIwy_ZCT0uNtF9dom6DPe6ZN4AV4Pwha0TEcG2Qq1jS0k1&t=f2cd5c5, line 103: TypeError: this._popupElement is null
JavaScript error: http://pctel3.duckdns.org:40080/ScriptResource.axd?d=tezwe4yVLvov9ShS4hUEzpLRt4SwCZErcEgAvsyExf_pqOe_nvs5Z-mYK-Zuzpc27ZbJT7CRp-G-CWUblN7VbiFIyjWICDB8I0HPufqNqYjK9_ykMBBlBIGHRJrZ4HBIwy_ZCT0uNtF9dom6DPe6ZN4AV4Pwha0TEcG2Qq1jS0k1&t=f2cd5c5, line 103: TypeError: this._popupElement is null
JavaScript error: http://pctel3.duckdns.org:40080/ScriptResource.axd?d=tezwe4yVLvov9ShS4hUEzpLRt4SwCZErcEgAvsyExf_pqOe_nvs5Z-mYK-Zuzpc27ZbJT7CRp-G-CWUblN7VbiFIyjWICDB8I0HPufqNqYjK9_ykMBBlBIGHRJrZ4HBIwy_ZCT0uNtF9dom6DPe6ZN4AV4Pwha0TEcG2Qq1jS0k1&t=f2cd5c5, line 103: TypeError: this._popupElement is null
JavaScript error: http://pctel3.duckdns.org:40080/ScriptResource.axd?d=tezwe4yVLvov9ShS4hUEzpLRt4SwCZErcEgAvsyExf_pqOe_nvs5Z-mYK-Zuzpc27ZbJT7CRp-G-CWUblN7VbiFIyjWICDB8I0HPufqNqYjK9_ykMBBlBIGHRJrZ4HBIwy_ZCT0uNtF9dom6DPe6ZN4AV4Pwha0TEcG2Qq1jS0k1&t=f2cd5c5, line 103: TypeError: this._popupElement is null
JavaScript error: http://pctel3.duckdns.org:40080/ScriptResource.axd?d=tezwe4yVLvov9ShS4hUEzpLRt4SwCZErcEgAvsyExf_pqOe_nvs5Z-mYK-Zuzpc27ZbJT7CRp-G-CWUblN7VbiFIyjWICDB8I0HPufqNqYjK9_ykMBBlBIGHRJrZ4HBIwy_ZCT0uNtF9dom6DPe6ZN4AV4Pwha0TEcG2Qq1jS0k1&t=f2cd5c5, line 103: TypeError: this._popupElement is null
JavaScript error: http://pctel3.duckdns.org:40080/ScriptResource.axd?d=tezwe4yVLvov9ShS4hUEzpLRt4SwCZErcEgAvsyExf_pqOe_nvs5Z-mYK-Zuzpc27ZbJT7CRp-G-CWUblN7VbiFIyjWICDB8I0HPufqNqYjK9_ykMBBlBIGHRJrZ4HBIwy_ZCT0uNtF9dom6DPe6ZN4AV4Pwha0TEcG2Qq1jS0k1&t=f2cd5c5, line 103: TypeError: this._popupElement is null
JavaScript error: http://pctel3.duckdns.org:40080/ScriptResource.axd?d=tezwe4yVLvov9ShS4hUEzpLRt4SwCZErcEgAvsyExf_pqOe_nvs5Z-mYK-Zuzpc27ZbJT7CRp-G-CWUblN7VbiFIyjWICDB8I0HPufqNqYjK9_ykMBBlBIGHRJrZ4HBIwy_ZCT0uNtF9dom6DPe6ZN4AV4Pwha0TEcG2Qq1jS0k1&t=f2cd5c5, line 103: TypeError: this._popupElement is null
JavaScript error: http://pctel3.duckdns.org:40080/ScriptResource.axd?d=tezwe4yVLvov9ShS4hUEzpLRt4SwCZErcEgAvsyExf_pqOe_nvs5Z-mYK-Zuzpc27ZbJT7CRp-G-CWUblN7VbiFIyjWICDB8I0HPufqNqYjK9_ykMBBlBIGHRJrZ4HBIwy_ZCT0uNtF9dom6DPe6ZN4AV4Pwha0TEcG2Qq1jS0k1&t=f2cd5c5, line 103: TypeError: this._popupElement is null
JavaScript error: http://pctel3.duckdns.org:40080/ScriptResource.axd?d=tezwe4yVLvov9ShS4hUEzpLRt4SwCZErcEgAvsyExf_pqOe_nvs5Z-mYK-Zuzpc27ZbJT7CRp-G-CWUblN7VbiFIyjWICDB8I0HPufqNqYjK9_ykMBBlBIGHRJrZ4HBIwy_ZCT0uNtF9dom6DPe6ZN4AV4Pwha0TEcG2Qq1jS0k1&t=f2cd5c5, line 103: TypeError: this._popupElement is null
JavaScript error: http://pctel3.duckdns.org:40080/ScriptResource.axd?d=tezwe4yVLvov9ShS4hUEzpLRt4SwCZErcEgAvsyExf_pqOe_nvs5Z-mYK-Zuzpc27ZbJT7CRp-G-CWUblN7VbiFIyjWICDB8I0HPufqNqYjK9_ykMBBlBIGHRJrZ4HBIwy_ZCT0uNtF9dom6DPe6ZN4AV4Pwha0TEcG2Qq1jS0k1&t=f2cd5c5, line 103: TypeError: this._popupElement is null
JavaScript error: http://pctel3.duckdns.org:40080/ScriptResource.axd?d=tezwe4yVLvov9ShS4hUEzpLRt4SwCZErcEgAvsyExf_pqOe_nvs5Z-mYK-Zuzpc27ZbJT7CRp-G-CWUblN7VbiFIyjWICDB8I0HPufqNqYjK9_ykMBBlBIGHRJrZ4HBIwy_ZCT0uNtF9dom6DPe6ZN4AV4Pwha0TEcG2Qq1jS0k1&t=f2cd5c5, line 103: TypeError: this._popupElement is null
JavaScript error: http://pctel3.duckdns.org:40080/ScriptResource.axd?d=tezwe4yVLvov9ShS4hUEzpLRt4SwCZErcEgAvsyExf_pqOe_nvs5Z-mYK-Zuzpc27ZbJT7CRp-G-CWUblN7VbiFIyjWICDB8I0HPufqNqYjK9_ykMBBlBIGHRJrZ4HBIwy_ZCT0uNtF9dom6DPe6ZN4AV4Pwha0TEcG2Qq1jS0k1&t=f2cd5c5, line 103: TypeError: this._popupElement is null
JavaScript error: http://pctel3.duckdns.org:40080/ScriptResource.axd?d=tezwe4yVLvov9ShS4hUEzpLRt4SwCZErcEgAvsyExf_pqOe_nvs5Z-mYK-Zuzpc27ZbJT7CRp-G-CWUblN7VbiFIyjWICDB8I0HPufqNqYjK9_ykMBBlBIGHRJrZ4HBIwy_ZCT0uNtF9dom6DPe6ZN4AV4Pwha0TEcG2Qq1jS0k1&t=f2cd5c5, line 103: TypeError: this._popupElement is null
JavaScript error: http://pctel3.duckdns.org:40080/ScriptResource.axd?d=tezwe4yVLvov9ShS4hUEzpLRt4SwCZErcEgAvsyExf_pqOe_nvs5Z-mYK-Zuzpc27ZbJT7CRp-G-CWUblN7VbiFIyjWICDB8I0HPufqNqYjK9_ykMBBlBIGHRJrZ4HBIwy_ZCT0uNtF9dom6DPe6ZN4AV4Pwha0TEcG2Qq1jS0k1&t=f2cd5c5, line 103: TypeError: this._popupElement is null
JavaScript error: http://pctel3.duckdns.org:40080/ScriptResource.axd?d=tezwe4yVLvov9ShS4hUEzpLRt4SwCZErcEgAvsyExf_pqOe_nvs5Z-mYK-Zuzpc27ZbJT7CRp-G-CWUblN7VbiFIyjWICDB8I0HPufqNqYjK9_ykMBBlBIGHRJrZ4HBIwy_ZCT0uNtF9dom6DPe6ZN4AV4Pwha0TEcG2Qq1jS0k1&t=f2cd5c5, line 103: TypeError: this._popupElement is null
JavaScript error: http://pctel3.duckdns.org:40080/ScriptResource.axd?d=tezwe4yVLvov9ShS4hUEzpLRt4SwCZErcEgAvsyExf_pqOe_nvs5Z-mYK-Zuzpc27ZbJT7CRp-G-CWUblN7VbiFIyjWICDB8I0HPufqNqYjK9_ykMBBlBIGHRJrZ4HBIwy_ZCT0uNtF9dom6DPe6ZN4AV4Pwha0TEcG2Qq1jS0k1&t=f2cd5c5, line 103: TypeError: this._popupElement is null
JavaScript error: http://pctel3.duckdns.org:40080/ScriptResource.axd?d=tezwe4yVLvov9ShS4hUEzpLRt4SwCZErcEgAvsyExf_pqOe_nvs5Z-mYK-Zuzpc27ZbJT7CRp-G-CWUblN7VbiFIyjWICDB8I0HPufqNqYjK9_ykMBBlBIGHRJrZ4HBIwy_ZCT0uNtF9dom6DPe6ZN4AV4Pwha0TEcG2Qq1jS0k1&t=f2cd5c5, line 103: TypeError: this._popupElement is null
JavaScript error: http://pctel3.duckdns.org:40080/ScriptResource.axd?d=tezwe4yVLvov9ShS4hUEzpLRt4SwCZErcEgAvsyExf_pqOe_nvs5Z-mYK-Zuzpc27ZbJT7CRp-G-CWUblN7VbiFIyjWICDB8I0HPufqNqYjK9_ykMBBlBIGHRJrZ4HBIwy_ZCT0uNtF9dom6DPe6ZN4AV4Pwha0TEcG2Qq1jS0k1&t=f2cd5c5, line 103: TypeError: this._popupElement is null
JavaScript error: http://pctel3.duckdns.org:40080/ScriptResource.axd?d=tezwe4yVLvov9ShS4hUEzpLRt4SwCZErcEgAvsyExf_pqOe_nvs5Z-mYK-Zuzpc27ZbJT7CRp-G-CWUblN7VbiFIyjWICDB8I0HPufqNqYjK9_ykMBBlBIGHRJrZ4HBIwy_ZCT0uNtF9dom6DPe6ZN4AV4Pwha0TEcG2Qq1jS0k1&t=f2cd5c5, line 103: TypeError: this._popupElement is null
JavaScript error: http://pctel3.duckdns.org:40080/ScriptResource.axd?d=tezwe4yVLvov9ShS4hUEzpLRt4SwCZErcEgAvsyExf_pqOe_nvs5Z-mYK-Zuzpc27ZbJT7CRp-G-CWUblN7VbiFIyjWICDB8I0HPufqNqYjK9_ykMBBlBIGHRJrZ4HBIwy_ZCT0uNtF9dom6DPe6ZN4AV4Pwha0TEcG2Qq1jS0k1&t=f2cd5c5, line 103: TypeError: this._popupElement is null
JavaScript error: http://pctel3.duckdns.org:40080/ScriptResource.axd?d=tezwe4yVLvov9ShS4hUEzpLRt4SwCZErcEgAvsyExf_pqOe_nvs5Z-mYK-Zuzpc27ZbJT7CRp-G-CWUblN7VbiFIyjWICDB8I0HPufqNqYjK9_ykMBBlBIGHRJrZ4HBIwy_ZCT0uNtF9dom6DPe6ZN4AV4Pwha0TEcG2Qq1jS0k1&t=f2cd5c5, line 103: TypeError: this._popupElement is null
JavaScript error: http://pctel3.duckdns.org:40080/ScriptResource.axd?d=tezwe4yVLvov9ShS4hUEzpLRt4SwCZErcEgAvsyExf_pqOe_nvs5Z-mYK-Zuzpc27ZbJT7CRp-G-CWUblN7VbiFIyjWICDB8I0HPufqNqYjK9_ykMBBlBIGHRJrZ4HBIwy_ZCT0uNtF9dom6DPe6ZN4AV4Pwha0TEcG2Qq1jS0k1&t=f2cd5c5, line 103: TypeError: this._popupElement is null
JavaScript error: http://pctel3.duckdns.org:40080/ScriptResource.axd?d=tezwe4yVLvov9ShS4hUEzpLRt4SwCZErcEgAvsyExf_pqOe_nvs5Z-mYK-Zuzpc27ZbJT7CRp-G-CWUblN7VbiFIyjWICDB8I0HPufqNqYjK9_ykMBBlBIGHRJrZ4HBIwy_ZCT0uNtF9dom6DPe6ZN4AV4Pwha0TEcG2Qq1jS0k1&t=f2cd5c5, line 103: TypeError: this._popupElement is null
JavaScript error: http://pctel3.duckdns.org:40080/ScriptResource.axd?d=tezwe4yVLvov9ShS4hUEzpLRt4SwCZErcEgAvsyExf_pqOe_nvs5Z-mYK-Zuzpc27ZbJT7CRp-G-CWUblN7VbiFIyjWICDB8I0HPufqNqYjK9_ykMBBlBIGHRJrZ4HBIwy_ZCT0uNtF9dom6DPe6ZN4AV4Pwha0TEcG2Qq1jS0k1&t=f2cd5c5, line 103: TypeError: this._popupElement is null
JavaScript error: http://pctel3.duckdns.org:40080/ScriptResource.axd?d=tezwe4yVLvov9ShS4hUEzpLRt4SwCZErcEgAvsyExf_pqOe_nvs5Z-mYK-Zuzpc27ZbJT7CRp-G-CWUblN7VbiFIyjWICDB8I0HPufqNqYjK9_ykMBBlBIGHRJrZ4HBIwy_ZCT0uNtF9dom6DPe6ZN4AV4Pwha0TEcG2Qq1jS0k1&t=f2cd5c5, line 103: TypeError: this._popupElement is null
JavaScript error: http://pctel3.duckdns.org:40080/ScriptResource.axd?d=tezwe4yVLvov9ShS4hUEzpLRt4SwCZErcEgAvsyExf_pqOe_nvs5Z-mYK-Zuzpc27ZbJT7CRp-G-CWUblN7VbiFIyjWICDB8I0HPufqNqYjK9_ykMBBlBIGHRJrZ4HBIwy_ZCT0uNtF9dom6DPe6ZN4AV4Pwha0TEcG2Qq1jS0k1&t=f2cd5c5, line 103: TypeError: this._popupElement is null
JavaScript error: http://pctel3.duckdns.org:40080/ScriptResource.axd?d=tezwe4yVLvov9ShS4hUEzpLRt4SwCZErcEgAvsyExf_pqOe_nvs5Z-mYK-Zuzpc27ZbJT7CRp-G-CWUblN7VbiFIyjWICDB8I0HPufqNqYjK9_ykMBBlBIGHRJrZ4HBIwy_ZCT0uNtF9dom6DPe6ZN4AV4Pwha0TEcG2Qq1jS0k1&t=f2cd5c5, line 103: TypeError: this._popupElement is null
JavaScript error: http://pctel3.duckdns.org:40080/ScriptResource.axd?d=tezwe4yVLvov9ShS4hUEzpLRt4SwCZErcEgAvsyExf_pqOe_nvs5Z-mYK-Zuzpc27ZbJT7CRp-G-CWUblN7VbiFIyjWICDB8I0HPufqNqYjK9_ykMBBlBIGHRJrZ4HBIwy_ZCT0uNtF9dom6DPe6ZN4AV4Pwha0TEcG2Qq1jS0k1&t=f2cd5c5, line 103: TypeError: this._popupElement is null
JavaScript error: http://pctel3.duckdns.org:40080/ScriptResource.axd?d=tezwe4yVLvov9ShS4hUEzpLRt4SwCZErcEgAvsyExf_pqOe_nvs5Z-mYK-Zuzpc27ZbJT7CRp-G-CWUblN7VbiFIyjWICDB8I0HPufqNqYjK9_ykMBBlBIGHRJrZ4HBIwy_ZCT0uNtF9dom6DPe6ZN4AV4Pwha0TEcG2Qq1jS0k1&t=f2cd5c5, line 103: TypeError: this._popupElement is null
JavaScript error: http://pctel3.duckdns.org:40080/ScriptResource.axd?d=tezwe4yVLvov9ShS4hUEzpLRt4SwCZErcEgAvsyExf_pqOe_nvs5Z-mYK-Zuzpc27ZbJT7CRp-G-CWUblN7VbiFIyjWICDB8I0HPufqNqYjK9_ykMBBlBIGHRJrZ4HBIwy_ZCT0uNtF9dom6DPe6ZN4AV4Pwha0TEcG2Qq1jS0k1&t=f2cd5c5, line 103: TypeError: this._popupElement is null
JavaScript error: http://pctel3.duckdns.org:40080/ScriptResource.axd?d=tezwe4yVLvov9ShS4hUEzpLRt4SwCZErcEgAvsyExf_pqOe_nvs5Z-mYK-Zuzpc27ZbJT7CRp-G-CWUblN7VbiFIyjWICDB8I0HPufqNqYjK9_ykMBBlBIGHRJrZ4HBIwy_ZCT0uNtF9dom6DPe6ZN4AV4Pwha0TEcG2Qq1jS0k1&t=f2cd5c5, line 103: TypeError: this._popupElement is null
JavaScript error: http://pctel3.duckdns.org:40080/ScriptResource.axd?d=tezwe4yVLvov9ShS4hUEzpLRt4SwCZErcEgAvsyExf_pqOe_nvs5Z-mYK-Zuzpc27ZbJT7CRp-G-CWUblN7VbiFIyjWICDB8I0HPufqNqYjK9_ykMBBlBIGHRJrZ4HBIwy_ZCT0uNtF9dom6DPe6ZN4AV4Pwha0TEcG2Qq1jS0k1&t=f2cd5c5, line 103: TypeError: this._popupElement is null
JavaScript error: http://pctel3.duckdns.org:40080/ScriptResource.axd?d=tezwe4yVLvov9ShS4hUEzpLRt4SwCZErcEgAvsyExf_pqOe_nvs5Z-mYK-Zuzpc27ZbJT7CRp-G-CWUblN7VbiFIyjWICDB8I0HPufqNqYjK9_ykMBBlBIGHRJrZ4HBIwy_ZCT0uNtF9dom6DPe6ZN4AV4Pwha0TEcG2Qq1jS0k1&t=f2cd5c5, line 103: TypeError: this._popupElement is null
JavaScript error: http://pctel3.duckdns.org:40080/ScriptResource.axd?d=tezwe4yVLvov9ShS4hUEzpLRt4SwCZErcEgAvsyExf_pqOe_nvs5Z-mYK-Zuzpc27ZbJT7CRp-G-CWUblN7VbiFIyjWICDB8I0HPufqNqYjK9_ykMBBlBIGHRJrZ4HBIwy_ZCT0uNtF9dom6DPe6ZN4AV4Pwha0TEcG2Qq1jS0k1&t=f2cd5c5, line 103: TypeError: this._popupElement is null
JavaScript error: http://pctel3.duckdns.org:40080/ScriptResource.axd?d=tezwe4yVLvov9ShS4hUEzpLRt4SwCZErcEgAvsyExf_pqOe_nvs5Z-mYK-Zuzpc27ZbJT7CRp-G-CWUblN7VbiFIyjWICDB8I0HPufqNqYjK9_ykMBBlBIGHRJrZ4HBIwy_ZCT0uNtF9dom6DPe6ZN4AV4Pwha0TEcG2Qq1jS0k1&t=f2cd5c5, line 103: TypeError: this._popupElement is null
JavaScript error: http://pctel3.duckdns.org:40080/ScriptResource.axd?d=tezwe4yVLvov9ShS4hUEzpLRt4SwCZErcEgAvsyExf_pqOe_nvs5Z-mYK-Zuzpc27ZbJT7CRp-G-CWUblN7VbiFIyjWICDB8I0HPufqNqYjK9_ykMBBlBIGHRJrZ4HBIwy_ZCT0uNtF9dom6DPe6ZN4AV4Pwha0TEcG2Qq1jS0k1&t=f2cd5c5, line 103: TypeError: this._popupElement is null
JavaScript error: http://pctel3.duckdns.org:40080/ScriptResource.axd?d=tezwe4yVLvov9ShS4hUEzpLRt4SwCZErcEgAvsyExf_pqOe_nvs5Z-mYK-Zuzpc27ZbJT7CRp-G-CWUblN7VbiFIyjWICDB8I0HPufqNqYjK9_ykMBBlBIGHRJrZ4HBIwy_ZCT0uNtF9dom6DPe6ZN4AV4Pwha0TEcG2Qq1jS0k1&t=f2cd5c5, line 103: TypeError: this._popupElement is null
JavaScript error: http://pctel3.duckdns.org:40080/ScriptResource.axd?d=tezwe4yVLvov9ShS4hUEzpLRt4SwCZErcEgAvsyExf_pqOe_nvs5Z-mYK-Zuzpc27ZbJT7CRp-G-CWUblN7VbiFIyjWICDB8I0HPufqNqYjK9_ykMBBlBIGHRJrZ4HBIwy_ZCT0uNtF9dom6DPe6ZN4AV4Pwha0TEcG2Qq1jS0k1&t=f2cd5c5, line 103: TypeError: this._popupElement is null
JavaScript error: http://pctel3.duckdns.org:40080/ScriptResource.axd?d=tezwe4yVLvov9ShS4hUEzpLRt4SwCZErcEgAvsyExf_pqOe_nvs5Z-mYK-Zuzpc27ZbJT7CRp-G-CWUblN7VbiFIyjWICDB8I0HPufqNqYjK9_ykMBBlBIGHRJrZ4HBIwy_ZCT0uNtF9dom6DPe6ZN4AV4Pwha0TEcG2Qq1jS0k1&t=f2cd5c5, line 103: TypeError: this._popupElement is null
JavaScript error: http://pctel3.duckdns.org:40080/ScriptResource.axd?d=tezwe4yVLvov9ShS4hUEzpLRt4SwCZErcEgAvsyExf_pqOe_nvs5Z-mYK-Zuzpc27ZbJT7CRp-G-CWUblN7VbiFIyjWICDB8I0HPufqNqYjK9_ykMBBlBIGHRJrZ4HBIwy_ZCT0uNtF9dom6DPe6ZN4AV4Pwha0TEcG2Qq1jS0k1&t=f2cd5c5, line 103: TypeError: this._popupElement is null
JavaScript error: http://pctel3.duckdns.org:40080/ScriptResource.axd?d=tezwe4yVLvov9ShS4hUEzpLRt4SwCZErcEgAvsyExf_pqOe_nvs5Z-mYK-Zuzpc27ZbJT7CRp-G-CWUblN7VbiFIyjWICDB8I0HPufqNqYjK9_ykMBBlBIGHRJrZ4HBIwy_ZCT0uNtF9dom6DPe6ZN4AV4Pwha0TEcG2Qq1jS0k1&t=f2cd5c5, line 103: TypeError: this._popupElement is null
JavaScript error: http://pctel3.duckdns.org:40080/ScriptResource.axd?d=tezwe4yVLvov9ShS4hUEzpLRt4SwCZErcEgAvsyExf_pqOe_nvs5Z-mYK-Zuzpc27ZbJT7CRp-G-CWUblN7VbiFIyjWICDB8I0HPufqNqYjK9_ykMBBlBIGHRJrZ4HBIwy_ZCT0uNtF9dom6DPe6ZN4AV4Pwha0TEcG2Qq1jS0k1&t=f2cd5c5, line 103: TypeError: this._popupElement is null
JavaScript error: http://pctel3.duckdns.org:40080/ScriptResource.axd?d=tezwe4yVLvov9ShS4hUEzpLRt4SwCZErcEgAvsyExf_pqOe_nvs5Z-mYK-Zuzpc27ZbJT7CRp-G-CWUblN7VbiFIyjWICDB8I0HPufqNqYjK9_ykMBBlBIGHRJrZ4HBIwy_ZCT0uNtF9dom6DPe6ZN4AV4Pwha0TEcG2Qq1jS0k1&t=f2cd5c5, line 103: TypeError: this._popupElement is null
JavaScript error: http://pctel3.duckdns.org:40080/ScriptResource.axd?d=tezwe4yVLvov9ShS4hUEzpLRt4SwCZErcEgAvsyExf_pqOe_nvs5Z-mYK-Zuzpc27ZbJT7CRp-G-CWUblN7VbiFIyjWICDB8I0HPufqNqYjK9_ykMBBlBIGHRJrZ4HBIwy_ZCT0uNtF9dom6DPe6ZN4AV4Pwha0TEcG2Qq1jS0k1&t=f2cd5c5, line 103: TypeError: this._popupElement is null
JavaScript error: http://pctel3.duckdns.org:40080/ScriptResource.axd?d=tezwe4yVLvov9ShS4hUEzpLRt4SwCZErcEgAvsyExf_pqOe_nvs5Z-mYK-Zuzpc27ZbJT7CRp-G-CWUblN7VbiFIyjWICDB8I0HPufqNqYjK9_ykMBBlBIGHRJrZ4HBIwy_ZCT0uNtF9dom6DPe6ZN4AV4Pwha0TEcG2Qq1jS0k1&t=f2cd5c5, line 103: TypeError: this._popupElement is null
JavaScript error: http://pctel3.duckdns.org:40080/ScriptResource.axd?d=tezwe4yVLvov9ShS4hUEzpLRt4SwCZErcEgAvsyExf_pqOe_nvs5Z-mYK-Zuzpc27ZbJT7CRp-G-CWUblN7VbiFIyjWICDB8I0HPufqNqYjK9_ykMBBlBIGHRJrZ4HBIwy_ZCT0uNtF9dom6DPe6ZN4AV4Pwha0TEcG2Qq1jS0k1&t=f2cd5c5, line 103: TypeError: this._popupElement is null
JavaScript error: http://pctel3.duckdns.org:40080/ScriptResource.axd?d=tezwe4yVLvov9ShS4hUEzpLRt4SwCZErcEgAvsyExf_pqOe_nvs5Z-mYK-Zuzpc27ZbJT7CRp-G-CWUblN7VbiFIyjWICDB8I0HPufqNqYjK9_ykMBBlBIGHRJrZ4HBIwy_ZCT0uNtF9dom6DPe6ZN4AV4Pwha0TEcG2Qq1jS0k1&t=f2cd5c5, line 103: TypeError: this._popupElement is null
JavaScript error: http://pctel3.duckdns.org:40080/ScriptResource.axd?d=tezwe4yVLvov9ShS4hUEzpLRt4SwCZErcEgAvsyExf_pqOe_nvs5Z-mYK-Zuzpc27ZbJT7CRp-G-CWUblN7VbiFIyjWICDB8I0HPufqNqYjK9_ykMBBlBIGHRJrZ4HBIwy_ZCT0uNtF9dom6DPe6ZN4AV4Pwha0TEcG2Qq1jS0k1&t=f2cd5c5, line 103: TypeError: this._popupElement is null
JavaScript error: http://pctel3.duckdns.org:40080/ScriptResource.axd?d=tezwe4yVLvov9ShS4hUEzpLRt4SwCZErcEgAvsyExf_pqOe_nvs5Z-mYK-Zuzpc27ZbJT7CRp-G-CWUblN7VbiFIyjWICDB8I0HPufqNqYjK9_ykMBBlBIGHRJrZ4HBIwy_ZCT0uNtF9dom6DPe6ZN4AV4Pwha0TEcG2Qq1jS0k1&t=f2cd5c5, line 103: TypeError: this._popupElement is null
JavaScript error: http://pctel3.duckdns.org:40080/ScriptResource.axd?d=tezwe4yVLvov9ShS4hUEzpLRt4SwCZErcEgAvsyExf_pqOe_nvs5Z-mYK-Zuzpc27ZbJT7CRp-G-CWUblN7VbiFIyjWICDB8I0HPufqNqYjK9_ykMBBlBIGHRJrZ4HBIwy_ZCT0uNtF9dom6DPe6ZN4AV4Pwha0TEcG2Qq1jS0k1&t=f2cd5c5, line 103: TypeError: this._popupElement is null
JavaScript error: http://pctel3.duckdns.org:40080/ScriptResource.axd?d=tezwe4yVLvov9ShS4hUEzpLRt4SwCZErcEgAvsyExf_pqOe_nvs5Z-mYK-Zuzpc27ZbJT7CRp-G-CWUblN7VbiFIyjWICDB8I0HPufqNqYjK9_ykMBBlBIGHRJrZ4HBIwy_ZCT0uNtF9dom6DPe6ZN4AV4Pwha0TEcG2Qq1jS0k1&t=f2cd5c5, line 103: TypeError: this._popupElement is null
JavaScript error: http://pctel3.duckdns.org:40080/ScriptResource.axd?d=tezwe4yVLvov9ShS4hUEzpLRt4SwCZErcEgAvsyExf_pqOe_nvs5Z-mYK-Zuzpc27ZbJT7CRp-G-CWUblN7VbiFIyjWICDB8I0HPufqNqYjK9_ykMBBlBIGHRJrZ4HBIwy_ZCT0uNtF9dom6DPe6ZN4AV4Pwha0TEcG2Qq1jS0k1&t=f2cd5c5, line 103: TypeError: this._popupElement is null
JavaScript error: http://pctel3.duckdns.org:40080/ScriptResource.axd?d=tezwe4yVLvov9ShS4hUEzpLRt4SwCZErcEgAvsyExf_pqOe_nvs5Z-mYK-Zuzpc27ZbJT7CRp-G-CWUblN7VbiFIyjWICDB8I0HPufqNqYjK9_ykMBBlBIGHRJrZ4HBIwy_ZCT0uNtF9dom6DPe6ZN4AV4Pwha0TEcG2Qq1jS0k1&t=f2cd5c5, line 103: TypeError: this._popupElement is null
JavaScript error: http://pctel3.duckdns.org:40080/ScriptResource.axd?d=tezwe4yVLvov9ShS4hUEzpLRt4SwCZErcEgAvsyExf_pqOe_nvs5Z-mYK-Zuzpc27ZbJT7CRp-G-CWUblN7VbiFIyjWICDB8I0HPufqNqYjK9_ykMBBlBIGHRJrZ4HBIwy_ZCT0uNtF9dom6DPe6ZN4AV4Pwha0TEcG2Qq1jS0k1&t=f2cd5c5, line 103: TypeError: this._popupElement is null
JavaScript error: http://pctel3.duckdns.org:40080/ScriptResource.axd?d=tezwe4yVLvov9ShS4hUEzpLRt4SwCZErcEgAvsyExf_pqOe_nvs5Z-mYK-Zuzpc27ZbJT7CRp-G-CWUblN7VbiFIyjWICDB8I0HPufqNqYjK9_ykMBBlBIGHRJrZ4HBIwy_ZCT0uNtF9dom6DPe6ZN4AV4Pwha0TEcG2Qq1jS0k1&t=f2cd5c5, line 103: TypeError: this._popupElement is null
JavaScript error: http://pctel3.duckdns.org:40080/ScriptResource.axd?d=tezwe4yVLvov9ShS4hUEzpLRt4SwCZErcEgAvsyExf_pqOe_nvs5Z-mYK-Zuzpc27ZbJT7CRp-G-CWUblN7VbiFIyjWICDB8I0HPufqNqYjK9_ykMBBlBIGHRJrZ4HBIwy_ZCT0uNtF9dom6DPe6ZN4AV4Pwha0TEcG2Qq1jS0k1&t=f2cd5c5, line 103: TypeError: this._popupElement is null
JavaScript error: http://pctel3.duckdns.org:40080/ScriptResource.axd?d=tezwe4yVLvov9ShS4hUEzpLRt4SwCZErcEgAvsyExf_pqOe_nvs5Z-mYK-Zuzpc27ZbJT7CRp-G-CWUblN7VbiFIyjWICDB8I0HPufqNqYjK9_ykMBBlBIGHRJrZ4HBIwy_ZCT0uNtF9dom6DPe6ZN4AV4Pwha0TEcG2Qq1jS0k1&t=f2cd5c5, line 103: TypeError: this._popupElement is null
JavaScript error: http://pctel3.duckdns.org:40080/ScriptResource.axd?d=tezwe4yVLvov9ShS4hUEzpLRt4SwCZErcEgAvsyExf_pqOe_nvs5Z-mYK-Zuzpc27ZbJT7CRp-G-CWUblN7VbiFIyjWICDB8I0HPufqNqYjK9_ykMBBlBIGHRJrZ4HBIwy_ZCT0uNtF9dom6DPe6ZN4AV4Pwha0TEcG2Qq1jS0k1&t=f2cd5c5, line 103: TypeError: this._popupElement is null
JavaScript error: http://pctel3.duckdns.org:40080/ScriptResource.axd?d=tezwe4yVLvov9ShS4hUEzpLRt4SwCZErcEgAvsyExf_pqOe_nvs5Z-mYK-Zuzpc27ZbJT7CRp-G-CWUblN7VbiFIyjWICDB8I0HPufqNqYjK9_ykMBBlBIGHRJrZ4HBIwy_ZCT0uNtF9dom6DPe6ZN4AV4Pwha0TEcG2Qq1jS0k1&t=f2cd5c5, line 103: TypeError: this._popupElement is null
JavaScript error: http://pctel3.duckdns.org:40080/ScriptResource.axd?d=tezwe4yVLvov9ShS4hUEzpLRt4SwCZErcEgAvsyExf_pqOe_nvs5Z-mYK-Zuzpc27ZbJT7CRp-G-CWUblN7VbiFIyjWICDB8I0HPufqNqYjK9_ykMBBlBIGHRJrZ4HBIwy_ZCT0uNtF9dom6DPe6ZN4AV4Pwha0TEcG2Qq1jS0k1&t=f2cd5c5, line 103: TypeError: this._popupElement is null
JavaScript error: http://pctel3.duckdns.org:40080/ScriptResource.axd?d=tezwe4yVLvov9ShS4hUEzpLRt4SwCZErcEgAvsyExf_pqOe_nvs5Z-mYK-Zuzpc27ZbJT7CRp-G-CWUblN7VbiFIyjWICDB8I0HPufqNqYjK9_ykMBBlBIGHRJrZ4HBIwy_ZCT0uNtF9dom6DPe6ZN4AV4Pwha0TEcG2Qq1jS0k1&t=f2cd5c5, line 103: TypeError: this._popupElement is null
JavaScript error: http://pctel3.duckdns.org:40080/ScriptResource.axd?d=tezwe4yVLvov9ShS4hUEzpLRt4SwCZErcEgAvsyExf_pqOe_nvs5Z-mYK-Zuzpc27ZbJT7CRp-G-CWUblN7VbiFIyjWICDB8I0HPufqNqYjK9_ykMBBlBIGHRJrZ4HBIwy_ZCT0uNtF9dom6DPe6ZN4AV4Pwha0TEcG2Qq1jS0k1&t=f2cd5c5, line 103: TypeError: this._popupElement is null
JavaScript error: http://pctel3.duckdns.org:40080/ScriptResource.axd?d=tezwe4yVLvov9ShS4hUEzpLRt4SwCZErcEgAvsyExf_pqOe_nvs5Z-mYK-Zuzpc27ZbJT7CRp-G-CWUblN7VbiFIyjWICDB8I0HPufqNqYjK9_ykMBBlBIGHRJrZ4HBIwy_ZCT0uNtF9dom6DPe6ZN4AV4Pwha0TEcG2Qq1jS0k1&t=f2cd5c5, line 103: TypeError: this._popupElement is null
JavaScript error: http://pctel3.duckdns.org:40080/ScriptResource.axd?d=tezwe4yVLvov9ShS4hUEzpLRt4SwCZErcEgAvsyExf_pqOe_nvs5Z-mYK-Zuzpc27ZbJT7CRp-G-CWUblN7VbiFIyjWICDB8I0HPufqNqYjK9_ykMBBlBIGHRJrZ4HBIwy_ZCT0uNtF9dom6DPe6ZN4AV4Pwha0TEcG2Qq1jS0k1&t=f2cd5c5, line 103: TypeError: this._popupElement is null
JavaScript error: http://pctel3.duckdns.org:40080/ScriptResource.axd?d=tezwe4yVLvov9ShS4hUEzpLRt4SwCZErcEgAvsyExf_pqOe_nvs5Z-mYK-Zuzpc27ZbJT7CRp-G-CWUblN7VbiFIyjWICDB8I0HPufqNqYjK9_ykMBBlBIGHRJrZ4HBIwy_ZCT0uNtF9dom6DPe6ZN4AV4Pwha0TEcG2Qq1jS0k1&t=f2cd5c5, line 103: TypeError: this._popupElement is null
JavaScript error: http://pctel3.duckdns.org:40080/ScriptResource.axd?d=tezwe4yVLvov9ShS4hUEzpLRt4SwCZErcEgAvsyExf_pqOe_nvs5Z-mYK-Zuzpc27ZbJT7CRp-G-CWUblN7VbiFIyjWICDB8I0HPufqNqYjK9_ykMBBlBIGHRJrZ4HBIwy_ZCT0uNtF9dom6DPe6ZN4AV4Pwha0TEcG2Qq1jS0k1&t=f2cd5c5, line 103: TypeError: this._popupElement is null
JavaScript error: http://pctel3.duckdns.org:40080/ScriptResource.axd?d=tezwe4yVLvov9ShS4hUEzpLRt4SwCZErcEgAvsyExf_pqOe_nvs5Z-mYK-Zuzpc27ZbJT7CRp-G-CWUblN7VbiFIyjWICDB8I0HPufqNqYjK9_ykMBBlBIGHRJrZ4HBIwy_ZCT0uNtF9dom6DPe6ZN4AV4Pwha0TEcG2Qq1jS0k1&t=f2cd5c5, line 103: TypeError: this._popupElement is null
JavaScript error: http://pctel3.duckdns.org:40080/ScriptResource.axd?d=tezwe4yVLvov9ShS4hUEzpLRt4SwCZErcEgAvsyExf_pqOe_nvs5Z-mYK-Zuzpc27ZbJT7CRp-G-CWUblN7VbiFIyjWICDB8I0HPufqNqYjK9_ykMBBlBIGHRJrZ4HBIwy_ZCT0uNtF9dom6DPe6ZN4AV4Pwha0TEcG2Qq1jS0k1&t=f2cd5c5, line 103: TypeError: this._popupElement is null
JavaScript error: http://pctel3.duckdns.org:40080/ScriptResource.axd?d=tezwe4yVLvov9ShS4hUEzpLRt4SwCZErcEgAvsyExf_pqOe_nvs5Z-mYK-Zuzpc27ZbJT7CRp-G-CWUblN7VbiFIyjWICDB8I0HPufqNqYjK9_ykMBBlBIGHRJrZ4HBIwy_ZCT0uNtF9dom6DPe6ZN4AV4Pwha0TEcG2Qq1jS0k1&t=f2cd5c5, line 103: TypeError: this._popupElement is null
JavaScript error: http://pctel3.duckdns.org:40080/ScriptResource.axd?d=tezwe4yVLvov9ShS4hUEzpLRt4SwCZErcEgAvsyExf_pqOe_nvs5Z-mYK-Zuzpc27ZbJT7CRp-G-CWUblN7VbiFIyjWICDB8I0HPufqNqYjK9_ykMBBlBIGHRJrZ4HBIwy_ZCT0uNtF9dom6DPe6ZN4AV4Pwha0TEcG2Qq1jS0k1&t=f2cd5c5, line 103: TypeError: this._popupElement is null
JavaScript error: http://pctel3.duckdns.org:40080/ScriptResource.axd?d=tezwe4yVLvov9ShS4hUEzpLRt4SwCZErcEgAvsyExf_pqOe_nvs5Z-mYK-Zuzpc27ZbJT7CRp-G-CWUblN7VbiFIyjWICDB8I0HPufqNqYjK9_ykMBBlBIGHRJrZ4HBIwy_ZCT0uNtF9dom6DPe6ZN4AV4Pwha0TEcG2Qq1jS0k1&t=f2cd5c5, line 103: TypeError: this._popupElement is null
JavaScript error: http://pctel3.duckdns.org:40080/ScriptResource.axd?d=tezwe4yVLvov9ShS4hUEzpLRt4SwCZErcEgAvsyExf_pqOe_nvs5Z-mYK-Zuzpc27ZbJT7CRp-G-CWUblN7VbiFIyjWICDB8I0HPufqNqYjK9_ykMBBlBIGHRJrZ4HBIwy_ZCT0uNtF9dom6DPe6ZN4AV4Pwha0TEcG2Qq1jS0k1&t=f2cd5c5, line 103: TypeError: this._popupElement is null
JavaScript error: http://pctel3.duckdns.org:40080/ScriptResource.axd?d=tezwe4yVLvov9ShS4hUEzpLRt4SwCZErcEgAvsyExf_pqOe_nvs5Z-mYK-Zuzpc27ZbJT7CRp-G-CWUblN7VbiFIyjWICDB8I0HPufqNqYjK9_ykMBBlBIGHRJrZ4HBIwy_ZCT0uNtF9dom6DPe6ZN4AV4Pwha0TEcG2Qq1jS0k1&t=f2cd5c5, line 103: TypeError: this._popupElement is null
JavaScript error: http://pctel3.duckdns.org:40080/ScriptResource.axd?d=tezwe4yVLvov9ShS4hUEzpLRt4SwCZErcEgAvsyExf_pqOe_nvs5Z-mYK-Zuzpc27ZbJT7CRp-G-CWUblN7VbiFIyjWICDB8I0HPufqNqYjK9_ykMBBlBIGHRJrZ4HBIwy_ZCT0uNtF9dom6DPe6ZN4AV4Pwha0TEcG2Qq1jS0k1&t=f2cd5c5, line 103: TypeError: this._popupElement is null
JavaScript error: http://pctel3.duckdns.org:40080/ScriptResource.axd?d=tezwe4yVLvov9ShS4hUEzpLRt4SwCZErcEgAvsyExf_pqOe_nvs5Z-mYK-Zuzpc27ZbJT7CRp-G-CWUblN7VbiFIyjWICDB8I0HPufqNqYjK9_ykMBBlBIGHRJrZ4HBIwy_ZCT0uNtF9dom6DPe6ZN4AV4Pwha0TEcG2Qq1jS0k1&t=f2cd5c5, line 103: TypeError: this._popupElement is null
JavaScript error: http://pctel3.duckdns.org:40080/ScriptResource.axd?d=tezwe4yVLvov9ShS4hUEzpLRt4SwCZErcEgAvsyExf_pqOe_nvs5Z-mYK-Zuzpc27ZbJT7CRp-G-CWUblN7VbiFIyjWICDB8I0HPufqNqYjK9_ykMBBlBIGHRJrZ4HBIwy_ZCT0uNtF9dom6DPe6ZN4AV4Pwha0TEcG2Qq1jS0k1&t=f2cd5c5, line 103: TypeError: this._popupElement is null
JavaScript error: http://pctel3.duckdns.org:40080/ScriptResource.axd?d=tezwe4yVLvov9ShS4hUEzpLRt4SwCZErcEgAvsyExf_pqOe_nvs5Z-mYK-Zuzpc27ZbJT7CRp-G-CWUblN7VbiFIyjWICDB8I0HPufqNqYjK9_ykMBBlBIGHRJrZ4HBIwy_ZCT0uNtF9dom6DPe6ZN4AV4Pwha0TEcG2Qq1jS0k1&t=f2cd5c5, line 103: TypeError: this._popupElement is null
JavaScript error: http://pctel3.duckdns.org:40080/ScriptResource.axd?d=tezwe4yVLvov9ShS4hUEzpLRt4SwCZErcEgAvsyExf_pqOe_nvs5Z-mYK-Zuzpc27ZbJT7CRp-G-CWUblN7VbiFIyjWICDB8I0HPufqNqYjK9_ykMBBlBIGHRJrZ4HBIwy_ZCT0uNtF9dom6DPe6ZN4AV4Pwha0TEcG2Qq1jS0k1&t=f2cd5c5, line 103: TypeError: this._popupElement is null
JavaScript error: http://pctel3.duckdns.org:40080/ScriptResource.axd?d=tezwe4yVLvov9ShS4hUEzpLRt4SwCZErcEgAvsyExf_pqOe_nvs5Z-mYK-Zuzpc27ZbJT7CRp-G-CWUblN7VbiFIyjWICDB8I0HPufqNqYjK9_ykMBBlBIGHRJrZ4HBIwy_ZCT0uNtF9dom6DPe6ZN4AV4Pwha0TEcG2Qq1jS0k1&t=f2cd5c5, line 103: TypeError: this._popupElement is null
[GFX1-]: [D2D1.1] 4CreateBitmap failure Size(96,8343) Code: 0x80070057 format 0
1598648418928	Marionette	INFO	Stopped listening on port 55308
