1618570683825	mozrunner::runner	INFO	Running command: "C:\\Program Files\\Mozilla Firefox\\firefox.exe" "-marionette" "-foreground" "-no-remote" "-profile" "C:\\Users\\diego\\AppData\\Local\\Temp\\rust_mozprofile58fsX0"
JavaScript error: resource://gre/modules/XULStore.jsm, line 66: Error: Can't find profile directory.
console.warn: SearchSettings: "get: No settings file exists, new profile?" (new Error("", "(unknown module)"))
console.warn: SearchSettings: "get: No settings file exists, new profile?" (new Error("", "(unknown module)"))
1618570691967	Marionette	INFO	Listening on port 54466
1618570692475	Marionette	WARN	TLS certificate errors will be ignored for this session
1618570692528	Marionette	ERROR	[18] No reply from Marionette:Register
1618570702914	Marionette	ERROR	[36] No reply from Marionette:Register
1618570739615	Marionette	ERROR	[38] No reply from Marionette:Register
1618570752168	Marionette	ERROR	[40] No reply from Marionette:Register
JavaScript error: , line 0: uncaught exception: undefined
JavaScript error: http://pctel3.duckdns.org:8008/ScriptResource.axd?d=tezwe4yVLvov9ShS4hUEzpLRt4SwCZErcEgAvsyExf_pqOe_nvs5Z-mYK-Zuzpc27ZbJT7CRp-G-CWUblN7VbiFIyjWICDB8I0HPufqNqYjK9_ykMBBlBIGHRJrZ4HBIwy_ZCT0uNtF9dom6DPe6ZN4AV4Pwha0TEcG2Qq1jS0k1&t=f2cd5c5, line 103: TypeError: this._popupElement is null
JavaScript error: , line 0: NotAllowedError: The play method is not allowed by the user agent or the platform in the current context, possibly because the user denied permission.
JavaScript error: http://pctel3.duckdns.org:8008/ScriptResource.axd?d=tezwe4yVLvov9ShS4hUEzpLRt4SwCZErcEgAvsyExf_pqOe_nvs5Z-mYK-Zuzpc27ZbJT7CRp-G-CWUblN7VbiFIyjWICDB8I0HPufqNqYjK9_ykMBBlBIGHRJrZ4HBIwy_ZCT0uNtF9dom6DPe6ZN4AV4Pwha0TEcG2Qq1jS0k1&t=f2cd5c5, line 103: TypeError: this._popupElement is null
JavaScript error: http://pctel3.duckdns.org:8008/ScriptResource.axd?d=tezwe4yVLvov9ShS4hUEzpLRt4SwCZErcEgAvsyExf_pqOe_nvs5Z-mYK-Zuzpc27ZbJT7CRp-G-CWUblN7VbiFIyjWICDB8I0HPufqNqYjK9_ykMBBlBIGHRJrZ4HBIwy_ZCT0uNtF9dom6DPe6ZN4AV4Pwha0TEcG2Qq1jS0k1&t=f2cd5c5, line 103: TypeError: this._popupElement is null
JavaScript error: http://pctel3.duckdns.org:8008/ScriptResource.axd?d=tezwe4yVLvov9ShS4hUEzpLRt4SwCZErcEgAvsyExf_pqOe_nvs5Z-mYK-Zuzpc27ZbJT7CRp-G-CWUblN7VbiFIyjWICDB8I0HPufqNqYjK9_ykMBBlBIGHRJrZ4HBIwy_ZCT0uNtF9dom6DPe6ZN4AV4Pwha0TEcG2Qq1jS0k1&t=f2cd5c5, line 103: TypeError: this._popupElement is null
JavaScript error: http://pctel3.duckdns.org:8008/ScriptResource.axd?d=tezwe4yVLvov9ShS4hUEzpLRt4SwCZErcEgAvsyExf_pqOe_nvs5Z-mYK-Zuzpc27ZbJT7CRp-G-CWUblN7VbiFIyjWICDB8I0HPufqNqYjK9_ykMBBlBIGHRJrZ4HBIwy_ZCT0uNtF9dom6DPe6ZN4AV4Pwha0TEcG2Qq1jS0k1&t=f2cd5c5, line 103: TypeError: this._popupElement is null
JavaScript error: http://pctel3.duckdns.org:8008/ScriptResource.axd?d=tezwe4yVLvov9ShS4hUEzpLRt4SwCZErcEgAvsyExf_pqOe_nvs5Z-mYK-Zuzpc27ZbJT7CRp-G-CWUblN7VbiFIyjWICDB8I0HPufqNqYjK9_ykMBBlBIGHRJrZ4HBIwy_ZCT0uNtF9dom6DPe6ZN4AV4Pwha0TEcG2Qq1jS0k1&t=f2cd5c5, line 103: TypeError: this._popupElement is null
JavaScript error: http://pctel3.duckdns.org:8008/ScriptResource.axd?d=tezwe4yVLvov9ShS4hUEzpLRt4SwCZErcEgAvsyExf_pqOe_nvs5Z-mYK-Zuzpc27ZbJT7CRp-G-CWUblN7VbiFIyjWICDB8I0HPufqNqYjK9_ykMBBlBIGHRJrZ4HBIwy_ZCT0uNtF9dom6DPe6ZN4AV4Pwha0TEcG2Qq1jS0k1&t=f2cd5c5, line 103: TypeError: this._popupElement is null
console.log: WebExtensions: reset-default-search: No addons in our list are installed.
JavaScript error: http://pctel3.duckdns.org:8008/ScriptResource.axd?d=tezwe4yVLvov9ShS4hUEzpLRt4SwCZErcEgAvsyExf_pqOe_nvs5Z-mYK-Zuzpc27ZbJT7CRp-G-CWUblN7VbiFIyjWICDB8I0HPufqNqYjK9_ykMBBlBIGHRJrZ4HBIwy_ZCT0uNtF9dom6DPe6ZN4AV4Pwha0TEcG2Qq1jS0k1&t=f2cd5c5, line 103: TypeError: this._popupElement is null
JavaScript error: http://pctel3.duckdns.org:8008/ScriptResource.axd?d=tezwe4yVLvov9ShS4hUEzpLRt4SwCZErcEgAvsyExf_pqOe_nvs5Z-mYK-Zuzpc27ZbJT7CRp-G-CWUblN7VbiFIyjWICDB8I0HPufqNqYjK9_ykMBBlBIGHRJrZ4HBIwy_ZCT0uNtF9dom6DPe6ZN4AV4Pwha0TEcG2Qq1jS0k1&t=f2cd5c5, line 103: TypeError: this._popupElement is null
JavaScript error: http://pctel3.duckdns.org:8008/ScriptResource.axd?d=tezwe4yVLvov9ShS4hUEzpLRt4SwCZErcEgAvsyExf_pqOe_nvs5Z-mYK-Zuzpc27ZbJT7CRp-G-CWUblN7VbiFIyjWICDB8I0HPufqNqYjK9_ykMBBlBIGHRJrZ4HBIwy_ZCT0uNtF9dom6DPe6ZN4AV4Pwha0TEcG2Qq1jS0k1&t=f2cd5c5, line 103: TypeError: this._popupElement is null
JavaScript error: http://pctel3.duckdns.org:8008/ScriptResource.axd?d=tezwe4yVLvov9ShS4hUEzpLRt4SwCZErcEgAvsyExf_pqOe_nvs5Z-mYK-Zuzpc27ZbJT7CRp-G-CWUblN7VbiFIyjWICDB8I0HPufqNqYjK9_ykMBBlBIGHRJrZ4HBIwy_ZCT0uNtF9dom6DPe6ZN4AV4Pwha0TEcG2Qq1jS0k1&t=f2cd5c5, line 103: TypeError: this._popupElement is null
JavaScript error: http://pctel3.duckdns.org:8008/ScriptResource.axd?d=tezwe4yVLvov9ShS4hUEzpLRt4SwCZErcEgAvsyExf_pqOe_nvs5Z-mYK-Zuzpc27ZbJT7CRp-G-CWUblN7VbiFIyjWICDB8I0HPufqNqYjK9_ykMBBlBIGHRJrZ4HBIwy_ZCT0uNtF9dom6DPe6ZN4AV4Pwha0TEcG2Qq1jS0k1&t=f2cd5c5, line 103: TypeError: this._popupElement is null
JavaScript error: http://pctel3.duckdns.org:8008/ScriptResource.axd?d=tezwe4yVLvov9ShS4hUEzpLRt4SwCZErcEgAvsyExf_pqOe_nvs5Z-mYK-Zuzpc27ZbJT7CRp-G-CWUblN7VbiFIyjWICDB8I0HPufqNqYjK9_ykMBBlBIGHRJrZ4HBIwy_ZCT0uNtF9dom6DPe6ZN4AV4Pwha0TEcG2Qq1jS0k1&t=f2cd5c5, line 103: TypeError: this._popupElement is null
JavaScript error: http://pctel3.duckdns.org:8008/ScriptResource.axd?d=tezwe4yVLvov9ShS4hUEzpLRt4SwCZErcEgAvsyExf_pqOe_nvs5Z-mYK-Zuzpc27ZbJT7CRp-G-CWUblN7VbiFIyjWICDB8I0HPufqNqYjK9_ykMBBlBIGHRJrZ4HBIwy_ZCT0uNtF9dom6DPe6ZN4AV4Pwha0TEcG2Qq1jS0k1&t=f2cd5c5, line 103: TypeError: this._popupElement is null
JavaScript error: http://pctel3.duckdns.org:8008/ScriptResource.axd?d=tezwe4yVLvov9ShS4hUEzpLRt4SwCZErcEgAvsyExf_pqOe_nvs5Z-mYK-Zuzpc27ZbJT7CRp-G-CWUblN7VbiFIyjWICDB8I0HPufqNqYjK9_ykMBBlBIGHRJrZ4HBIwy_ZCT0uNtF9dom6DPe6ZN4AV4Pwha0TEcG2Qq1jS0k1&t=f2cd5c5, line 103: TypeError: this._popupElement is null
JavaScript error: http://pctel3.duckdns.org:8008/ScriptResource.axd?d=tezwe4yVLvov9ShS4hUEzpLRt4SwCZErcEgAvsyExf_pqOe_nvs5Z-mYK-Zuzpc27ZbJT7CRp-G-CWUblN7VbiFIyjWICDB8I0HPufqNqYjK9_ykMBBlBIGHRJrZ4HBIwy_ZCT0uNtF9dom6DPe6ZN4AV4Pwha0TEcG2Qq1jS0k1&t=f2cd5c5, line 103: TypeError: this._popupElement is null
JavaScript error: http://pctel3.duckdns.org:8008/ScriptResource.axd?d=tezwe4yVLvov9ShS4hUEzpLRt4SwCZErcEgAvsyExf_pqOe_nvs5Z-mYK-Zuzpc27ZbJT7CRp-G-CWUblN7VbiFIyjWICDB8I0HPufqNqYjK9_ykMBBlBIGHRJrZ4HBIwy_ZCT0uNtF9dom6DPe6ZN4AV4Pwha0TEcG2Qq1jS0k1&t=f2cd5c5, line 103: TypeError: this._popupElement is null
JavaScript error: http://pctel3.duckdns.org:8008/ScriptResource.axd?d=tezwe4yVLvov9ShS4hUEzpLRt4SwCZErcEgAvsyExf_pqOe_nvs5Z-mYK-Zuzpc27ZbJT7CRp-G-CWUblN7VbiFIyjWICDB8I0HPufqNqYjK9_ykMBBlBIGHRJrZ4HBIwy_ZCT0uNtF9dom6DPe6ZN4AV4Pwha0TEcG2Qq1jS0k1&t=f2cd5c5, line 103: TypeError: this._popupElement is null
JavaScript error: http://pctel3.duckdns.org:8008/ScriptResource.axd?d=tezwe4yVLvov9ShS4hUEzpLRt4SwCZErcEgAvsyExf_pqOe_nvs5Z-mYK-Zuzpc27ZbJT7CRp-G-CWUblN7VbiFIyjWICDB8I0HPufqNqYjK9_ykMBBlBIGHRJrZ4HBIwy_ZCT0uNtF9dom6DPe6ZN4AV4Pwha0TEcG2Qq1jS0k1&t=f2cd5c5, line 103: TypeError: this._popupElement is null
JavaScript error: http://pctel3.duckdns.org:8008/ScriptResource.axd?d=tezwe4yVLvov9ShS4hUEzpLRt4SwCZErcEgAvsyExf_pqOe_nvs5Z-mYK-Zuzpc27ZbJT7CRp-G-CWUblN7VbiFIyjWICDB8I0HPufqNqYjK9_ykMBBlBIGHRJrZ4HBIwy_ZCT0uNtF9dom6DPe6ZN4AV4Pwha0TEcG2Qq1jS0k1&t=f2cd5c5, line 103: TypeError: this._popupElement is null
JavaScript error: http://pctel3.duckdns.org:8008/ScriptResource.axd?d=tezwe4yVLvov9ShS4hUEzpLRt4SwCZErcEgAvsyExf_pqOe_nvs5Z-mYK-Zuzpc27ZbJT7CRp-G-CWUblN7VbiFIyjWICDB8I0HPufqNqYjK9_ykMBBlBIGHRJrZ4HBIwy_ZCT0uNtF9dom6DPe6ZN4AV4Pwha0TEcG2Qq1jS0k1&t=f2cd5c5, line 103: TypeError: this._popupElement is null
JavaScript error: http://pctel3.duckdns.org:8008/ScriptResource.axd?d=tezwe4yVLvov9ShS4hUEzpLRt4SwCZErcEgAvsyExf_pqOe_nvs5Z-mYK-Zuzpc27ZbJT7CRp-G-CWUblN7VbiFIyjWICDB8I0HPufqNqYjK9_ykMBBlBIGHRJrZ4HBIwy_ZCT0uNtF9dom6DPe6ZN4AV4Pwha0TEcG2Qq1jS0k1&t=f2cd5c5, line 103: TypeError: this._popupElement is null
JavaScript error: http://pctel3.duckdns.org:8008/ScriptResource.axd?d=tezwe4yVLvov9ShS4hUEzpLRt4SwCZErcEgAvsyExf_pqOe_nvs5Z-mYK-Zuzpc27ZbJT7CRp-G-CWUblN7VbiFIyjWICDB8I0HPufqNqYjK9_ykMBBlBIGHRJrZ4HBIwy_ZCT0uNtF9dom6DPe6ZN4AV4Pwha0TEcG2Qq1jS0k1&t=f2cd5c5, line 103: TypeError: this._popupElement is null
JavaScript error: http://pctel3.duckdns.org:8008/ScriptResource.axd?d=tezwe4yVLvov9ShS4hUEzpLRt4SwCZErcEgAvsyExf_pqOe_nvs5Z-mYK-Zuzpc27ZbJT7CRp-G-CWUblN7VbiFIyjWICDB8I0HPufqNqYjK9_ykMBBlBIGHRJrZ4HBIwy_ZCT0uNtF9dom6DPe6ZN4AV4Pwha0TEcG2Qq1jS0k1&t=f2cd5c5, line 103: TypeError: this._popupElement is null
JavaScript error: http://pctel3.duckdns.org:8008/ScriptResource.axd?d=tezwe4yVLvov9ShS4hUEzpLRt4SwCZErcEgAvsyExf_pqOe_nvs5Z-mYK-Zuzpc27ZbJT7CRp-G-CWUblN7VbiFIyjWICDB8I0HPufqNqYjK9_ykMBBlBIGHRJrZ4HBIwy_ZCT0uNtF9dom6DPe6ZN4AV4Pwha0TEcG2Qq1jS0k1&t=f2cd5c5, line 103: TypeError: this._popupElement is null
JavaScript error: http://pctel3.duckdns.org:8008/ScriptResource.axd?d=tezwe4yVLvov9ShS4hUEzpLRt4SwCZErcEgAvsyExf_pqOe_nvs5Z-mYK-Zuzpc27ZbJT7CRp-G-CWUblN7VbiFIyjWICDB8I0HPufqNqYjK9_ykMBBlBIGHRJrZ4HBIwy_ZCT0uNtF9dom6DPe6ZN4AV4Pwha0TEcG2Qq1jS0k1&t=f2cd5c5, line 103: TypeError: this._popupElement is null
JavaScript error: http://pctel3.duckdns.org:8008/ScriptResource.axd?d=tezwe4yVLvov9ShS4hUEzpLRt4SwCZErcEgAvsyExf_pqOe_nvs5Z-mYK-Zuzpc27ZbJT7CRp-G-CWUblN7VbiFIyjWICDB8I0HPufqNqYjK9_ykMBBlBIGHRJrZ4HBIwy_ZCT0uNtF9dom6DPe6ZN4AV4Pwha0TEcG2Qq1jS0k1&t=f2cd5c5, line 103: TypeError: this._popupElement is null
JavaScript error: http://pctel3.duckdns.org:8008/ScriptResource.axd?d=tezwe4yVLvov9ShS4hUEzpLRt4SwCZErcEgAvsyExf_pqOe_nvs5Z-mYK-Zuzpc27ZbJT7CRp-G-CWUblN7VbiFIyjWICDB8I0HPufqNqYjK9_ykMBBlBIGHRJrZ4HBIwy_ZCT0uNtF9dom6DPe6ZN4AV4Pwha0TEcG2Qq1jS0k1&t=f2cd5c5, line 103: TypeError: this._popupElement is null
JavaScript error: http://pctel3.duckdns.org:8008/ScriptResource.axd?d=tezwe4yVLvov9ShS4hUEzpLRt4SwCZErcEgAvsyExf_pqOe_nvs5Z-mYK-Zuzpc27ZbJT7CRp-G-CWUblN7VbiFIyjWICDB8I0HPufqNqYjK9_ykMBBlBIGHRJrZ4HBIwy_ZCT0uNtF9dom6DPe6ZN4AV4Pwha0TEcG2Qq1jS0k1&t=f2cd5c5, line 103: TypeError: this._popupElement is null
JavaScript error: http://pctel3.duckdns.org:8008/ScriptResource.axd?d=tezwe4yVLvov9ShS4hUEzpLRt4SwCZErcEgAvsyExf_pqOe_nvs5Z-mYK-Zuzpc27ZbJT7CRp-G-CWUblN7VbiFIyjWICDB8I0HPufqNqYjK9_ykMBBlBIGHRJrZ4HBIwy_ZCT0uNtF9dom6DPe6ZN4AV4Pwha0TEcG2Qq1jS0k1&t=f2cd5c5, line 103: TypeError: this._popupElement is null
JavaScript error: http://pctel3.duckdns.org:8008/ScriptResource.axd?d=tezwe4yVLvov9ShS4hUEzpLRt4SwCZErcEgAvsyExf_pqOe_nvs5Z-mYK-Zuzpc27ZbJT7CRp-G-CWUblN7VbiFIyjWICDB8I0HPufqNqYjK9_ykMBBlBIGHRJrZ4HBIwy_ZCT0uNtF9dom6DPe6ZN4AV4Pwha0TEcG2Qq1jS0k1&t=f2cd5c5, line 103: TypeError: this._popupElement is null
JavaScript error: http://pctel3.duckdns.org:8008/ScriptResource.axd?d=tezwe4yVLvov9ShS4hUEzpLRt4SwCZErcEgAvsyExf_pqOe_nvs5Z-mYK-Zuzpc27ZbJT7CRp-G-CWUblN7VbiFIyjWICDB8I0HPufqNqYjK9_ykMBBlBIGHRJrZ4HBIwy_ZCT0uNtF9dom6DPe6ZN4AV4Pwha0TEcG2Qq1jS0k1&t=f2cd5c5, line 103: TypeError: this._popupElement is null
JavaScript error: http://pctel3.duckdns.org:8008/ScriptResource.axd?d=tezwe4yVLvov9ShS4hUEzpLRt4SwCZErcEgAvsyExf_pqOe_nvs5Z-mYK-Zuzpc27ZbJT7CRp-G-CWUblN7VbiFIyjWICDB8I0HPufqNqYjK9_ykMBBlBIGHRJrZ4HBIwy_ZCT0uNtF9dom6DPe6ZN4AV4Pwha0TEcG2Qq1jS0k1&t=f2cd5c5, line 103: TypeError: this._popupElement is null
JavaScript error: http://pctel3.duckdns.org:8008/ScriptResource.axd?d=tezwe4yVLvov9ShS4hUEzpLRt4SwCZErcEgAvsyExf_pqOe_nvs5Z-mYK-Zuzpc27ZbJT7CRp-G-CWUblN7VbiFIyjWICDB8I0HPufqNqYjK9_ykMBBlBIGHRJrZ4HBIwy_ZCT0uNtF9dom6DPe6ZN4AV4Pwha0TEcG2Qq1jS0k1&t=f2cd5c5, line 103: TypeError: this._popupElement is null
JavaScript error: https://pctel3.duckdns.org:40443/libs/js/jquery/jquery-upl-colResizable-1.5.min.js, line 2: TypeError: t.removeClass is not a function
JavaScript error: https://pctel3.duckdns.org:40443/libs/js/jquery/jquery-upl-colResizable-1.5.min.js, line 2: TypeError: t.removeClass is not a function
JavaScript error: http://pctel3.duckdns.org:8008/ScriptResource.axd?d=tezwe4yVLvov9ShS4hUEzpLRt4SwCZErcEgAvsyExf_pqOe_nvs5Z-mYK-Zuzpc27ZbJT7CRp-G-CWUblN7VbiFIyjWICDB8I0HPufqNqYjK9_ykMBBlBIGHRJrZ4HBIwy_ZCT0uNtF9dom6DPe6ZN4AV4Pwha0TEcG2Qq1jS0k1&t=f2cd5c5, line 103: TypeError: this._popupElement is null
JavaScript error: http://pctel3.duckdns.org:8008/ScriptResource.axd?d=tezwe4yVLvov9ShS4hUEzpLRt4SwCZErcEgAvsyExf_pqOe_nvs5Z-mYK-Zuzpc27ZbJT7CRp-G-CWUblN7VbiFIyjWICDB8I0HPufqNqYjK9_ykMBBlBIGHRJrZ4HBIwy_ZCT0uNtF9dom6DPe6ZN4AV4Pwha0TEcG2Qq1jS0k1&t=f2cd5c5, line 103: TypeError: this._popupElement is null
JavaScript error: http://pctel3.duckdns.org:8008/ScriptResource.axd?d=tezwe4yVLvov9ShS4hUEzpLRt4SwCZErcEgAvsyExf_pqOe_nvs5Z-mYK-Zuzpc27ZbJT7CRp-G-CWUblN7VbiFIyjWICDB8I0HPufqNqYjK9_ykMBBlBIGHRJrZ4HBIwy_ZCT0uNtF9dom6DPe6ZN4AV4Pwha0TEcG2Qq1jS0k1&t=f2cd5c5, line 103: TypeError: this._popupElement is null
JavaScript error: http://pctel3.duckdns.org:8008/ScriptResource.axd?d=tezwe4yVLvov9ShS4hUEzpLRt4SwCZErcEgAvsyExf_pqOe_nvs5Z-mYK-Zuzpc27ZbJT7CRp-G-CWUblN7VbiFIyjWICDB8I0HPufqNqYjK9_ykMBBlBIGHRJrZ4HBIwy_ZCT0uNtF9dom6DPe6ZN4AV4Pwha0TEcG2Qq1jS0k1&t=f2cd5c5, line 103: TypeError: this._popupElement is null
JavaScript error: http://pctel3.duckdns.org:8008/ScriptResource.axd?d=tezwe4yVLvov9ShS4hUEzpLRt4SwCZErcEgAvsyExf_pqOe_nvs5Z-mYK-Zuzpc27ZbJT7CRp-G-CWUblN7VbiFIyjWICDB8I0HPufqNqYjK9_ykMBBlBIGHRJrZ4HBIwy_ZCT0uNtF9dom6DPe6ZN4AV4Pwha0TEcG2Qq1jS0k1&t=f2cd5c5, line 103: TypeError: this._popupElement is null
JavaScript error: http://pctel3.duckdns.org:8008/ScriptResource.axd?d=tezwe4yVLvov9ShS4hUEzpLRt4SwCZErcEgAvsyExf_pqOe_nvs5Z-mYK-Zuzpc27ZbJT7CRp-G-CWUblN7VbiFIyjWICDB8I0HPufqNqYjK9_ykMBBlBIGHRJrZ4HBIwy_ZCT0uNtF9dom6DPe6ZN4AV4Pwha0TEcG2Qq1jS0k1&t=f2cd5c5, line 103: TypeError: this._popupElement is null
JavaScript error: http://pctel3.duckdns.org:8008/ScriptResource.axd?d=tezwe4yVLvov9ShS4hUEzpLRt4SwCZErcEgAvsyExf_pqOe_nvs5Z-mYK-Zuzpc27ZbJT7CRp-G-CWUblN7VbiFIyjWICDB8I0HPufqNqYjK9_ykMBBlBIGHRJrZ4HBIwy_ZCT0uNtF9dom6DPe6ZN4AV4Pwha0TEcG2Qq1jS0k1&t=f2cd5c5, line 103: TypeError: this._popupElement is null
JavaScript error: http://pctel3.duckdns.org:8008/ScriptResource.axd?d=tezwe4yVLvov9ShS4hUEzpLRt4SwCZErcEgAvsyExf_pqOe_nvs5Z-mYK-Zuzpc27ZbJT7CRp-G-CWUblN7VbiFIyjWICDB8I0HPufqNqYjK9_ykMBBlBIGHRJrZ4HBIwy_ZCT0uNtF9dom6DPe6ZN4AV4Pwha0TEcG2Qq1jS0k1&t=f2cd5c5, line 103: TypeError: this._popupElement is null
JavaScript error: http://pctel3.duckdns.org:8008/ScriptResource.axd?d=tezwe4yVLvov9ShS4hUEzpLRt4SwCZErcEgAvsyExf_pqOe_nvs5Z-mYK-Zuzpc27ZbJT7CRp-G-CWUblN7VbiFIyjWICDB8I0HPufqNqYjK9_ykMBBlBIGHRJrZ4HBIwy_ZCT0uNtF9dom6DPe6ZN4AV4Pwha0TEcG2Qq1jS0k1&t=f2cd5c5, line 103: TypeError: this._popupElement is null
JavaScript error: http://pctel3.duckdns.org:8008/ScriptResource.axd?d=tezwe4yVLvov9ShS4hUEzpLRt4SwCZErcEgAvsyExf_pqOe_nvs5Z-mYK-Zuzpc27ZbJT7CRp-G-CWUblN7VbiFIyjWICDB8I0HPufqNqYjK9_ykMBBlBIGHRJrZ4HBIwy_ZCT0uNtF9dom6DPe6ZN4AV4Pwha0TEcG2Qq1jS0k1&t=f2cd5c5, line 103: TypeError: this._popupElement is null
JavaScript error: http://pctel3.duckdns.org:8008/ScriptResource.axd?d=tezwe4yVLvov9ShS4hUEzpLRt4SwCZErcEgAvsyExf_pqOe_nvs5Z-mYK-Zuzpc27ZbJT7CRp-G-CWUblN7VbiFIyjWICDB8I0HPufqNqYjK9_ykMBBlBIGHRJrZ4HBIwy_ZCT0uNtF9dom6DPe6ZN4AV4Pwha0TEcG2Qq1jS0k1&t=f2cd5c5, line 103: TypeError: this._popupElement is null
JavaScript error: http://pctel3.duckdns.org:8008/ScriptResource.axd?d=tezwe4yVLvov9ShS4hUEzpLRt4SwCZErcEgAvsyExf_pqOe_nvs5Z-mYK-Zuzpc27ZbJT7CRp-G-CWUblN7VbiFIyjWICDB8I0HPufqNqYjK9_ykMBBlBIGHRJrZ4HBIwy_ZCT0uNtF9dom6DPe6ZN4AV4Pwha0TEcG2Qq1jS0k1&t=f2cd5c5, line 103: TypeError: this._popupElement is null
JavaScript error: http://pctel3.duckdns.org:8008/ScriptResource.axd?d=tezwe4yVLvov9ShS4hUEzpLRt4SwCZErcEgAvsyExf_pqOe_nvs5Z-mYK-Zuzpc27ZbJT7CRp-G-CWUblN7VbiFIyjWICDB8I0HPufqNqYjK9_ykMBBlBIGHRJrZ4HBIwy_ZCT0uNtF9dom6DPe6ZN4AV4Pwha0TEcG2Qq1jS0k1&t=f2cd5c5, line 103: TypeError: this._popupElement is null
JavaScript error: http://pctel3.duckdns.org:8008/ScriptResource.axd?d=tezwe4yVLvov9ShS4hUEzpLRt4SwCZErcEgAvsyExf_pqOe_nvs5Z-mYK-Zuzpc27ZbJT7CRp-G-CWUblN7VbiFIyjWICDB8I0HPufqNqYjK9_ykMBBlBIGHRJrZ4HBIwy_ZCT0uNtF9dom6DPe6ZN4AV4Pwha0TEcG2Qq1jS0k1&t=f2cd5c5, line 103: TypeError: this._popupElement is null
JavaScript error: http://pctel3.duckdns.org:8008/ScriptResource.axd?d=tezwe4yVLvov9ShS4hUEzpLRt4SwCZErcEgAvsyExf_pqOe_nvs5Z-mYK-Zuzpc27ZbJT7CRp-G-CWUblN7VbiFIyjWICDB8I0HPufqNqYjK9_ykMBBlBIGHRJrZ4HBIwy_ZCT0uNtF9dom6DPe6ZN4AV4Pwha0TEcG2Qq1jS0k1&t=f2cd5c5, line 103: TypeError: this._popupElement is null
JavaScript error: http://pctel3.duckdns.org:8008/ScriptResource.axd?d=tezwe4yVLvov9ShS4hUEzpLRt4SwCZErcEgAvsyExf_pqOe_nvs5Z-mYK-Zuzpc27ZbJT7CRp-G-CWUblN7VbiFIyjWICDB8I0HPufqNqYjK9_ykMBBlBIGHRJrZ4HBIwy_ZCT0uNtF9dom6DPe6ZN4AV4Pwha0TEcG2Qq1jS0k1&t=f2cd5c5, line 103: TypeError: this._popupElement is null
JavaScript error: http://pctel3.duckdns.org:8008/ScriptResource.axd?d=tezwe4yVLvov9ShS4hUEzpLRt4SwCZErcEgAvsyExf_pqOe_nvs5Z-mYK-Zuzpc27ZbJT7CRp-G-CWUblN7VbiFIyjWICDB8I0HPufqNqYjK9_ykMBBlBIGHRJrZ4HBIwy_ZCT0uNtF9dom6DPe6ZN4AV4Pwha0TEcG2Qq1jS0k1&t=f2cd5c5, line 103: TypeError: this._popupElement is null
JavaScript error: http://pctel3.duckdns.org:8008/ScriptResource.axd?d=tezwe4yVLvov9ShS4hUEzpLRt4SwCZErcEgAvsyExf_pqOe_nvs5Z-mYK-Zuzpc27ZbJT7CRp-G-CWUblN7VbiFIyjWICDB8I0HPufqNqYjK9_ykMBBlBIGHRJrZ4HBIwy_ZCT0uNtF9dom6DPe6ZN4AV4Pwha0TEcG2Qq1jS0k1&t=f2cd5c5, line 103: TypeError: this._popupElement is null
JavaScript error: http://pctel3.duckdns.org:8008/ScriptResource.axd?d=tezwe4yVLvov9ShS4hUEzpLRt4SwCZErcEgAvsyExf_pqOe_nvs5Z-mYK-Zuzpc27ZbJT7CRp-G-CWUblN7VbiFIyjWICDB8I0HPufqNqYjK9_ykMBBlBIGHRJrZ4HBIwy_ZCT0uNtF9dom6DPe6ZN4AV4Pwha0TEcG2Qq1jS0k1&t=f2cd5c5, line 103: TypeError: this._popupElement is null
JavaScript error: http://pctel3.duckdns.org:8008/ScriptResource.axd?d=tezwe4yVLvov9ShS4hUEzpLRt4SwCZErcEgAvsyExf_pqOe_nvs5Z-mYK-Zuzpc27ZbJT7CRp-G-CWUblN7VbiFIyjWICDB8I0HPufqNqYjK9_ykMBBlBIGHRJrZ4HBIwy_ZCT0uNtF9dom6DPe6ZN4AV4Pwha0TEcG2Qq1jS0k1&t=f2cd5c5, line 103: TypeError: this._popupElement is null
JavaScript error: http://pctel3.duckdns.org:8008/ScriptResource.axd?d=tezwe4yVLvov9ShS4hUEzpLRt4SwCZErcEgAvsyExf_pqOe_nvs5Z-mYK-Zuzpc27ZbJT7CRp-G-CWUblN7VbiFIyjWICDB8I0HPufqNqYjK9_ykMBBlBIGHRJrZ4HBIwy_ZCT0uNtF9dom6DPe6ZN4AV4Pwha0TEcG2Qq1jS0k1&t=f2cd5c5, line 103: TypeError: this._popupElement is null
JavaScript error: http://pctel3.duckdns.org:8008/ScriptResource.axd?d=tezwe4yVLvov9ShS4hUEzpLRt4SwCZErcEgAvsyExf_pqOe_nvs5Z-mYK-Zuzpc27ZbJT7CRp-G-CWUblN7VbiFIyjWICDB8I0HPufqNqYjK9_ykMBBlBIGHRJrZ4HBIwy_ZCT0uNtF9dom6DPe6ZN4AV4Pwha0TEcG2Qq1jS0k1&t=f2cd5c5, line 103: TypeError: this._popupElement is null
JavaScript error: http://pctel3.duckdns.org:8008/ScriptResource.axd?d=tezwe4yVLvov9ShS4hUEzpLRt4SwCZErcEgAvsyExf_pqOe_nvs5Z-mYK-Zuzpc27ZbJT7CRp-G-CWUblN7VbiFIyjWICDB8I0HPufqNqYjK9_ykMBBlBIGHRJrZ4HBIwy_ZCT0uNtF9dom6DPe6ZN4AV4Pwha0TEcG2Qq1jS0k1&t=f2cd5c5, line 103: TypeError: this._popupElement is null
JavaScript error: http://pctel3.duckdns.org:8008/ScriptResource.axd?d=tezwe4yVLvov9ShS4hUEzpLRt4SwCZErcEgAvsyExf_pqOe_nvs5Z-mYK-Zuzpc27ZbJT7CRp-G-CWUblN7VbiFIyjWICDB8I0HPufqNqYjK9_ykMBBlBIGHRJrZ4HBIwy_ZCT0uNtF9dom6DPe6ZN4AV4Pwha0TEcG2Qq1jS0k1&t=f2cd5c5, line 103: TypeError: this._popupElement is null
JavaScript error: http://pctel3.duckdns.org:8008/ScriptResource.axd?d=tezwe4yVLvov9ShS4hUEzpLRt4SwCZErcEgAvsyExf_pqOe_nvs5Z-mYK-Zuzpc27ZbJT7CRp-G-CWUblN7VbiFIyjWICDB8I0HPufqNqYjK9_ykMBBlBIGHRJrZ4HBIwy_ZCT0uNtF9dom6DPe6ZN4AV4Pwha0TEcG2Qq1jS0k1&t=f2cd5c5, line 103: TypeError: this._popupElement is null
JavaScript error: http://pctel3.duckdns.org:8008/ScriptResource.axd?d=tezwe4yVLvov9ShS4hUEzpLRt4SwCZErcEgAvsyExf_pqOe_nvs5Z-mYK-Zuzpc27ZbJT7CRp-G-CWUblN7VbiFIyjWICDB8I0HPufqNqYjK9_ykMBBlBIGHRJrZ4HBIwy_ZCT0uNtF9dom6DPe6ZN4AV4Pwha0TEcG2Qq1jS0k1&t=f2cd5c5, line 103: TypeError: this._popupElement is null
JavaScript error: http://pctel3.duckdns.org:8008/ScriptResource.axd?d=tezwe4yVLvov9ShS4hUEzpLRt4SwCZErcEgAvsyExf_pqOe_nvs5Z-mYK-Zuzpc27ZbJT7CRp-G-CWUblN7VbiFIyjWICDB8I0HPufqNqYjK9_ykMBBlBIGHRJrZ4HBIwy_ZCT0uNtF9dom6DPe6ZN4AV4Pwha0TEcG2Qq1jS0k1&t=f2cd5c5, line 103: TypeError: this._popupElement is null
JavaScript error: http://pctel3.duckdns.org:8008/ScriptResource.axd?d=tezwe4yVLvov9ShS4hUEzpLRt4SwCZErcEgAvsyExf_pqOe_nvs5Z-mYK-Zuzpc27ZbJT7CRp-G-CWUblN7VbiFIyjWICDB8I0HPufqNqYjK9_ykMBBlBIGHRJrZ4HBIwy_ZCT0uNtF9dom6DPe6ZN4AV4Pwha0TEcG2Qq1jS0k1&t=f2cd5c5, line 103: TypeError: this._popupElement is null
JavaScript error: http://pctel3.duckdns.org:8008/ScriptResource.axd?d=tezwe4yVLvov9ShS4hUEzpLRt4SwCZErcEgAvsyExf_pqOe_nvs5Z-mYK-Zuzpc27ZbJT7CRp-G-CWUblN7VbiFIyjWICDB8I0HPufqNqYjK9_ykMBBlBIGHRJrZ4HBIwy_ZCT0uNtF9dom6DPe6ZN4AV4Pwha0TEcG2Qq1jS0k1&t=f2cd5c5, line 103: TypeError: this._popupElement is null
JavaScript error: http://pctel3.duckdns.org:8008/ScriptResource.axd?d=tezwe4yVLvov9ShS4hUEzpLRt4SwCZErcEgAvsyExf_pqOe_nvs5Z-mYK-Zuzpc27ZbJT7CRp-G-CWUblN7VbiFIyjWICDB8I0HPufqNqYjK9_ykMBBlBIGHRJrZ4HBIwy_ZCT0uNtF9dom6DPe6ZN4AV4Pwha0TEcG2Qq1jS0k1&t=f2cd5c5, line 103: TypeError: this._popupElement is null
JavaScript error: http://pctel3.duckdns.org:8008/ScriptResource.axd?d=tezwe4yVLvov9ShS4hUEzpLRt4SwCZErcEgAvsyExf_pqOe_nvs5Z-mYK-Zuzpc27ZbJT7CRp-G-CWUblN7VbiFIyjWICDB8I0HPufqNqYjK9_ykMBBlBIGHRJrZ4HBIwy_ZCT0uNtF9dom6DPe6ZN4AV4Pwha0TEcG2Qq1jS0k1&t=f2cd5c5, line 103: TypeError: this._popupElement is null
JavaScript error: http://pctel3.duckdns.org:8008/ScriptResource.axd?d=tezwe4yVLvov9ShS4hUEzpLRt4SwCZErcEgAvsyExf_pqOe_nvs5Z-mYK-Zuzpc27ZbJT7CRp-G-CWUblN7VbiFIyjWICDB8I0HPufqNqYjK9_ykMBBlBIGHRJrZ4HBIwy_ZCT0uNtF9dom6DPe6ZN4AV4Pwha0TEcG2Qq1jS0k1&t=f2cd5c5, line 103: TypeError: this._popupElement is null
JavaScript error: http://pctel3.duckdns.org:8008/ScriptResource.axd?d=tezwe4yVLvov9ShS4hUEzpLRt4SwCZErcEgAvsyExf_pqOe_nvs5Z-mYK-Zuzpc27ZbJT7CRp-G-CWUblN7VbiFIyjWICDB8I0HPufqNqYjK9_ykMBBlBIGHRJrZ4HBIwy_ZCT0uNtF9dom6DPe6ZN4AV4Pwha0TEcG2Qq1jS0k1&t=f2cd5c5, line 103: TypeError: this._popupElement is null
JavaScript error: http://pctel3.duckdns.org:8008/ScriptResource.axd?d=tezwe4yVLvov9ShS4hUEzpLRt4SwCZErcEgAvsyExf_pqOe_nvs5Z-mYK-Zuzpc27ZbJT7CRp-G-CWUblN7VbiFIyjWICDB8I0HPufqNqYjK9_ykMBBlBIGHRJrZ4HBIwy_ZCT0uNtF9dom6DPe6ZN4AV4Pwha0TEcG2Qq1jS0k1&t=f2cd5c5, line 103: TypeError: this._popupElement is null
JavaScript error: http://pctel3.duckdns.org:8008/ScriptResource.axd?d=tezwe4yVLvov9ShS4hUEzpLRt4SwCZErcEgAvsyExf_pqOe_nvs5Z-mYK-Zuzpc27ZbJT7CRp-G-CWUblN7VbiFIyjWICDB8I0HPufqNqYjK9_ykMBBlBIGHRJrZ4HBIwy_ZCT0uNtF9dom6DPe6ZN4AV4Pwha0TEcG2Qq1jS0k1&t=f2cd5c5, line 103: TypeError: this._popupElement is null
JavaScript error: http://pctel3.duckdns.org:8008/ScriptResource.axd?d=tezwe4yVLvov9ShS4hUEzpLRt4SwCZErcEgAvsyExf_pqOe_nvs5Z-mYK-Zuzpc27ZbJT7CRp-G-CWUblN7VbiFIyjWICDB8I0HPufqNqYjK9_ykMBBlBIGHRJrZ4HBIwy_ZCT0uNtF9dom6DPe6ZN4AV4Pwha0TEcG2Qq1jS0k1&t=f2cd5c5, line 103: TypeError: this._popupElement is null
JavaScript error: http://pctel3.duckdns.org:8008/ScriptResource.axd?d=tezwe4yVLvov9ShS4hUEzpLRt4SwCZErcEgAvsyExf_pqOe_nvs5Z-mYK-Zuzpc27ZbJT7CRp-G-CWUblN7VbiFIyjWICDB8I0HPufqNqYjK9_ykMBBlBIGHRJrZ4HBIwy_ZCT0uNtF9dom6DPe6ZN4AV4Pwha0TEcG2Qq1jS0k1&t=f2cd5c5, line 103: TypeError: this._popupElement is null
JavaScript error: http://pctel3.duckdns.org:8008/ScriptResource.axd?d=tezwe4yVLvov9ShS4hUEzpLRt4SwCZErcEgAvsyExf_pqOe_nvs5Z-mYK-Zuzpc27ZbJT7CRp-G-CWUblN7VbiFIyjWICDB8I0HPufqNqYjK9_ykMBBlBIGHRJrZ4HBIwy_ZCT0uNtF9dom6DPe6ZN4AV4Pwha0TEcG2Qq1jS0k1&t=f2cd5c5, line 103: TypeError: this._popupElement is null
JavaScript error: http://pctel3.duckdns.org:8008/ScriptResource.axd?d=tezwe4yVLvov9ShS4hUEzpLRt4SwCZErcEgAvsyExf_pqOe_nvs5Z-mYK-Zuzpc27ZbJT7CRp-G-CWUblN7VbiFIyjWICDB8I0HPufqNqYjK9_ykMBBlBIGHRJrZ4HBIwy_ZCT0uNtF9dom6DPe6ZN4AV4Pwha0TEcG2Qq1jS0k1&t=f2cd5c5, line 103: TypeError: this._popupElement is null
JavaScript error: http://pctel3.duckdns.org:8008/ScriptResource.axd?d=tezwe4yVLvov9ShS4hUEzpLRt4SwCZErcEgAvsyExf_pqOe_nvs5Z-mYK-Zuzpc27ZbJT7CRp-G-CWUblN7VbiFIyjWICDB8I0HPufqNqYjK9_ykMBBlBIGHRJrZ4HBIwy_ZCT0uNtF9dom6DPe6ZN4AV4Pwha0TEcG2Qq1jS0k1&t=f2cd5c5, line 103: TypeError: this._popupElement is null
JavaScript error: http://pctel3.duckdns.org:8008/ScriptResource.axd?d=tezwe4yVLvov9ShS4hUEzpLRt4SwCZErcEgAvsyExf_pqOe_nvs5Z-mYK-Zuzpc27ZbJT7CRp-G-CWUblN7VbiFIyjWICDB8I0HPufqNqYjK9_ykMBBlBIGHRJrZ4HBIwy_ZCT0uNtF9dom6DPe6ZN4AV4Pwha0TEcG2Qq1jS0k1&t=f2cd5c5, line 103: TypeError: this._popupElement is null
JavaScript error: http://pctel3.duckdns.org:8008/ScriptResource.axd?d=tezwe4yVLvov9ShS4hUEzpLRt4SwCZErcEgAvsyExf_pqOe_nvs5Z-mYK-Zuzpc27ZbJT7CRp-G-CWUblN7VbiFIyjWICDB8I0HPufqNqYjK9_ykMBBlBIGHRJrZ4HBIwy_ZCT0uNtF9dom6DPe6ZN4AV4Pwha0TEcG2Qq1jS0k1&t=f2cd5c5, line 103: TypeError: this._popupElement is null
JavaScript error: http://pctel3.duckdns.org:8008/ScriptResource.axd?d=tezwe4yVLvov9ShS4hUEzpLRt4SwCZErcEgAvsyExf_pqOe_nvs5Z-mYK-Zuzpc27ZbJT7CRp-G-CWUblN7VbiFIyjWICDB8I0HPufqNqYjK9_ykMBBlBIGHRJrZ4HBIwy_ZCT0uNtF9dom6DPe6ZN4AV4Pwha0TEcG2Qq1jS0k1&t=f2cd5c5, line 103: TypeError: this._popupElement is null
JavaScript error: http://pctel3.duckdns.org:8008/ScriptResource.axd?d=tezwe4yVLvov9ShS4hUEzpLRt4SwCZErcEgAvsyExf_pqOe_nvs5Z-mYK-Zuzpc27ZbJT7CRp-G-CWUblN7VbiFIyjWICDB8I0HPufqNqYjK9_ykMBBlBIGHRJrZ4HBIwy_ZCT0uNtF9dom6DPe6ZN4AV4Pwha0TEcG2Qq1jS0k1&t=f2cd5c5, line 103: TypeError: this._popupElement is null
JavaScript error: http://pctel3.duckdns.org:8008/ScriptResource.axd?d=tezwe4yVLvov9ShS4hUEzpLRt4SwCZErcEgAvsyExf_pqOe_nvs5Z-mYK-Zuzpc27ZbJT7CRp-G-CWUblN7VbiFIyjWICDB8I0HPufqNqYjK9_ykMBBlBIGHRJrZ4HBIwy_ZCT0uNtF9dom6DPe6ZN4AV4Pwha0TEcG2Qq1jS0k1&t=f2cd5c5, line 103: TypeError: this._popupElement is null
JavaScript error: http://pctel3.duckdns.org:8008/ScriptResource.axd?d=tezwe4yVLvov9ShS4hUEzpLRt4SwCZErcEgAvsyExf_pqOe_nvs5Z-mYK-Zuzpc27ZbJT7CRp-G-CWUblN7VbiFIyjWICDB8I0HPufqNqYjK9_ykMBBlBIGHRJrZ4HBIwy_ZCT0uNtF9dom6DPe6ZN4AV4Pwha0TEcG2Qq1jS0k1&t=f2cd5c5, line 103: TypeError: this._popupElement is null
JavaScript error: http://pctel3.duckdns.org:8008/ScriptResource.axd?d=tezwe4yVLvov9ShS4hUEzpLRt4SwCZErcEgAvsyExf_pqOe_nvs5Z-mYK-Zuzpc27ZbJT7CRp-G-CWUblN7VbiFIyjWICDB8I0HPufqNqYjK9_ykMBBlBIGHRJrZ4HBIwy_ZCT0uNtF9dom6DPe6ZN4AV4Pwha0TEcG2Qq1jS0k1&t=f2cd5c5, line 103: TypeError: this._popupElement is null
JavaScript error: http://pctel3.duckdns.org:8008/ScriptResource.axd?d=tezwe4yVLvov9ShS4hUEzpLRt4SwCZErcEgAvsyExf_pqOe_nvs5Z-mYK-Zuzpc27ZbJT7CRp-G-CWUblN7VbiFIyjWICDB8I0HPufqNqYjK9_ykMBBlBIGHRJrZ4HBIwy_ZCT0uNtF9dom6DPe6ZN4AV4Pwha0TEcG2Qq1jS0k1&t=f2cd5c5, line 103: TypeError: this._popupElement is null
JavaScript error: http://pctel3.duckdns.org:8008/ScriptResource.axd?d=tezwe4yVLvov9ShS4hUEzpLRt4SwCZErcEgAvsyExf_pqOe_nvs5Z-mYK-Zuzpc27ZbJT7CRp-G-CWUblN7VbiFIyjWICDB8I0HPufqNqYjK9_ykMBBlBIGHRJrZ4HBIwy_ZCT0uNtF9dom6DPe6ZN4AV4Pwha0TEcG2Qq1jS0k1&t=f2cd5c5, line 103: TypeError: this._popupElement is null
JavaScript error: http://pctel3.duckdns.org:8008/ScriptResource.axd?d=tezwe4yVLvov9ShS4hUEzpLRt4SwCZErcEgAvsyExf_pqOe_nvs5Z-mYK-Zuzpc27ZbJT7CRp-G-CWUblN7VbiFIyjWICDB8I0HPufqNqYjK9_ykMBBlBIGHRJrZ4HBIwy_ZCT0uNtF9dom6DPe6ZN4AV4Pwha0TEcG2Qq1jS0k1&t=f2cd5c5, line 103: TypeError: this._popupElement is null
JavaScript error: http://pctel3.duckdns.org:8008/ScriptResource.axd?d=tezwe4yVLvov9ShS4hUEzpLRt4SwCZErcEgAvsyExf_pqOe_nvs5Z-mYK-Zuzpc27ZbJT7CRp-G-CWUblN7VbiFIyjWICDB8I0HPufqNqYjK9_ykMBBlBIGHRJrZ4HBIwy_ZCT0uNtF9dom6DPe6ZN4AV4Pwha0TEcG2Qq1jS0k1&t=f2cd5c5, line 103: TypeError: this._popupElement is null
JavaScript error: http://pctel3.duckdns.org:8008/ScriptResource.axd?d=tezwe4yVLvov9ShS4hUEzpLRt4SwCZErcEgAvsyExf_pqOe_nvs5Z-mYK-Zuzpc27ZbJT7CRp-G-CWUblN7VbiFIyjWICDB8I0HPufqNqYjK9_ykMBBlBIGHRJrZ4HBIwy_ZCT0uNtF9dom6DPe6ZN4AV4Pwha0TEcG2Qq1jS0k1&t=f2cd5c5, line 103: TypeError: this._popupElement is null
JavaScript error: http://pctel3.duckdns.org:8008/ScriptResource.axd?d=tezwe4yVLvov9ShS4hUEzpLRt4SwCZErcEgAvsyExf_pqOe_nvs5Z-mYK-Zuzpc27ZbJT7CRp-G-CWUblN7VbiFIyjWICDB8I0HPufqNqYjK9_ykMBBlBIGHRJrZ4HBIwy_ZCT0uNtF9dom6DPe6ZN4AV4Pwha0TEcG2Qq1jS0k1&t=f2cd5c5, line 103: TypeError: this._popupElement is null
JavaScript error: http://pctel3.duckdns.org:8008/ScriptResource.axd?d=tezwe4yVLvov9ShS4hUEzpLRt4SwCZErcEgAvsyExf_pqOe_nvs5Z-mYK-Zuzpc27ZbJT7CRp-G-CWUblN7VbiFIyjWICDB8I0HPufqNqYjK9_ykMBBlBIGHRJrZ4HBIwy_ZCT0uNtF9dom6DPe6ZN4AV4Pwha0TEcG2Qq1jS0k1&t=f2cd5c5, line 103: TypeError: this._popupElement is null
JavaScript error: http://pctel3.duckdns.org:8008/ScriptResource.axd?d=tezwe4yVLvov9ShS4hUEzpLRt4SwCZErcEgAvsyExf_pqOe_nvs5Z-mYK-Zuzpc27ZbJT7CRp-G-CWUblN7VbiFIyjWICDB8I0HPufqNqYjK9_ykMBBlBIGHRJrZ4HBIwy_ZCT0uNtF9dom6DPe6ZN4AV4Pwha0TEcG2Qq1jS0k1&t=f2cd5c5, line 103: TypeError: this._popupElement is null
JavaScript error: http://pctel3.duckdns.org:8008/ScriptResource.axd?d=tezwe4yVLvov9ShS4hUEzpLRt4SwCZErcEgAvsyExf_pqOe_nvs5Z-mYK-Zuzpc27ZbJT7CRp-G-CWUblN7VbiFIyjWICDB8I0HPufqNqYjK9_ykMBBlBIGHRJrZ4HBIwy_ZCT0uNtF9dom6DPe6ZN4AV4Pwha0TEcG2Qq1jS0k1&t=f2cd5c5, line 103: TypeError: this._popupElement is null
JavaScript error: http://pctel3.duckdns.org:8008/ScriptResource.axd?d=tezwe4yVLvov9ShS4hUEzpLRt4SwCZErcEgAvsyExf_pqOe_nvs5Z-mYK-Zuzpc27ZbJT7CRp-G-CWUblN7VbiFIyjWICDB8I0HPufqNqYjK9_ykMBBlBIGHRJrZ4HBIwy_ZCT0uNtF9dom6DPe6ZN4AV4Pwha0TEcG2Qq1jS0k1&t=f2cd5c5, line 103: TypeError: this._popupElement is null
JavaScript error: http://pctel3.duckdns.org:8008/ScriptResource.axd?d=tezwe4yVLvov9ShS4hUEzpLRt4SwCZErcEgAvsyExf_pqOe_nvs5Z-mYK-Zuzpc27ZbJT7CRp-G-CWUblN7VbiFIyjWICDB8I0HPufqNqYjK9_ykMBBlBIGHRJrZ4HBIwy_ZCT0uNtF9dom6DPe6ZN4AV4Pwha0TEcG2Qq1jS0k1&t=f2cd5c5, line 103: TypeError: this._popupElement is null
JavaScript error: http://pctel3.duckdns.org:8008/ScriptResource.axd?d=tezwe4yVLvov9ShS4hUEzpLRt4SwCZErcEgAvsyExf_pqOe_nvs5Z-mYK-Zuzpc27ZbJT7CRp-G-CWUblN7VbiFIyjWICDB8I0HPufqNqYjK9_ykMBBlBIGHRJrZ4HBIwy_ZCT0uNtF9dom6DPe6ZN4AV4Pwha0TEcG2Qq1jS0k1&t=f2cd5c5, line 103: TypeError: this._popupElement is null
JavaScript error: http://pctel3.duckdns.org:8008/ScriptResource.axd?d=tezwe4yVLvov9ShS4hUEzpLRt4SwCZErcEgAvsyExf_pqOe_nvs5Z-mYK-Zuzpc27ZbJT7CRp-G-CWUblN7VbiFIyjWICDB8I0HPufqNqYjK9_ykMBBlBIGHRJrZ4HBIwy_ZCT0uNtF9dom6DPe6ZN4AV4Pwha0TEcG2Qq1jS0k1&t=f2cd5c5, line 103: TypeError: this._popupElement is null
JavaScript error: http://pctel3.duckdns.org:8008/ScriptResource.axd?d=tezwe4yVLvov9ShS4hUEzpLRt4SwCZErcEgAvsyExf_pqOe_nvs5Z-mYK-Zuzpc27ZbJT7CRp-G-CWUblN7VbiFIyjWICDB8I0HPufqNqYjK9_ykMBBlBIGHRJrZ4HBIwy_ZCT0uNtF9dom6DPe6ZN4AV4Pwha0TEcG2Qq1jS0k1&t=f2cd5c5, line 103: TypeError: this._popupElement is null
JavaScript error: http://pctel3.duckdns.org:8008/ScriptResource.axd?d=tezwe4yVLvov9ShS4hUEzpLRt4SwCZErcEgAvsyExf_pqOe_nvs5Z-mYK-Zuzpc27ZbJT7CRp-G-CWUblN7VbiFIyjWICDB8I0HPufqNqYjK9_ykMBBlBIGHRJrZ4HBIwy_ZCT0uNtF9dom6DPe6ZN4AV4Pwha0TEcG2Qq1jS0k1&t=f2cd5c5, line 103: TypeError: this._popupElement is null
JavaScript error: http://pctel3.duckdns.org:8008/ScriptResource.axd?d=tezwe4yVLvov9ShS4hUEzpLRt4SwCZErcEgAvsyExf_pqOe_nvs5Z-mYK-Zuzpc27ZbJT7CRp-G-CWUblN7VbiFIyjWICDB8I0HPufqNqYjK9_ykMBBlBIGHRJrZ4HBIwy_ZCT0uNtF9dom6DPe6ZN4AV4Pwha0TEcG2Qq1jS0k1&t=f2cd5c5, line 103: TypeError: this._popupElement is null
JavaScript error: http://pctel3.duckdns.org:8008/ScriptResource.axd?d=tezwe4yVLvov9ShS4hUEzpLRt4SwCZErcEgAvsyExf_pqOe_nvs5Z-mYK-Zuzpc27ZbJT7CRp-G-CWUblN7VbiFIyjWICDB8I0HPufqNqYjK9_ykMBBlBIGHRJrZ4HBIwy_ZCT0uNtF9dom6DPe6ZN4AV4Pwha0TEcG2Qq1jS0k1&t=f2cd5c5, line 103: TypeError: this._popupElement is null
JavaScript error: http://pctel3.duckdns.org:8008/ScriptResource.axd?d=tezwe4yVLvov9ShS4hUEzpLRt4SwCZErcEgAvsyExf_pqOe_nvs5Z-mYK-Zuzpc27ZbJT7CRp-G-CWUblN7VbiFIyjWICDB8I0HPufqNqYjK9_ykMBBlBIGHRJrZ4HBIwy_ZCT0uNtF9dom6DPe6ZN4AV4Pwha0TEcG2Qq1jS0k1&t=f2cd5c5, line 103: TypeError: this._popupElement is null
JavaScript error: http://pctel3.duckdns.org:8008/ScriptResource.axd?d=tezwe4yVLvov9ShS4hUEzpLRt4SwCZErcEgAvsyExf_pqOe_nvs5Z-mYK-Zuzpc27ZbJT7CRp-G-CWUblN7VbiFIyjWICDB8I0HPufqNqYjK9_ykMBBlBIGHRJrZ4HBIwy_ZCT0uNtF9dom6DPe6ZN4AV4Pwha0TEcG2Qq1jS0k1&t=f2cd5c5, line 103: TypeError: this._popupElement is null
JavaScript error: http://pctel3.duckdns.org:8008/ScriptResource.axd?d=tezwe4yVLvov9ShS4hUEzpLRt4SwCZErcEgAvsyExf_pqOe_nvs5Z-mYK-Zuzpc27ZbJT7CRp-G-CWUblN7VbiFIyjWICDB8I0HPufqNqYjK9_ykMBBlBIGHRJrZ4HBIwy_ZCT0uNtF9dom6DPe6ZN4AV4Pwha0TEcG2Qq1jS0k1&t=f2cd5c5, line 103: TypeError: this._popupElement is null
JavaScript error: http://pctel3.duckdns.org:8008/ScriptResource.axd?d=tezwe4yVLvov9ShS4hUEzpLRt4SwCZErcEgAvsyExf_pqOe_nvs5Z-mYK-Zuzpc27ZbJT7CRp-G-CWUblN7VbiFIyjWICDB8I0HPufqNqYjK9_ykMBBlBIGHRJrZ4HBIwy_ZCT0uNtF9dom6DPe6ZN4AV4Pwha0TEcG2Qq1jS0k1&t=f2cd5c5, line 103: TypeError: this._popupElement is null
JavaScript error: http://pctel3.duckdns.org:8008/ScriptResource.axd?d=tezwe4yVLvov9ShS4hUEzpLRt4SwCZErcEgAvsyExf_pqOe_nvs5Z-mYK-Zuzpc27ZbJT7CRp-G-CWUblN7VbiFIyjWICDB8I0HPufqNqYjK9_ykMBBlBIGHRJrZ4HBIwy_ZCT0uNtF9dom6DPe6ZN4AV4Pwha0TEcG2Qq1jS0k1&t=f2cd5c5, line 103: TypeError: this._popupElement is null
JavaScript error: http://pctel3.duckdns.org:8008/ScriptResource.axd?d=tezwe4yVLvov9ShS4hUEzpLRt4SwCZErcEgAvsyExf_pqOe_nvs5Z-mYK-Zuzpc27ZbJT7CRp-G-CWUblN7VbiFIyjWICDB8I0HPufqNqYjK9_ykMBBlBIGHRJrZ4HBIwy_ZCT0uNtF9dom6DPe6ZN4AV4Pwha0TEcG2Qq1jS0k1&t=f2cd5c5, line 103: TypeError: this._popupElement is null
JavaScript error: http://pctel3.duckdns.org:8008/ScriptResource.axd?d=tezwe4yVLvov9ShS4hUEzpLRt4SwCZErcEgAvsyExf_pqOe_nvs5Z-mYK-Zuzpc27ZbJT7CRp-G-CWUblN7VbiFIyjWICDB8I0HPufqNqYjK9_ykMBBlBIGHRJrZ4HBIwy_ZCT0uNtF9dom6DPe6ZN4AV4Pwha0TEcG2Qq1jS0k1&t=f2cd5c5, line 103: TypeError: this._popupElement is null
JavaScript error: http://pctel3.duckdns.org:8008/ScriptResource.axd?d=tezwe4yVLvov9ShS4hUEzpLRt4SwCZErcEgAvsyExf_pqOe_nvs5Z-mYK-Zuzpc27ZbJT7CRp-G-CWUblN7VbiFIyjWICDB8I0HPufqNqYjK9_ykMBBlBIGHRJrZ4HBIwy_ZCT0uNtF9dom6DPe6ZN4AV4Pwha0TEcG2Qq1jS0k1&t=f2cd5c5, line 103: TypeError: this._popupElement is null
JavaScript error: http://pctel3.duckdns.org:8008/ScriptResource.axd?d=tezwe4yVLvov9ShS4hUEzpLRt4SwCZErcEgAvsyExf_pqOe_nvs5Z-mYK-Zuzpc27ZbJT7CRp-G-CWUblN7VbiFIyjWICDB8I0HPufqNqYjK9_ykMBBlBIGHRJrZ4HBIwy_ZCT0uNtF9dom6DPe6ZN4AV4Pwha0TEcG2Qq1jS0k1&t=f2cd5c5, line 103: TypeError: this._popupElement is null
JavaScript error: http://pctel3.duckdns.org:8008/ScriptResource.axd?d=tezwe4yVLvov9ShS4hUEzpLRt4SwCZErcEgAvsyExf_pqOe_nvs5Z-mYK-Zuzpc27ZbJT7CRp-G-CWUblN7VbiFIyjWICDB8I0HPufqNqYjK9_ykMBBlBIGHRJrZ4HBIwy_ZCT0uNtF9dom6DPe6ZN4AV4Pwha0TEcG2Qq1jS0k1&t=f2cd5c5, line 103: TypeError: this._popupElement is null
JavaScript error: http://pctel3.duckdns.org:8008/ScriptResource.axd?d=tezwe4yVLvov9ShS4hUEzpLRt4SwCZErcEgAvsyExf_pqOe_nvs5Z-mYK-Zuzpc27ZbJT7CRp-G-CWUblN7VbiFIyjWICDB8I0HPufqNqYjK9_ykMBBlBIGHRJrZ4HBIwy_ZCT0uNtF9dom6DPe6ZN4AV4Pwha0TEcG2Qq1jS0k1&t=f2cd5c5, line 103: TypeError: this._popupElement is null
JavaScript error: http://pctel3.duckdns.org:8008/ScriptResource.axd?d=tezwe4yVLvov9ShS4hUEzpLRt4SwCZErcEgAvsyExf_pqOe_nvs5Z-mYK-Zuzpc27ZbJT7CRp-G-CWUblN7VbiFIyjWICDB8I0HPufqNqYjK9_ykMBBlBIGHRJrZ4HBIwy_ZCT0uNtF9dom6DPe6ZN4AV4Pwha0TEcG2Qq1jS0k1&t=f2cd5c5, line 103: TypeError: this._popupElement is null
JavaScript error: http://pctel3.duckdns.org:8008/ScriptResource.axd?d=tezwe4yVLvov9ShS4hUEzpLRt4SwCZErcEgAvsyExf_pqOe_nvs5Z-mYK-Zuzpc27ZbJT7CRp-G-CWUblN7VbiFIyjWICDB8I0HPufqNqYjK9_ykMBBlBIGHRJrZ4HBIwy_ZCT0uNtF9dom6DPe6ZN4AV4Pwha0TEcG2Qq1jS0k1&t=f2cd5c5, line 103: TypeError: this._popupElement is null
JavaScript error: http://pctel3.duckdns.org:8008/ScriptResource.axd?d=tezwe4yVLvov9ShS4hUEzpLRt4SwCZErcEgAvsyExf_pqOe_nvs5Z-mYK-Zuzpc27ZbJT7CRp-G-CWUblN7VbiFIyjWICDB8I0HPufqNqYjK9_ykMBBlBIGHRJrZ4HBIwy_ZCT0uNtF9dom6DPe6ZN4AV4Pwha0TEcG2Qq1jS0k1&t=f2cd5c5, line 103: TypeError: this._popupElement is null
JavaScript error: http://pctel3.duckdns.org:8008/ScriptResource.axd?d=tezwe4yVLvov9ShS4hUEzpLRt4SwCZErcEgAvsyExf_pqOe_nvs5Z-mYK-Zuzpc27ZbJT7CRp-G-CWUblN7VbiFIyjWICDB8I0HPufqNqYjK9_ykMBBlBIGHRJrZ4HBIwy_ZCT0uNtF9dom6DPe6ZN4AV4Pwha0TEcG2Qq1jS0k1&t=f2cd5c5, line 103: TypeError: this._popupElement is null
JavaScript error: http://pctel3.duckdns.org:8008/ScriptResource.axd?d=tezwe4yVLvov9ShS4hUEzpLRt4SwCZErcEgAvsyExf_pqOe_nvs5Z-mYK-Zuzpc27ZbJT7CRp-G-CWUblN7VbiFIyjWICDB8I0HPufqNqYjK9_ykMBBlBIGHRJrZ4HBIwy_ZCT0uNtF9dom6DPe6ZN4AV4Pwha0TEcG2Qq1jS0k1&t=f2cd5c5, line 103: TypeError: this._popupElement is null
JavaScript error: http://pctel3.duckdns.org:8008/ScriptResource.axd?d=tezwe4yVLvov9ShS4hUEzpLRt4SwCZErcEgAvsyExf_pqOe_nvs5Z-mYK-Zuzpc27ZbJT7CRp-G-CWUblN7VbiFIyjWICDB8I0HPufqNqYjK9_ykMBBlBIGHRJrZ4HBIwy_ZCT0uNtF9dom6DPe6ZN4AV4Pwha0TEcG2Qq1jS0k1&t=f2cd5c5, line 103: TypeError: this._popupElement is null
JavaScript error: http://pctel3.duckdns.org:8008/ScriptResource.axd?d=tezwe4yVLvov9ShS4hUEzpLRt4SwCZErcEgAvsyExf_pqOe_nvs5Z-mYK-Zuzpc27ZbJT7CRp-G-CWUblN7VbiFIyjWICDB8I0HPufqNqYjK9_ykMBBlBIGHRJrZ4HBIwy_ZCT0uNtF9dom6DPe6ZN4AV4Pwha0TEcG2Qq1jS0k1&t=f2cd5c5, line 103: TypeError: this._popupElement is null
JavaScript error: http://pctel3.duckdns.org:8008/ScriptResource.axd?d=tezwe4yVLvov9ShS4hUEzpLRt4SwCZErcEgAvsyExf_pqOe_nvs5Z-mYK-Zuzpc27ZbJT7CRp-G-CWUblN7VbiFIyjWICDB8I0HPufqNqYjK9_ykMBBlBIGHRJrZ4HBIwy_ZCT0uNtF9dom6DPe6ZN4AV4Pwha0TEcG2Qq1jS0k1&t=f2cd5c5, line 103: TypeError: this._popupElement is null
JavaScript error: http://pctel3.duckdns.org:8008/ScriptResource.axd?d=tezwe4yVLvov9ShS4hUEzpLRt4SwCZErcEgAvsyExf_pqOe_nvs5Z-mYK-Zuzpc27ZbJT7CRp-G-CWUblN7VbiFIyjWICDB8I0HPufqNqYjK9_ykMBBlBIGHRJrZ4HBIwy_ZCT0uNtF9dom6DPe6ZN4AV4Pwha0TEcG2Qq1jS0k1&t=f2cd5c5, line 103: TypeError: this._popupElement is null
JavaScript error: http://pctel3.duckdns.org:8008/ScriptResource.axd?d=tezwe4yVLvov9ShS4hUEzpLRt4SwCZErcEgAvsyExf_pqOe_nvs5Z-mYK-Zuzpc27ZbJT7CRp-G-CWUblN7VbiFIyjWICDB8I0HPufqNqYjK9_ykMBBlBIGHRJrZ4HBIwy_ZCT0uNtF9dom6DPe6ZN4AV4Pwha0TEcG2Qq1jS0k1&t=f2cd5c5, line 103: TypeError: this._popupElement is null
JavaScript error: http://pctel3.duckdns.org:8008/ScriptResource.axd?d=tezwe4yVLvov9ShS4hUEzpLRt4SwCZErcEgAvsyExf_pqOe_nvs5Z-mYK-Zuzpc27ZbJT7CRp-G-CWUblN7VbiFIyjWICDB8I0HPufqNqYjK9_ykMBBlBIGHRJrZ4HBIwy_ZCT0uNtF9dom6DPe6ZN4AV4Pwha0TEcG2Qq1jS0k1&t=f2cd5c5, line 103: TypeError: this._popupElement is null
JavaScript error: http://pctel3.duckdns.org:8008/ScriptResource.axd?d=tezwe4yVLvov9ShS4hUEzpLRt4SwCZErcEgAvsyExf_pqOe_nvs5Z-mYK-Zuzpc27ZbJT7CRp-G-CWUblN7VbiFIyjWICDB8I0HPufqNqYjK9_ykMBBlBIGHRJrZ4HBIwy_ZCT0uNtF9dom6DPe6ZN4AV4Pwha0TEcG2Qq1jS0k1&t=f2cd5c5, line 103: TypeError: this._popupElement is null
JavaScript error: http://pctel3.duckdns.org:8008/ScriptResource.axd?d=tezwe4yVLvov9ShS4hUEzpLRt4SwCZErcEgAvsyExf_pqOe_nvs5Z-mYK-Zuzpc27ZbJT7CRp-G-CWUblN7VbiFIyjWICDB8I0HPufqNqYjK9_ykMBBlBIGHRJrZ4HBIwy_ZCT0uNtF9dom6DPe6ZN4AV4Pwha0TEcG2Qq1jS0k1&t=f2cd5c5, line 103: TypeError: this._popupElement is null
JavaScript error: http://pctel3.duckdns.org:8008/ScriptResource.axd?d=tezwe4yVLvov9ShS4hUEzpLRt4SwCZErcEgAvsyExf_pqOe_nvs5Z-mYK-Zuzpc27ZbJT7CRp-G-CWUblN7VbiFIyjWICDB8I0HPufqNqYjK9_ykMBBlBIGHRJrZ4HBIwy_ZCT0uNtF9dom6DPe6ZN4AV4Pwha0TEcG2Qq1jS0k1&t=f2cd5c5, line 103: TypeError: this._popupElement is null
JavaScript error: http://pctel3.duckdns.org:8008/ScriptResource.axd?d=tezwe4yVLvov9ShS4hUEzpLRt4SwCZErcEgAvsyExf_pqOe_nvs5Z-mYK-Zuzpc27ZbJT7CRp-G-CWUblN7VbiFIyjWICDB8I0HPufqNqYjK9_ykMBBlBIGHRJrZ4HBIwy_ZCT0uNtF9dom6DPe6ZN4AV4Pwha0TEcG2Qq1jS0k1&t=f2cd5c5, line 103: TypeError: this._popupElement is null
JavaScript error: http://pctel3.duckdns.org:8008/ScriptResource.axd?d=tezwe4yVLvov9ShS4hUEzpLRt4SwCZErcEgAvsyExf_pqOe_nvs5Z-mYK-Zuzpc27ZbJT7CRp-G-CWUblN7VbiFIyjWICDB8I0HPufqNqYjK9_ykMBBlBIGHRJrZ4HBIwy_ZCT0uNtF9dom6DPe6ZN4AV4Pwha0TEcG2Qq1jS0k1&t=f2cd5c5, line 103: TypeError: this._popupElement is null
JavaScript error: http://pctel3.duckdns.org:8008/ScriptResource.axd?d=tezwe4yVLvov9ShS4hUEzpLRt4SwCZErcEgAvsyExf_pqOe_nvs5Z-mYK-Zuzpc27ZbJT7CRp-G-CWUblN7VbiFIyjWICDB8I0HPufqNqYjK9_ykMBBlBIGHRJrZ4HBIwy_ZCT0uNtF9dom6DPe6ZN4AV4Pwha0TEcG2Qq1jS0k1&t=f2cd5c5, line 103: TypeError: this._popupElement is null
JavaScript error: http://pctel3.duckdns.org:8008/ScriptResource.axd?d=tezwe4yVLvov9ShS4hUEzpLRt4SwCZErcEgAvsyExf_pqOe_nvs5Z-mYK-Zuzpc27ZbJT7CRp-G-CWUblN7VbiFIyjWICDB8I0HPufqNqYjK9_ykMBBlBIGHRJrZ4HBIwy_ZCT0uNtF9dom6DPe6ZN4AV4Pwha0TEcG2Qq1jS0k1&t=f2cd5c5, line 103: TypeError: this._popupElement is null
JavaScript error: http://pctel3.duckdns.org:8008/ScriptResource.axd?d=tezwe4yVLvov9ShS4hUEzpLRt4SwCZErcEgAvsyExf_pqOe_nvs5Z-mYK-Zuzpc27ZbJT7CRp-G-CWUblN7VbiFIyjWICDB8I0HPufqNqYjK9_ykMBBlBIGHRJrZ4HBIwy_ZCT0uNtF9dom6DPe6ZN4AV4Pwha0TEcG2Qq1jS0k1&t=f2cd5c5, line 103: TypeError: this._popupElement is null
JavaScript error: http://pctel3.duckdns.org:8008/ScriptResource.axd?d=tezwe4yVLvov9ShS4hUEzpLRt4SwCZErcEgAvsyExf_pqOe_nvs5Z-mYK-Zuzpc27ZbJT7CRp-G-CWUblN7VbiFIyjWICDB8I0HPufqNqYjK9_ykMBBlBIGHRJrZ4HBIwy_ZCT0uNtF9dom6DPe6ZN4AV4Pwha0TEcG2Qq1jS0k1&t=f2cd5c5, line 103: TypeError: this._popupElement is null
JavaScript error: http://pctel3.duckdns.org:8008/ScriptResource.axd?d=tezwe4yVLvov9ShS4hUEzpLRt4SwCZErcEgAvsyExf_pqOe_nvs5Z-mYK-Zuzpc27ZbJT7CRp-G-CWUblN7VbiFIyjWICDB8I0HPufqNqYjK9_ykMBBlBIGHRJrZ4HBIwy_ZCT0uNtF9dom6DPe6ZN4AV4Pwha0TEcG2Qq1jS0k1&t=f2cd5c5, line 103: TypeError: this._popupElement is null
JavaScript error: http://pctel3.duckdns.org:8008/ScriptResource.axd?d=tezwe4yVLvov9ShS4hUEzpLRt4SwCZErcEgAvsyExf_pqOe_nvs5Z-mYK-Zuzpc27ZbJT7CRp-G-CWUblN7VbiFIyjWICDB8I0HPufqNqYjK9_ykMBBlBIGHRJrZ4HBIwy_ZCT0uNtF9dom6DPe6ZN4AV4Pwha0TEcG2Qq1jS0k1&t=f2cd5c5, line 103: TypeError: this._popupElement is null
JavaScript error: http://pctel3.duckdns.org:8008/ScriptResource.axd?d=tezwe4yVLvov9ShS4hUEzpLRt4SwCZErcEgAvsyExf_pqOe_nvs5Z-mYK-Zuzpc27ZbJT7CRp-G-CWUblN7VbiFIyjWICDB8I0HPufqNqYjK9_ykMBBlBIGHRJrZ4HBIwy_ZCT0uNtF9dom6DPe6ZN4AV4Pwha0TEcG2Qq1jS0k1&t=f2cd5c5, line 103: TypeError: this._popupElement is null
JavaScript error: http://pctel3.duckdns.org:8008/ScriptResource.axd?d=tezwe4yVLvov9ShS4hUEzpLRt4SwCZErcEgAvsyExf_pqOe_nvs5Z-mYK-Zuzpc27ZbJT7CRp-G-CWUblN7VbiFIyjWICDB8I0HPufqNqYjK9_ykMBBlBIGHRJrZ4HBIwy_ZCT0uNtF9dom6DPe6ZN4AV4Pwha0TEcG2Qq1jS0k1&t=f2cd5c5, line 103: TypeError: this._popupElement is null
JavaScript error: http://pctel3.duckdns.org:8008/ScriptResource.axd?d=tezwe4yVLvov9ShS4hUEzpLRt4SwCZErcEgAvsyExf_pqOe_nvs5Z-mYK-Zuzpc27ZbJT7CRp-G-CWUblN7VbiFIyjWICDB8I0HPufqNqYjK9_ykMBBlBIGHRJrZ4HBIwy_ZCT0uNtF9dom6DPe6ZN4AV4Pwha0TEcG2Qq1jS0k1&t=f2cd5c5, line 103: TypeError: this._popupElement is null
JavaScript error: http://pctel3.duckdns.org:8008/ScriptResource.axd?d=tezwe4yVLvov9ShS4hUEzpLRt4SwCZErcEgAvsyExf_pqOe_nvs5Z-mYK-Zuzpc27ZbJT7CRp-G-CWUblN7VbiFIyjWICDB8I0HPufqNqYjK9_ykMBBlBIGHRJrZ4HBIwy_ZCT0uNtF9dom6DPe6ZN4AV4Pwha0TEcG2Qq1jS0k1&t=f2cd5c5, line 103: TypeError: this._popupElement is null
JavaScript error: http://pctel3.duckdns.org:8008/ScriptResource.axd?d=tezwe4yVLvov9ShS4hUEzpLRt4SwCZErcEgAvsyExf_pqOe_nvs5Z-mYK-Zuzpc27ZbJT7CRp-G-CWUblN7VbiFIyjWICDB8I0HPufqNqYjK9_ykMBBlBIGHRJrZ4HBIwy_ZCT0uNtF9dom6DPe6ZN4AV4Pwha0TEcG2Qq1jS0k1&t=f2cd5c5, line 103: TypeError: this._popupElement is null
JavaScript error: http://pctel3.duckdns.org:8008/ScriptResource.axd?d=tezwe4yVLvov9ShS4hUEzpLRt4SwCZErcEgAvsyExf_pqOe_nvs5Z-mYK-Zuzpc27ZbJT7CRp-G-CWUblN7VbiFIyjWICDB8I0HPufqNqYjK9_ykMBBlBIGHRJrZ4HBIwy_ZCT0uNtF9dom6DPe6ZN4AV4Pwha0TEcG2Qq1jS0k1&t=f2cd5c5, line 103: TypeError: this._popupElement is null
JavaScript error: http://pctel3.duckdns.org:8008/ScriptResource.axd?d=tezwe4yVLvov9ShS4hUEzpLRt4SwCZErcEgAvsyExf_pqOe_nvs5Z-mYK-Zuzpc27ZbJT7CRp-G-CWUblN7VbiFIyjWICDB8I0HPufqNqYjK9_ykMBBlBIGHRJrZ4HBIwy_ZCT0uNtF9dom6DPe6ZN4AV4Pwha0TEcG2Qq1jS0k1&t=f2cd5c5, line 103: TypeError: this._popupElement is null
JavaScript error: http://pctel3.duckdns.org:8008/ScriptResource.axd?d=tezwe4yVLvov9ShS4hUEzpLRt4SwCZErcEgAvsyExf_pqOe_nvs5Z-mYK-Zuzpc27ZbJT7CRp-G-CWUblN7VbiFIyjWICDB8I0HPufqNqYjK9_ykMBBlBIGHRJrZ4HBIwy_ZCT0uNtF9dom6DPe6ZN4AV4Pwha0TEcG2Qq1jS0k1&t=f2cd5c5, line 103: TypeError: this._popupElement is null
JavaScript error: http://pctel3.duckdns.org:8008/ScriptResource.axd?d=tezwe4yVLvov9ShS4hUEzpLRt4SwCZErcEgAvsyExf_pqOe_nvs5Z-mYK-Zuzpc27ZbJT7CRp-G-CWUblN7VbiFIyjWICDB8I0HPufqNqYjK9_ykMBBlBIGHRJrZ4HBIwy_ZCT0uNtF9dom6DPe6ZN4AV4Pwha0TEcG2Qq1jS0k1&t=f2cd5c5, line 103: TypeError: this._popupElement is null
JavaScript error: http://pctel3.duckdns.org:8008/ScriptResource.axd?d=tezwe4yVLvov9ShS4hUEzpLRt4SwCZErcEgAvsyExf_pqOe_nvs5Z-mYK-Zuzpc27ZbJT7CRp-G-CWUblN7VbiFIyjWICDB8I0HPufqNqYjK9_ykMBBlBIGHRJrZ4HBIwy_ZCT0uNtF9dom6DPe6ZN4AV4Pwha0TEcG2Qq1jS0k1&t=f2cd5c5, line 103: TypeError: this._popupElement is null
JavaScript error: http://pctel3.duckdns.org:8008/ScriptResource.axd?d=tezwe4yVLvov9ShS4hUEzpLRt4SwCZErcEgAvsyExf_pqOe_nvs5Z-mYK-Zuzpc27ZbJT7CRp-G-CWUblN7VbiFIyjWICDB8I0HPufqNqYjK9_ykMBBlBIGHRJrZ4HBIwy_ZCT0uNtF9dom6DPe6ZN4AV4Pwha0TEcG2Qq1jS0k1&t=f2cd5c5, line 103: TypeError: this._popupElement is null
JavaScript error: http://pctel3.duckdns.org:8008/ScriptResource.axd?d=tezwe4yVLvov9ShS4hUEzpLRt4SwCZErcEgAvsyExf_pqOe_nvs5Z-mYK-Zuzpc27ZbJT7CRp-G-CWUblN7VbiFIyjWICDB8I0HPufqNqYjK9_ykMBBlBIGHRJrZ4HBIwy_ZCT0uNtF9dom6DPe6ZN4AV4Pwha0TEcG2Qq1jS0k1&t=f2cd5c5, line 103: TypeError: this._popupElement is null
JavaScript error: http://pctel3.duckdns.org:8008/ScriptResource.axd?d=tezwe4yVLvov9ShS4hUEzpLRt4SwCZErcEgAvsyExf_pqOe_nvs5Z-mYK-Zuzpc27ZbJT7CRp-G-CWUblN7VbiFIyjWICDB8I0HPufqNqYjK9_ykMBBlBIGHRJrZ4HBIwy_ZCT0uNtF9dom6DPe6ZN4AV4Pwha0TEcG2Qq1jS0k1&t=f2cd5c5, line 103: TypeError: this._popupElement is null
JavaScript error: http://pctel3.duckdns.org:8008/ScriptResource.axd?d=tezwe4yVLvov9ShS4hUEzpLRt4SwCZErcEgAvsyExf_pqOe_nvs5Z-mYK-Zuzpc27ZbJT7CRp-G-CWUblN7VbiFIyjWICDB8I0HPufqNqYjK9_ykMBBlBIGHRJrZ4HBIwy_ZCT0uNtF9dom6DPe6ZN4AV4Pwha0TEcG2Qq1jS0k1&t=f2cd5c5, line 103: TypeError: this._popupElement is null
JavaScript error: http://pctel3.duckdns.org:8008/ScriptResource.axd?d=tezwe4yVLvov9ShS4hUEzpLRt4SwCZErcEgAvsyExf_pqOe_nvs5Z-mYK-Zuzpc27ZbJT7CRp-G-CWUblN7VbiFIyjWICDB8I0HPufqNqYjK9_ykMBBlBIGHRJrZ4HBIwy_ZCT0uNtF9dom6DPe6ZN4AV4Pwha0TEcG2Qq1jS0k1&t=f2cd5c5, line 103: TypeError: this._popupElement is null
JavaScript error: http://pctel3.duckdns.org:8008/ScriptResource.axd?d=tezwe4yVLvov9ShS4hUEzpLRt4SwCZErcEgAvsyExf_pqOe_nvs5Z-mYK-Zuzpc27ZbJT7CRp-G-CWUblN7VbiFIyjWICDB8I0HPufqNqYjK9_ykMBBlBIGHRJrZ4HBIwy_ZCT0uNtF9dom6DPe6ZN4AV4Pwha0TEcG2Qq1jS0k1&t=f2cd5c5, line 103: TypeError: this._popupElement is null
JavaScript error: http://pctel3.duckdns.org:8008/ScriptResource.axd?d=tezwe4yVLvov9ShS4hUEzpLRt4SwCZErcEgAvsyExf_pqOe_nvs5Z-mYK-Zuzpc27ZbJT7CRp-G-CWUblN7VbiFIyjWICDB8I0HPufqNqYjK9_ykMBBlBIGHRJrZ4HBIwy_ZCT0uNtF9dom6DPe6ZN4AV4Pwha0TEcG2Qq1jS0k1&t=f2cd5c5, line 103: TypeError: this._popupElement is null
JavaScript error: http://pctel3.duckdns.org:8008/ScriptResource.axd?d=tezwe4yVLvov9ShS4hUEzpLRt4SwCZErcEgAvsyExf_pqOe_nvs5Z-mYK-Zuzpc27ZbJT7CRp-G-CWUblN7VbiFIyjWICDB8I0HPufqNqYjK9_ykMBBlBIGHRJrZ4HBIwy_ZCT0uNtF9dom6DPe6ZN4AV4Pwha0TEcG2Qq1jS0k1&t=f2cd5c5, line 103: TypeError: this._popupElement is null
JavaScript error: http://pctel3.duckdns.org:8008/ScriptResource.axd?d=tezwe4yVLvov9ShS4hUEzpLRt4SwCZErcEgAvsyExf_pqOe_nvs5Z-mYK-Zuzpc27ZbJT7CRp-G-CWUblN7VbiFIyjWICDB8I0HPufqNqYjK9_ykMBBlBIGHRJrZ4HBIwy_ZCT0uNtF9dom6DPe6ZN4AV4Pwha0TEcG2Qq1jS0k1&t=f2cd5c5, line 103: TypeError: this._popupElement is null
JavaScript error: http://pctel3.duckdns.org:8008/ScriptResource.axd?d=tezwe4yVLvov9ShS4hUEzpLRt4SwCZErcEgAvsyExf_pqOe_nvs5Z-mYK-Zuzpc27ZbJT7CRp-G-CWUblN7VbiFIyjWICDB8I0HPufqNqYjK9_ykMBBlBIGHRJrZ4HBIwy_ZCT0uNtF9dom6DPe6ZN4AV4Pwha0TEcG2Qq1jS0k1&t=f2cd5c5, line 103: TypeError: this._popupElement is null
JavaScript error: http://pctel3.duckdns.org:8008/ScriptResource.axd?d=tezwe4yVLvov9ShS4hUEzpLRt4SwCZErcEgAvsyExf_pqOe_nvs5Z-mYK-Zuzpc27ZbJT7CRp-G-CWUblN7VbiFIyjWICDB8I0HPufqNqYjK9_ykMBBlBIGHRJrZ4HBIwy_ZCT0uNtF9dom6DPe6ZN4AV4Pwha0TEcG2Qq1jS0k1&t=f2cd5c5, line 103: TypeError: this._popupElement is null
JavaScript error: http://pctel3.duckdns.org:8008/ScriptResource.axd?d=tezwe4yVLvov9ShS4hUEzpLRt4SwCZErcEgAvsyExf_pqOe_nvs5Z-mYK-Zuzpc27ZbJT7CRp-G-CWUblN7VbiFIyjWICDB8I0HPufqNqYjK9_ykMBBlBIGHRJrZ4HBIwy_ZCT0uNtF9dom6DPe6ZN4AV4Pwha0TEcG2Qq1jS0k1&t=f2cd5c5, line 103: TypeError: this._popupElement is null
JavaScript error: http://pctel3.duckdns.org:8008/ScriptResource.axd?d=tezwe4yVLvov9ShS4hUEzpLRt4SwCZErcEgAvsyExf_pqOe_nvs5Z-mYK-Zuzpc27ZbJT7CRp-G-CWUblN7VbiFIyjWICDB8I0HPufqNqYjK9_ykMBBlBIGHRJrZ4HBIwy_ZCT0uNtF9dom6DPe6ZN4AV4Pwha0TEcG2Qq1jS0k1&t=f2cd5c5, line 103: TypeError: this._popupElement is null
JavaScript error: http://pctel3.duckdns.org:8008/ScriptResource.axd?d=tezwe4yVLvov9ShS4hUEzpLRt4SwCZErcEgAvsyExf_pqOe_nvs5Z-mYK-Zuzpc27ZbJT7CRp-G-CWUblN7VbiFIyjWICDB8I0HPufqNqYjK9_ykMBBlBIGHRJrZ4HBIwy_ZCT0uNtF9dom6DPe6ZN4AV4Pwha0TEcG2Qq1jS0k1&t=f2cd5c5, line 103: TypeError: this._popupElement is null
JavaScript error: http://pctel3.duckdns.org:8008/ScriptResource.axd?d=tezwe4yVLvov9ShS4hUEzpLRt4SwCZErcEgAvsyExf_pqOe_nvs5Z-mYK-Zuzpc27ZbJT7CRp-G-CWUblN7VbiFIyjWICDB8I0HPufqNqYjK9_ykMBBlBIGHRJrZ4HBIwy_ZCT0uNtF9dom6DPe6ZN4AV4Pwha0TEcG2Qq1jS0k1&t=f2cd5c5, line 103: TypeError: this._popupElement is null
JavaScript error: http://pctel3.duckdns.org:8008/ScriptResource.axd?d=tezwe4yVLvov9ShS4hUEzpLRt4SwCZErcEgAvsyExf_pqOe_nvs5Z-mYK-Zuzpc27ZbJT7CRp-G-CWUblN7VbiFIyjWICDB8I0HPufqNqYjK9_ykMBBlBIGHRJrZ4HBIwy_ZCT0uNtF9dom6DPe6ZN4AV4Pwha0TEcG2Qq1jS0k1&t=f2cd5c5, line 103: TypeError: this._popupElement is null
JavaScript error: http://pctel3.duckdns.org:8008/ScriptResource.axd?d=tezwe4yVLvov9ShS4hUEzpLRt4SwCZErcEgAvsyExf_pqOe_nvs5Z-mYK-Zuzpc27ZbJT7CRp-G-CWUblN7VbiFIyjWICDB8I0HPufqNqYjK9_ykMBBlBIGHRJrZ4HBIwy_ZCT0uNtF9dom6DPe6ZN4AV4Pwha0TEcG2Qq1jS0k1&t=f2cd5c5, line 103: TypeError: this._popupElement is null
JavaScript error: http://pctel3.duckdns.org:8008/ScriptResource.axd?d=tezwe4yVLvov9ShS4hUEzpLRt4SwCZErcEgAvsyExf_pqOe_nvs5Z-mYK-Zuzpc27ZbJT7CRp-G-CWUblN7VbiFIyjWICDB8I0HPufqNqYjK9_ykMBBlBIGHRJrZ4HBIwy_ZCT0uNtF9dom6DPe6ZN4AV4Pwha0TEcG2Qq1jS0k1&t=f2cd5c5, line 103: TypeError: this._popupElement is null
JavaScript error: http://pctel3.duckdns.org:8008/ScriptResource.axd?d=tezwe4yVLvov9ShS4hUEzpLRt4SwCZErcEgAvsyExf_pqOe_nvs5Z-mYK-Zuzpc27ZbJT7CRp-G-CWUblN7VbiFIyjWICDB8I0HPufqNqYjK9_ykMBBlBIGHRJrZ4HBIwy_ZCT0uNtF9dom6DPe6ZN4AV4Pwha0TEcG2Qq1jS0k1&t=f2cd5c5, line 103: TypeError: this._popupElement is null
JavaScript error: http://pctel3.duckdns.org:8008/ScriptResource.axd?d=tezwe4yVLvov9ShS4hUEzpLRt4SwCZErcEgAvsyExf_pqOe_nvs5Z-mYK-Zuzpc27ZbJT7CRp-G-CWUblN7VbiFIyjWICDB8I0HPufqNqYjK9_ykMBBlBIGHRJrZ4HBIwy_ZCT0uNtF9dom6DPe6ZN4AV4Pwha0TEcG2Qq1jS0k1&t=f2cd5c5, line 103: TypeError: this._popupElement is null
JavaScript error: http://pctel3.duckdns.org:8008/ScriptResource.axd?d=tezwe4yVLvov9ShS4hUEzpLRt4SwCZErcEgAvsyExf_pqOe_nvs5Z-mYK-Zuzpc27ZbJT7CRp-G-CWUblN7VbiFIyjWICDB8I0HPufqNqYjK9_ykMBBlBIGHRJrZ4HBIwy_ZCT0uNtF9dom6DPe6ZN4AV4Pwha0TEcG2Qq1jS0k1&t=f2cd5c5, line 103: TypeError: this._popupElement is null
JavaScript error: http://pctel3.duckdns.org:8008/ScriptResource.axd?d=tezwe4yVLvov9ShS4hUEzpLRt4SwCZErcEgAvsyExf_pqOe_nvs5Z-mYK-Zuzpc27ZbJT7CRp-G-CWUblN7VbiFIyjWICDB8I0HPufqNqYjK9_ykMBBlBIGHRJrZ4HBIwy_ZCT0uNtF9dom6DPe6ZN4AV4Pwha0TEcG2Qq1jS0k1&t=f2cd5c5, line 103: TypeError: this._popupElement is null
JavaScript error: http://pctel3.duckdns.org:8008/ScriptResource.axd?d=tezwe4yVLvov9ShS4hUEzpLRt4SwCZErcEgAvsyExf_pqOe_nvs5Z-mYK-Zuzpc27ZbJT7CRp-G-CWUblN7VbiFIyjWICDB8I0HPufqNqYjK9_ykMBBlBIGHRJrZ4HBIwy_ZCT0uNtF9dom6DPe6ZN4AV4Pwha0TEcG2Qq1jS0k1&t=f2cd5c5, line 103: TypeError: this._popupElement is null
JavaScript error: http://pctel3.duckdns.org:8008/ScriptResource.axd?d=tezwe4yVLvov9ShS4hUEzpLRt4SwCZErcEgAvsyExf_pqOe_nvs5Z-mYK-Zuzpc27ZbJT7CRp-G-CWUblN7VbiFIyjWICDB8I0HPufqNqYjK9_ykMBBlBIGHRJrZ4HBIwy_ZCT0uNtF9dom6DPe6ZN4AV4Pwha0TEcG2Qq1jS0k1&t=f2cd5c5, line 103: TypeError: this._popupElement is null
JavaScript error: http://pctel3.duckdns.org:8008/ScriptResource.axd?d=tezwe4yVLvov9ShS4hUEzpLRt4SwCZErcEgAvsyExf_pqOe_nvs5Z-mYK-Zuzpc27ZbJT7CRp-G-CWUblN7VbiFIyjWICDB8I0HPufqNqYjK9_ykMBBlBIGHRJrZ4HBIwy_ZCT0uNtF9dom6DPe6ZN4AV4Pwha0TEcG2Qq1jS0k1&t=f2cd5c5, line 103: TypeError: this._popupElement is null
JavaScript error: http://pctel3.duckdns.org:8008/ScriptResource.axd?d=tezwe4yVLvov9ShS4hUEzpLRt4SwCZErcEgAvsyExf_pqOe_nvs5Z-mYK-Zuzpc27ZbJT7CRp-G-CWUblN7VbiFIyjWICDB8I0HPufqNqYjK9_ykMBBlBIGHRJrZ4HBIwy_ZCT0uNtF9dom6DPe6ZN4AV4Pwha0TEcG2Qq1jS0k1&t=f2cd5c5, line 103: TypeError: this._popupElement is null
JavaScript error: http://pctel3.duckdns.org:8008/ScriptResource.axd?d=tezwe4yVLvov9ShS4hUEzpLRt4SwCZErcEgAvsyExf_pqOe_nvs5Z-mYK-Zuzpc27ZbJT7CRp-G-CWUblN7VbiFIyjWICDB8I0HPufqNqYjK9_ykMBBlBIGHRJrZ4HBIwy_ZCT0uNtF9dom6DPe6ZN4AV4Pwha0TEcG2Qq1jS0k1&t=f2cd5c5, line 103: TypeError: this._popupElement is null
JavaScript error: http://pctel3.duckdns.org:8008/ScriptResource.axd?d=tezwe4yVLvov9ShS4hUEzpLRt4SwCZErcEgAvsyExf_pqOe_nvs5Z-mYK-Zuzpc27ZbJT7CRp-G-CWUblN7VbiFIyjWICDB8I0HPufqNqYjK9_ykMBBlBIGHRJrZ4HBIwy_ZCT0uNtF9dom6DPe6ZN4AV4Pwha0TEcG2Qq1jS0k1&t=f2cd5c5, line 103: TypeError: this._popupElement is null
JavaScript error: http://pctel3.duckdns.org:8008/ScriptResource.axd?d=tezwe4yVLvov9ShS4hUEzpLRt4SwCZErcEgAvsyExf_pqOe_nvs5Z-mYK-Zuzpc27ZbJT7CRp-G-CWUblN7VbiFIyjWICDB8I0HPufqNqYjK9_ykMBBlBIGHRJrZ4HBIwy_ZCT0uNtF9dom6DPe6ZN4AV4Pwha0TEcG2Qq1jS0k1&t=f2cd5c5, line 103: TypeError: this._popupElement is null
JavaScript error: http://pctel3.duckdns.org:8008/ScriptResource.axd?d=tezwe4yVLvov9ShS4hUEzpLRt4SwCZErcEgAvsyExf_pqOe_nvs5Z-mYK-Zuzpc27ZbJT7CRp-G-CWUblN7VbiFIyjWICDB8I0HPufqNqYjK9_ykMBBlBIGHRJrZ4HBIwy_ZCT0uNtF9dom6DPe6ZN4AV4Pwha0TEcG2Qq1jS0k1&t=f2cd5c5, line 103: TypeError: this._popupElement is null
JavaScript error: http://pctel3.duckdns.org:8008/ScriptResource.axd?d=tezwe4yVLvov9ShS4hUEzpLRt4SwCZErcEgAvsyExf_pqOe_nvs5Z-mYK-Zuzpc27ZbJT7CRp-G-CWUblN7VbiFIyjWICDB8I0HPufqNqYjK9_ykMBBlBIGHRJrZ4HBIwy_ZCT0uNtF9dom6DPe6ZN4AV4Pwha0TEcG2Qq1jS0k1&t=f2cd5c5, line 103: TypeError: this._popupElement is null
JavaScript error: http://pctel3.duckdns.org:8008/ScriptResource.axd?d=tezwe4yVLvov9ShS4hUEzpLRt4SwCZErcEgAvsyExf_pqOe_nvs5Z-mYK-Zuzpc27ZbJT7CRp-G-CWUblN7VbiFIyjWICDB8I0HPufqNqYjK9_ykMBBlBIGHRJrZ4HBIwy_ZCT0uNtF9dom6DPe6ZN4AV4Pwha0TEcG2Qq1jS0k1&t=f2cd5c5, line 103: TypeError: this._popupElement is null
JavaScript error: http://pctel3.duckdns.org:8008/ScriptResource.axd?d=tezwe4yVLvov9ShS4hUEzpLRt4SwCZErcEgAvsyExf_pqOe_nvs5Z-mYK-Zuzpc27ZbJT7CRp-G-CWUblN7VbiFIyjWICDB8I0HPufqNqYjK9_ykMBBlBIGHRJrZ4HBIwy_ZCT0uNtF9dom6DPe6ZN4AV4Pwha0TEcG2Qq1jS0k1&t=f2cd5c5, line 103: TypeError: this._popupElement is null
JavaScript error: http://pctel3.duckdns.org:8008/ScriptResource.axd?d=tezwe4yVLvov9ShS4hUEzpLRt4SwCZErcEgAvsyExf_pqOe_nvs5Z-mYK-Zuzpc27ZbJT7CRp-G-CWUblN7VbiFIyjWICDB8I0HPufqNqYjK9_ykMBBlBIGHRJrZ4HBIwy_ZCT0uNtF9dom6DPe6ZN4AV4Pwha0TEcG2Qq1jS0k1&t=f2cd5c5, line 103: TypeError: this._popupElement is null
JavaScript error: http://pctel3.duckdns.org:8008/ScriptResource.axd?d=tezwe4yVLvov9ShS4hUEzpLRt4SwCZErcEgAvsyExf_pqOe_nvs5Z-mYK-Zuzpc27ZbJT7CRp-G-CWUblN7VbiFIyjWICDB8I0HPufqNqYjK9_ykMBBlBIGHRJrZ4HBIwy_ZCT0uNtF9dom6DPe6ZN4AV4Pwha0TEcG2Qq1jS0k1&t=f2cd5c5, line 103: TypeError: this._popupElement is null
JavaScript error: http://pctel3.duckdns.org:8008/ScriptResource.axd?d=tezwe4yVLvov9ShS4hUEzpLRt4SwCZErcEgAvsyExf_pqOe_nvs5Z-mYK-Zuzpc27ZbJT7CRp-G-CWUblN7VbiFIyjWICDB8I0HPufqNqYjK9_ykMBBlBIGHRJrZ4HBIwy_ZCT0uNtF9dom6DPe6ZN4AV4Pwha0TEcG2Qq1jS0k1&t=f2cd5c5, line 103: TypeError: this._popupElement is null
JavaScript error: http://pctel3.duckdns.org:8008/ScriptResource.axd?d=tezwe4yVLvov9ShS4hUEzpLRt4SwCZErcEgAvsyExf_pqOe_nvs5Z-mYK-Zuzpc27ZbJT7CRp-G-CWUblN7VbiFIyjWICDB8I0HPufqNqYjK9_ykMBBlBIGHRJrZ4HBIwy_ZCT0uNtF9dom6DPe6ZN4AV4Pwha0TEcG2Qq1jS0k1&t=f2cd5c5, line 103: TypeError: this._popupElement is null
JavaScript error: http://pctel3.duckdns.org:8008/ScriptResource.axd?d=tezwe4yVLvov9ShS4hUEzpLRt4SwCZErcEgAvsyExf_pqOe_nvs5Z-mYK-Zuzpc27ZbJT7CRp-G-CWUblN7VbiFIyjWICDB8I0HPufqNqYjK9_ykMBBlBIGHRJrZ4HBIwy_ZCT0uNtF9dom6DPe6ZN4AV4Pwha0TEcG2Qq1jS0k1&t=f2cd5c5, line 103: TypeError: this._popupElement is null
JavaScript error: http://pctel3.duckdns.org:8008/ScriptResource.axd?d=tezwe4yVLvov9ShS4hUEzpLRt4SwCZErcEgAvsyExf_pqOe_nvs5Z-mYK-Zuzpc27ZbJT7CRp-G-CWUblN7VbiFIyjWICDB8I0HPufqNqYjK9_ykMBBlBIGHRJrZ4HBIwy_ZCT0uNtF9dom6DPe6ZN4AV4Pwha0TEcG2Qq1jS0k1&t=f2cd5c5, line 103: TypeError: this._popupElement is null
JavaScript error: http://pctel3.duckdns.org:8008/ScriptResource.axd?d=tezwe4yVLvov9ShS4hUEzpLRt4SwCZErcEgAvsyExf_pqOe_nvs5Z-mYK-Zuzpc27ZbJT7CRp-G-CWUblN7VbiFIyjWICDB8I0HPufqNqYjK9_ykMBBlBIGHRJrZ4HBIwy_ZCT0uNtF9dom6DPe6ZN4AV4Pwha0TEcG2Qq1jS0k1&t=f2cd5c5, line 103: TypeError: this._popupElement is null
JavaScript error: http://pctel3.duckdns.org:8008/ScriptResource.axd?d=tezwe4yVLvov9ShS4hUEzpLRt4SwCZErcEgAvsyExf_pqOe_nvs5Z-mYK-Zuzpc27ZbJT7CRp-G-CWUblN7VbiFIyjWICDB8I0HPufqNqYjK9_ykMBBlBIGHRJrZ4HBIwy_ZCT0uNtF9dom6DPe6ZN4AV4Pwha0TEcG2Qq1jS0k1&t=f2cd5c5, line 103: TypeError: this._popupElement is null
JavaScript error: http://pctel3.duckdns.org:8008/ScriptResource.axd?d=tezwe4yVLvov9ShS4hUEzpLRt4SwCZErcEgAvsyExf_pqOe_nvs5Z-mYK-Zuzpc27ZbJT7CRp-G-CWUblN7VbiFIyjWICDB8I0HPufqNqYjK9_ykMBBlBIGHRJrZ4HBIwy_ZCT0uNtF9dom6DPe6ZN4AV4Pwha0TEcG2Qq1jS0k1&t=f2cd5c5, line 103: TypeError: this._popupElement is null
JavaScript error: http://pctel3.duckdns.org:8008/ScriptResource.axd?d=tezwe4yVLvov9ShS4hUEzpLRt4SwCZErcEgAvsyExf_pqOe_nvs5Z-mYK-Zuzpc27ZbJT7CRp-G-CWUblN7VbiFIyjWICDB8I0HPufqNqYjK9_ykMBBlBIGHRJrZ4HBIwy_ZCT0uNtF9dom6DPe6ZN4AV4Pwha0TEcG2Qq1jS0k1&t=f2cd5c5, line 103: TypeError: this._popupElement is null
JavaScript error: http://pctel3.duckdns.org:8008/ScriptResource.axd?d=tezwe4yVLvov9ShS4hUEzpLRt4SwCZErcEgAvsyExf_pqOe_nvs5Z-mYK-Zuzpc27ZbJT7CRp-G-CWUblN7VbiFIyjWICDB8I0HPufqNqYjK9_ykMBBlBIGHRJrZ4HBIwy_ZCT0uNtF9dom6DPe6ZN4AV4Pwha0TEcG2Qq1jS0k1&t=f2cd5c5, line 103: TypeError: this._popupElement is null
JavaScript error: http://pctel3.duckdns.org:8008/ScriptResource.axd?d=tezwe4yVLvov9ShS4hUEzpLRt4SwCZErcEgAvsyExf_pqOe_nvs5Z-mYK-Zuzpc27ZbJT7CRp-G-CWUblN7VbiFIyjWICDB8I0HPufqNqYjK9_ykMBBlBIGHRJrZ4HBIwy_ZCT0uNtF9dom6DPe6ZN4AV4Pwha0TEcG2Qq1jS0k1&t=f2cd5c5, line 103: TypeError: this._popupElement is null
JavaScript error: http://pctel3.duckdns.org:8008/ScriptResource.axd?d=tezwe4yVLvov9ShS4hUEzpLRt4SwCZErcEgAvsyExf_pqOe_nvs5Z-mYK-Zuzpc27ZbJT7CRp-G-CWUblN7VbiFIyjWICDB8I0HPufqNqYjK9_ykMBBlBIGHRJrZ4HBIwy_ZCT0uNtF9dom6DPe6ZN4AV4Pwha0TEcG2Qq1jS0k1&t=f2cd5c5, line 103: TypeError: this._popupElement is null
JavaScript error: http://pctel3.duckdns.org:8008/ScriptResource.axd?d=tezwe4yVLvov9ShS4hUEzpLRt4SwCZErcEgAvsyExf_pqOe_nvs5Z-mYK-Zuzpc27ZbJT7CRp-G-CWUblN7VbiFIyjWICDB8I0HPufqNqYjK9_ykMBBlBIGHRJrZ4HBIwy_ZCT0uNtF9dom6DPe6ZN4AV4Pwha0TEcG2Qq1jS0k1&t=f2cd5c5, line 103: TypeError: this._popupElement is null
JavaScript error: http://pctel3.duckdns.org:8008/ScriptResource.axd?d=tezwe4yVLvov9ShS4hUEzpLRt4SwCZErcEgAvsyExf_pqOe_nvs5Z-mYK-Zuzpc27ZbJT7CRp-G-CWUblN7VbiFIyjWICDB8I0HPufqNqYjK9_ykMBBlBIGHRJrZ4HBIwy_ZCT0uNtF9dom6DPe6ZN4AV4Pwha0TEcG2Qq1jS0k1&t=f2cd5c5, line 103: TypeError: this._popupElement is null
JavaScript error: http://pctel3.duckdns.org:8008/ScriptResource.axd?d=tezwe4yVLvov9ShS4hUEzpLRt4SwCZErcEgAvsyExf_pqOe_nvs5Z-mYK-Zuzpc27ZbJT7CRp-G-CWUblN7VbiFIyjWICDB8I0HPufqNqYjK9_ykMBBlBIGHRJrZ4HBIwy_ZCT0uNtF9dom6DPe6ZN4AV4Pwha0TEcG2Qq1jS0k1&t=f2cd5c5, line 103: TypeError: this._popupElement is null
JavaScript error: http://pctel3.duckdns.org:8008/ScriptResource.axd?d=tezwe4yVLvov9ShS4hUEzpLRt4SwCZErcEgAvsyExf_pqOe_nvs5Z-mYK-Zuzpc27ZbJT7CRp-G-CWUblN7VbiFIyjWICDB8I0HPufqNqYjK9_ykMBBlBIGHRJrZ4HBIwy_ZCT0uNtF9dom6DPe6ZN4AV4Pwha0TEcG2Qq1jS0k1&t=f2cd5c5, line 103: TypeError: this._popupElement is null
JavaScript error: http://pctel3.duckdns.org:8008/ScriptResource.axd?d=tezwe4yVLvov9ShS4hUEzpLRt4SwCZErcEgAvsyExf_pqOe_nvs5Z-mYK-Zuzpc27ZbJT7CRp-G-CWUblN7VbiFIyjWICDB8I0HPufqNqYjK9_ykMBBlBIGHRJrZ4HBIwy_ZCT0uNtF9dom6DPe6ZN4AV4Pwha0TEcG2Qq1jS0k1&t=f2cd5c5, line 103: TypeError: this._popupElement is null
JavaScript error: http://pctel3.duckdns.org:8008/ScriptResource.axd?d=tezwe4yVLvov9ShS4hUEzpLRt4SwCZErcEgAvsyExf_pqOe_nvs5Z-mYK-Zuzpc27ZbJT7CRp-G-CWUblN7VbiFIyjWICDB8I0HPufqNqYjK9_ykMBBlBIGHRJrZ4HBIwy_ZCT0uNtF9dom6DPe6ZN4AV4Pwha0TEcG2Qq1jS0k1&t=f2cd5c5, line 103: TypeError: this._popupElement is null
JavaScript error: http://pctel3.duckdns.org:8008/ScriptResource.axd?d=tezwe4yVLvov9ShS4hUEzpLRt4SwCZErcEgAvsyExf_pqOe_nvs5Z-mYK-Zuzpc27ZbJT7CRp-G-CWUblN7VbiFIyjWICDB8I0HPufqNqYjK9_ykMBBlBIGHRJrZ4HBIwy_ZCT0uNtF9dom6DPe6ZN4AV4Pwha0TEcG2Qq1jS0k1&t=f2cd5c5, line 103: TypeError: this._popupElement is null
JavaScript error: http://pctel3.duckdns.org:8008/ScriptResource.axd?d=tezwe4yVLvov9ShS4hUEzpLRt4SwCZErcEgAvsyExf_pqOe_nvs5Z-mYK-Zuzpc27ZbJT7CRp-G-CWUblN7VbiFIyjWICDB8I0HPufqNqYjK9_ykMBBlBIGHRJrZ4HBIwy_ZCT0uNtF9dom6DPe6ZN4AV4Pwha0TEcG2Qq1jS0k1&t=f2cd5c5, line 103: TypeError: this._popupElement is null
JavaScript error: http://pctel3.duckdns.org:8008/ScriptResource.axd?d=tezwe4yVLvov9ShS4hUEzpLRt4SwCZErcEgAvsyExf_pqOe_nvs5Z-mYK-Zuzpc27ZbJT7CRp-G-CWUblN7VbiFIyjWICDB8I0HPufqNqYjK9_ykMBBlBIGHRJrZ4HBIwy_ZCT0uNtF9dom6DPe6ZN4AV4Pwha0TEcG2Qq1jS0k1&t=f2cd5c5, line 103: TypeError: this._popupElement is null
JavaScript error: http://pctel3.duckdns.org:8008/ScriptResource.axd?d=tezwe4yVLvov9ShS4hUEzpLRt4SwCZErcEgAvsyExf_pqOe_nvs5Z-mYK-Zuzpc27ZbJT7CRp-G-CWUblN7VbiFIyjWICDB8I0HPufqNqYjK9_ykMBBlBIGHRJrZ4HBIwy_ZCT0uNtF9dom6DPe6ZN4AV4Pwha0TEcG2Qq1jS0k1&t=f2cd5c5, line 103: TypeError: this._popupElement is null
JavaScript error: http://pctel3.duckdns.org:8008/ScriptResource.axd?d=tezwe4yVLvov9ShS4hUEzpLRt4SwCZErcEgAvsyExf_pqOe_nvs5Z-mYK-Zuzpc27ZbJT7CRp-G-CWUblN7VbiFIyjWICDB8I0HPufqNqYjK9_ykMBBlBIGHRJrZ4HBIwy_ZCT0uNtF9dom6DPe6ZN4AV4Pwha0TEcG2Qq1jS0k1&t=f2cd5c5, line 103: TypeError: this._popupElement is null
JavaScript error: http://pctel3.duckdns.org:8008/ScriptResource.axd?d=tezwe4yVLvov9ShS4hUEzpLRt4SwCZErcEgAvsyExf_pqOe_nvs5Z-mYK-Zuzpc27ZbJT7CRp-G-CWUblN7VbiFIyjWICDB8I0HPufqNqYjK9_ykMBBlBIGHRJrZ4HBIwy_ZCT0uNtF9dom6DPe6ZN4AV4Pwha0TEcG2Qq1jS0k1&t=f2cd5c5, line 103: TypeError: this._popupElement is null
JavaScript error: http://pctel3.duckdns.org:8008/ScriptResource.axd?d=tezwe4yVLvov9ShS4hUEzpLRt4SwCZErcEgAvsyExf_pqOe_nvs5Z-mYK-Zuzpc27ZbJT7CRp-G-CWUblN7VbiFIyjWICDB8I0HPufqNqYjK9_ykMBBlBIGHRJrZ4HBIwy_ZCT0uNtF9dom6DPe6ZN4AV4Pwha0TEcG2Qq1jS0k1&t=f2cd5c5, line 103: TypeError: this._popupElement is null
JavaScript error: http://pctel3.duckdns.org:8008/ScriptResource.axd?d=tezwe4yVLvov9ShS4hUEzpLRt4SwCZErcEgAvsyExf_pqOe_nvs5Z-mYK-Zuzpc27ZbJT7CRp-G-CWUblN7VbiFIyjWICDB8I0HPufqNqYjK9_ykMBBlBIGHRJrZ4HBIwy_ZCT0uNtF9dom6DPe6ZN4AV4Pwha0TEcG2Qq1jS0k1&t=f2cd5c5, line 103: TypeError: this._popupElement is null
JavaScript error: http://pctel3.duckdns.org:8008/ScriptResource.axd?d=tezwe4yVLvov9ShS4hUEzpLRt4SwCZErcEgAvsyExf_pqOe_nvs5Z-mYK-Zuzpc27ZbJT7CRp-G-CWUblN7VbiFIyjWICDB8I0HPufqNqYjK9_ykMBBlBIGHRJrZ4HBIwy_ZCT0uNtF9dom6DPe6ZN4AV4Pwha0TEcG2Qq1jS0k1&t=f2cd5c5, line 103: TypeError: this._popupElement is null
JavaScript error: http://pctel3.duckdns.org:8008/ScriptResource.axd?d=tezwe4yVLvov9ShS4hUEzpLRt4SwCZErcEgAvsyExf_pqOe_nvs5Z-mYK-Zuzpc27ZbJT7CRp-G-CWUblN7VbiFIyjWICDB8I0HPufqNqYjK9_ykMBBlBIGHRJrZ4HBIwy_ZCT0uNtF9dom6DPe6ZN4AV4Pwha0TEcG2Qq1jS0k1&t=f2cd5c5, line 103: TypeError: this._popupElement is null
JavaScript error: http://pctel3.duckdns.org:8008/ScriptResource.axd?d=tezwe4yVLvov9ShS4hUEzpLRt4SwCZErcEgAvsyExf_pqOe_nvs5Z-mYK-Zuzpc27ZbJT7CRp-G-CWUblN7VbiFIyjWICDB8I0HPufqNqYjK9_ykMBBlBIGHRJrZ4HBIwy_ZCT0uNtF9dom6DPe6ZN4AV4Pwha0TEcG2Qq1jS0k1&t=f2cd5c5, line 103: TypeError: this._popupElement is null
JavaScript error: http://pctel3.duckdns.org:8008/ScriptResource.axd?d=tezwe4yVLvov9ShS4hUEzpLRt4SwCZErcEgAvsyExf_pqOe_nvs5Z-mYK-Zuzpc27ZbJT7CRp-G-CWUblN7VbiFIyjWICDB8I0HPufqNqYjK9_ykMBBlBIGHRJrZ4HBIwy_ZCT0uNtF9dom6DPe6ZN4AV4Pwha0TEcG2Qq1jS0k1&t=f2cd5c5, line 103: TypeError: this._popupElement is null
JavaScript error: http://pctel3.duckdns.org:8008/ScriptResource.axd?d=tezwe4yVLvov9ShS4hUEzpLRt4SwCZErcEgAvsyExf_pqOe_nvs5Z-mYK-Zuzpc27ZbJT7CRp-G-CWUblN7VbiFIyjWICDB8I0HPufqNqYjK9_ykMBBlBIGHRJrZ4HBIwy_ZCT0uNtF9dom6DPe6ZN4AV4Pwha0TEcG2Qq1jS0k1&t=f2cd5c5, line 103: TypeError: this._popupElement is null
JavaScript error: http://pctel3.duckdns.org:8008/ScriptResource.axd?d=tezwe4yVLvov9ShS4hUEzpLRt4SwCZErcEgAvsyExf_pqOe_nvs5Z-mYK-Zuzpc27ZbJT7CRp-G-CWUblN7VbiFIyjWICDB8I0HPufqNqYjK9_ykMBBlBIGHRJrZ4HBIwy_ZCT0uNtF9dom6DPe6ZN4AV4Pwha0TEcG2Qq1jS0k1&t=f2cd5c5, line 103: TypeError: this._popupElement is null
JavaScript error: http://pctel3.duckdns.org:8008/ScriptResource.axd?d=tezwe4yVLvov9ShS4hUEzpLRt4SwCZErcEgAvsyExf_pqOe_nvs5Z-mYK-Zuzpc27ZbJT7CRp-G-CWUblN7VbiFIyjWICDB8I0HPufqNqYjK9_ykMBBlBIGHRJrZ4HBIwy_ZCT0uNtF9dom6DPe6ZN4AV4Pwha0TEcG2Qq1jS0k1&t=f2cd5c5, line 103: TypeError: this._popupElement is null
JavaScript error: http://pctel3.duckdns.org:8008/ScriptResource.axd?d=tezwe4yVLvov9ShS4hUEzpLRt4SwCZErcEgAvsyExf_pqOe_nvs5Z-mYK-Zuzpc27ZbJT7CRp-G-CWUblN7VbiFIyjWICDB8I0HPufqNqYjK9_ykMBBlBIGHRJrZ4HBIwy_ZCT0uNtF9dom6DPe6ZN4AV4Pwha0TEcG2Qq1jS0k1&t=f2cd5c5, line 103: TypeError: this._popupElement is null
JavaScript error: http://pctel3.duckdns.org:8008/ScriptResource.axd?d=tezwe4yVLvov9ShS4hUEzpLRt4SwCZErcEgAvsyExf_pqOe_nvs5Z-mYK-Zuzpc27ZbJT7CRp-G-CWUblN7VbiFIyjWICDB8I0HPufqNqYjK9_ykMBBlBIGHRJrZ4HBIwy_ZCT0uNtF9dom6DPe6ZN4AV4Pwha0TEcG2Qq1jS0k1&t=f2cd5c5, line 103: TypeError: this._popupElement is null
JavaScript error: http://pctel3.duckdns.org:8008/ScriptResource.axd?d=tezwe4yVLvov9ShS4hUEzpLRt4SwCZErcEgAvsyExf_pqOe_nvs5Z-mYK-Zuzpc27ZbJT7CRp-G-CWUblN7VbiFIyjWICDB8I0HPufqNqYjK9_ykMBBlBIGHRJrZ4HBIwy_ZCT0uNtF9dom6DPe6ZN4AV4Pwha0TEcG2Qq1jS0k1&t=f2cd5c5, line 103: TypeError: this._popupElement is null
JavaScript error: http://pctel3.duckdns.org:8008/ScriptResource.axd?d=tezwe4yVLvov9ShS4hUEzpLRt4SwCZErcEgAvsyExf_pqOe_nvs5Z-mYK-Zuzpc27ZbJT7CRp-G-CWUblN7VbiFIyjWICDB8I0HPufqNqYjK9_ykMBBlBIGHRJrZ4HBIwy_ZCT0uNtF9dom6DPe6ZN4AV4Pwha0TEcG2Qq1jS0k1&t=f2cd5c5, line 103: TypeError: this._popupElement is null
JavaScript error: http://pctel3.duckdns.org:8008/ScriptResource.axd?d=tezwe4yVLvov9ShS4hUEzpLRt4SwCZErcEgAvsyExf_pqOe_nvs5Z-mYK-Zuzpc27ZbJT7CRp-G-CWUblN7VbiFIyjWICDB8I0HPufqNqYjK9_ykMBBlBIGHRJrZ4HBIwy_ZCT0uNtF9dom6DPe6ZN4AV4Pwha0TEcG2Qq1jS0k1&t=f2cd5c5, line 103: TypeError: this._popupElement is null
JavaScript error: http://pctel3.duckdns.org:8008/ScriptResource.axd?d=tezwe4yVLvov9ShS4hUEzpLRt4SwCZErcEgAvsyExf_pqOe_nvs5Z-mYK-Zuzpc27ZbJT7CRp-G-CWUblN7VbiFIyjWICDB8I0HPufqNqYjK9_ykMBBlBIGHRJrZ4HBIwy_ZCT0uNtF9dom6DPe6ZN4AV4Pwha0TEcG2Qq1jS0k1&t=f2cd5c5, line 103: TypeError: this._popupElement is null
JavaScript error: , line 0: NetworkError: AutoCancel
1618585237646	Marionette	INFO	Stopped listening on port 54466
